3861897373 5927 /bin/gzexe
1648879292 23152 /bin/kill
4221046716 64496 /bin/mknod
3270180293 64368 /bin/chown
1426522665 170728 /bin/less
1014579443 376192 /bin/ip
1191211959 10544 /bin/fgconsole
2622629995 30875 /bin/setupcon
2541877396 40152 /bin/mount
3809885580 1777 /bin/zcmp
1437621144 1185 /bin/fsck.btrfs
3675514670 453848 /bin/loginctl
3809660498 35248 /bin/systemd-notify
1237869070 36024 /bin/fuser
3636585131 38944 /bin/ntfstruncate
350225152 265928 /bin/mkfs.btrfs
1372119437 56152 /bin/ln
3960709593 105136 /bin/lowntfs-3g
655704972 35504 /bin/plymouth
1744675028 31440 /bin/uname
2937623667 211224 /bin/grep
491433375 31928 /bin/ntfsls
4156057772 39632 /bin/readlink
2726920881 14328 /bin/ulockmgr_server
304188533 97408 /bin/ps
3589903986 253816 /bin/btrfs-show-super
1796160383 30800 /bin/fusermount
4169774508 26728 /bin/ntfscat
3026215499 249464 /bin/btrfs-calc-size
2686116484 72496 /bin/stty
2423255911 39632 /bin/rmdir
238525241 126584 /bin/dir
451388162 68824 /bin/mt-gnu
2403991455 10256 /bin/lessecho
1124252253 39024 /bin/ntfsfix
1665981964 19320 /bin/run-parts
4202580041 245368 /bin/btrfs-select-super
602241526 2301 /bin/uncompress
3294078344 48128 /bin/login
1182052293 82328 /bin/dumpkeys
346277269 52080 /bin/cat
1421171192 119624 /bin/netstat
2853510216 270136 /bin/btrfs-image
2127463052 19824 /bin/lesskey
693420697 151024 /bin/cp
2359209006 2131 /bin/zforce
1146171843 36296 /bin/setfacl
610828758 56112 /bin/chmod
1314179773 115816 /bin/ss
1548313052 77280 /bin/lsblk
1798485145 31248 /bin/nc.openbsd
3111304989 34920 /bin/ntfscmp
3579644642 278376 /bin/btrfs-convert
1545669832 2037 /bin/zless
283026901 49576 /bin/findmnt
3175721685 31472 /bin/pwd
1879445497 5047 /bin/znew
2561412919 142032 /bin/ntfs-3g
750122352 27280 /bin/false
1160472627 18424 /bin/ntfs-3g.usermap
4161022989 249464 /bin/btrfs-debug-tree
1106321861 31288 /bin/bzcat
2017914075 27280 /bin/true
2943294951 2140 /bin/bzdiff
3231968495 18968 /bin/openvt
1575386598 28 /bin/fgrep
3824667922 520992 /bin/btrfs
2358046406 498936 /bin/journalctl
1106321861 31288 /bin/bunzip2
1997200007 72632 /bin/dd
3275402349 68032 /bin/systemd-tty-ask-password-agent
2345528660 73424 /bin/sed
1491223529 47752 /bin/ntfswipe
2402719342 31408 /bin/sleep
955992126 27432 /bin/whiptail
2603826205 133704 /bin/systemd-tmpfiles
3854352533 89 /bin/red
1396742072 68464 /bin/date
1707206496 36504 /bin/efibootmgr
1904235276 154696 /bin/kmod
4210763362 1964536 /bin/busybox
3503507257 130488 /bin/mv
2465818280 31408 /bin/sync
3996097109 154072 /bin/dash
125123734 678496 /bin/networkctl
3975067825 39952 /bin/setfont
3353391826 10536 /bin/kbd_mode
661366860 383632 /bin/tar
2049807568 44168 /bin/ping
3396370431 47544 /bin/systemd-machine-id-setup
2096822588 60272 /bin/rm
2244253579 44680 /bin/ping6
1986268311 27608 /bin/umount
639227968 449136 /bin/udevadm
3828603637 5764 /bin/zdiff
796364344 1937 /bin/zcat
2152232800 3642 /bin/bzgrep
3061965564 40128 /bin/su
2270131984 76848 /bin/mkdir
3195328013 1037528 /bin/bash
3796749562 39728 /bin/mktemp
652775080 249464 /bin/btrfstune
2214420004 659848 /bin/systemctl
2659086933 30824 /bin/ntfsmove
342493826 10536 /bin/chvt
2857424355 1910 /bin/zmore
168800697 111496 /bin/loadkeys
3491156790 64432 /bin/touch
2201429143 23144 /bin/tailf
1362279082 14768 /bin/mountpoint
2391294731 23752 /bin/getfacl
2263520556 55416 /bin/ntfsinfo
537794776 31376 /bin/echo
3502249158 10416 /bin/tempfile
429482615 14616 /bin/bzip2recover
137480034 126584 /bin/vdir
2145636241 2762 /bin/unicode_start
3640263369 140 /bin/zfgrep
63292544 14752 /bin/chacl
3030411937 14800 /bin/hostname
2553016040 67608 /bin/ntfs-3g.secaudit
2830770625 245368 /bin/btrfs-zero-log
2969835704 28 /bin/egrep
4054810075 64080 /bin/systemd-hwdb
2565604626 249464 /bin/btrfs-map-logical
3845590111 4877 /bin/bzexe
2818068350 1297 /bin/bzmore
136558124 10312 /bin/ntfs-3g.probe
1783680581 98240 /bin/gzip
2460576442 126584 /bin/ls
2156932671 51512 /bin/ed
65368076 51656 /bin/systemd-ask-password
3225323264 60680 /bin/dmesg
602241526 2301 /bin/gunzip
332050615 245368 /bin/btrfs-find-root
2541260597 208480 /bin/nano
2087630715 7764 /bin/lesspipe
1311745570 946 /bin/which
1106321861 31288 /bin/bzip2
874014615 140 /bin/zegrep
1485576912 141472 /bin/cpio
159182688 39344 /bin/systemd-escape
1825524910 39768 /bin/more
990255683 30824 /bin/ntfscluster
333254415 60272 /bin/chgrp
664091198 34928 /bin/ntfsfallocate
303383630 31376 /bin/wdctl
3994878878 5938 /bin/zgrep
2898227125 97912 /bin/df
2746436485 281840 /bin/systemd-inhibit
4216182666 268 /etc/rmt
2643604043 583 /etc/modprobe.d/blacklist-rare-network.conf
1961945707 1603 /etc/modprobe.d/blacklist.conf
3396070614 104 /etc/modprobe.d/mlx4.conf
353783996 210 /etc/modprobe.d/blacklist-firewire.conf
2701038325 347 /etc/modprobe.d/iwlwifi.conf
4254927990 1077 /etc/modprobe.d/blacklist-watchdog.conf
3550578421 325 /etc/modprobe.d/blacklist-ath_pci.conf
1233954081 697 /etc/modprobe.d/blacklist-framebuffer.conf
3877602234 390 /etc/modprobe.d/fbdev-blacklist.conf
192318673 604 /etc/deluser.conf
3829399301 4942 /etc/wgetrc
2630501982 2151 /etc/ppp/options.pptp
1406463280 1093 /etc/ppp/peers/provider
4008952252 2200 /etc/ppp/ip-down.d/0dns-down
693426284 413 /etc/ppp/ip-down.d/000resolvconf
872054824 581 /etc/ppp/ip-down.d/0000usepeerdns
1241765977 922 /etc/ppp/ipv6-up
568761267 1754 /etc/ppp/ip-down
3123196575 13209 /etc/ppp/options
745013418 553 /etc/ppp/ip-up.d/000resolvconf
191593018 4022 /etc/ppp/ip-up.d/0dns-up
3303206708 902 /etc/ppp/ip-up.d/0000usepeerdns
759898232 1892 /etc/ppp/ip-up
2025531808 784 /etc/ppp/ipv6-down
576884142 4605 /etc/thermald/thermal-conf.xml
192267027 508 /etc/thermald/thermal-cpu-cdev-order.xml
3714871705 738 /etc/groff/man.local
3653475305 732 /etc/groff/mdoc.local
2000414314 351 /etc/rc6.d/README
1968837214 9727 /etc/vmware-tools/vm-support
2044955406 4364 /etc/vmware-tools/suspend-vm-default
2416789286 14638 /etc/vmware-tools/scripts/vmware/network
2044955406 4364 /etc/vmware-tools/resume-vm-default
2817569513 453 /etc/vmware-tools/guestproxy-ssl.conf
1090880860 1478 /etc/vmware-tools/statechange.subr
2044955406 4364 /etc/vmware-tools/poweron-vm-default
2633513754 20 /etc/vmware-tools/tools.conf
2044955406 4364 /etc/vmware-tools/poweroff-vm-default
1863358187 3663 /etc/screenrc
4247611854 280 /etc/fuse.conf
1262093186 662 /etc/vim/vimrc.tiny
422508594 2149 /etc/vim/vimrc
1068255591 35 /etc/console-setup/compose.ISO-8859-5.inc
1422919382 36 /etc/console-setup/compose.ISO-8859-11.inc
3816684955 31 /etc/console-setup/compose.KOI8-R.inc
1379041140 1359 /etc/console-setup/remap.inc
3180952471 1449 /etc/console-setup/ISO-8859-1.acm
1730775135 3941 /etc/console-setup/compose.ISO-8859-1.inc
3736643634 155 /etc/console-setup/vtrgb.vga
4167017053 35 /etc/console-setup/compose.ISIRI-3342.inc
520586209 31 /etc/console-setup/compose.VISCII.inc
40091813 4147 /etc/console-setup/Uni2-Fixed16.psf.gz
3359454607 4077 /etc/console-setup/cached.kmap.gz
725297347 3713 /etc/console-setup/compose.ISO-8859-15.inc
4228615701 3967 /etc/console-setup/compose.ISO-8859-13.inc
3866540558 31 /etc/console-setup/compose.KOI8-U.inc
172551258 31 /etc/console-setup/compose.CP1256.inc
936588228 35 /etc/console-setup/compose.ISO-8859-8.inc
120745592 3066 /etc/console-setup/compose.ISO-8859-14.inc
3503036553 158 /etc/console-setup/vtrgb
1144850922 32 /etc/console-setup/compose.TIS-620.inc
173837056 34 /etc/console-setup/compose.ARMSCII-8.inc
746505319 36 /etc/console-setup/compose.GEORGIAN-PS.inc
1089299523 4054 /etc/console-setup/compose.ISO-8859-9.inc
1036369134 35 /etc/console-setup/compose.ISO-8859-6.inc
449276054 3836 /etc/console-setup/compose.ISO-8859-2.inc
4076284082 2943 /etc/console-setup/compose.ISO-8859-4.inc
1373323587 36 /etc/console-setup/compose.ISO-8859-16.inc
136387027 31 /etc/console-setup/compose.CP1255.inc
3375021443 32 /etc/console-setup/compose.IBM1133.inc
1426631249 36 /etc/console-setup/compose.ISO-8859-10.inc
2254973872 3916 /etc/console-setup/compose.ISO-8859-3.inc
3186662161 2188 /etc/console-setup/compose.ISO-8859-7.inc
1055197171 41 /etc/console-setup/compose.GEORGIAN-ACADEMY.inc
256093135 31 /etc/console-setup/compose.CP1251.inc
3116232175 102 /etc/cron.hourly/.placeholder
1099602977 677 /etc/rc3.d/README
3961729206 367 /etc/bindresvport.blacklist
1795210044 1151 /etc/lintianrc
4294967295 0 /etc/sensors.d/.placeholder
1972709618 38 /etc/ld.so.conf.d/fakeroot-x86_64-linux-gnu.conf
4056260198 68 /etc/ld.so.conf.d/x86_64-linux-gnu.conf
1183195723 44 /etc/ld.so.conf.d/libc.conf
3471211030 100 /etc/alternatives/README
517278209 260 /etc/hosts
4072617225 477 /etc/zsh_command_not_found
4171085421 82895 /etc/lvm/lvm.conf
970444758 6816 /etc/overlayroot.conf
3203936952 34 /etc/ec2_version
3416827080 2265 /etc/apm/event.d/20hdparm
3359749574 753 /etc/apm/event.d/anacron
2285224034 100 /etc/sos.conf
1011164322 311 /etc/doc-base/documents/README
2139078538 1756 /etc/ssh/ssh_config
1662331377 300261 /etc/ssh/moduli
2376756868 2540 /etc/ssh/sshd_config
2944263524 400 /etc/ssh/ssh_host_rsa_key.pub
2632756232 100 /etc/ssh/ssh_host_ed25519_key.pub
1876155287 608 /etc/ssh/ssh_host_dsa_key.pub
3342968362 338 /etc/ssh/ssh_import_id
3877437576 180 /etc/ssh/ssh_host_ecdsa_key.pub
4281663514 267 /etc/legal
2259520987 1018 /etc/usb_modeswitch.conf
1668244312 726 /etc/sysctl.d/10-kernel-hardening.conf
202528943 509 /etc/sysctl.d/10-network-security.conf
3845859653 1184 /etc/sysctl.d/10-magic-sysrq.conf
3942353590 519 /etc/sysctl.d/README
2071254174 257 /etc/sysctl.d/10-link-restrictions.conf
4120626747 185 /etc/sysctl.d/99-cloudimg-ipv6.conf
4285822374 77 /etc/sysctl.d/10-console-messages.conf
3647465050 490 /etc/sysctl.d/10-ipv6-privacy.conf
1985817568 1292 /etc/sysctl.d/10-ptrace.conf
3782713160 506 /etc/sysctl.d/10-zeropage.conf
2825824862 3028 /etc/adduser.conf
2403018180 8944 /etc/cupshelpers/preferreddrivers.xml
448658335 355 /etc/kernel/kernel/postinst.d/x-grub-legacy-ec2
530486265 352 /etc/kernel/kernel/postrm.d/x-grub-legacy-ec2
3304714640 196 /etc/kernel/postinst.d/pm-utils
3298852743 858 /etc/kernel/postinst.d/initramfs-tools
3461845403 646 /etc/kernel/postinst.d/zz-update-grub
1584202517 2713 /etc/kernel/postinst.d/apt-auto-removal
31350837 73 /etc/kernel/postinst.d/unattended-upgrades
3587680183 821 /etc/kernel/postrm.d/initramfs-tools
3461845403 646 /etc/kernel/postrm.d/zz-update-grub
3286973660 1455 /etc/apparmor.d/usr.sbin.tcpdump
956670159 14846 /etc/apparmor.d/usr.lib.snapd.snap-confine.real
1315155752 3310 /etc/apparmor.d/sbin.dhclient
16858352 528 /etc/apparmor.d/lxc/lxc-default-cgns
2463898106 479 /etc/apparmor.d/lxc/lxc-default
2349383455 544 /etc/apparmor.d/lxc/lxc-default-with-mounting
695795534 527 /etc/apparmor.d/lxc/lxc-default-with-nesting
2663372295 1391 /etc/apparmor.d/cache/.features
1645399653 1527 /etc/apparmor.d/usr.sbin.rsyslogd
1492275797 123 /etc/apparmor.d/local/usr.sbin.tcpdump
157007594 138 /etc/apparmor.d/local/usr.lib.snapd.snap-confine.real
3307509186 120 /etc/apparmor.d/local/sbin.dhclient
3947212878 124 /etc/apparmor.d/local/usr.sbin.rsyslogd
1848984882 1111 /etc/apparmor.d/local/README
1922748556 124 /etc/apparmor.d/local/usr.sbin.ippusbxd
2488963388 124 /etc/apparmor.d/local/usr.bin.lxc-start
2662937934 135 /etc/apparmor.d/local/usr.lib.lxd.lxd-bridge-proxy
3133265937 198 /etc/apparmor.d/lxc-containers
2982095706 868 /etc/apparmor.d/tunables/xdg-user-dirs
489637289 624 /etc/apparmor.d/tunables/alias
3952234653 376 /etc/apparmor.d/tunables/apparmorfs
661320660 430 /etc/apparmor.d/tunables/securityfs
33325638 983 /etc/apparmor.d/tunables/home
2980530069 440 /etc/apparmor.d/tunables/proc
897764946 368 /etc/apparmor.d/tunables/sys
4016290865 337 /etc/apparmor.d/tunables/home.d/ubuntu
3175016174 792 /etc/apparmor.d/tunables/kernelvars
3785475083 694 /etc/apparmor.d/tunables/global
2476008292 804 /etc/apparmor.d/tunables/dovecot
2167998225 631 /etc/apparmor.d/tunables/multiarch
974216108 730 /etc/apparmor.d/tunables/xdg-user-dirs.d/site.local
728967862 339 /etc/apparmor.d/abstractions/ubuntu-feed-readers
135418911 837 /etc/apparmor.d/abstractions/dbus-session-strict
3289883826 2007 /etc/apparmor.d/abstractions/enchant
3066642664 324 /etc/apparmor.d/abstractions/ubuntu-browsers.d/mailto
2154636505 3588 /etc/apparmor.d/abstractions/ubuntu-browsers.d/java
3606769044 1430 /etc/apparmor.d/abstractions/ubuntu-browsers.d/ubuntu-integration
300036443 334 /etc/apparmor.d/abstractions/ubuntu-browsers.d/plugins-common
2095036204 654 /etc/apparmor.d/abstractions/ubuntu-browsers.d/text-editors
3714903367 795 /etc/apparmor.d/abstractions/ubuntu-browsers.d/user-files
3858895605 168 /etc/apparmor.d/abstractions/ubuntu-browsers.d/ubuntu-integration-xul
2164156406 248 /etc/apparmor.d/abstractions/ubuntu-browsers.d/kde
3815699854 1705 /etc/apparmor.d/abstractions/ubuntu-browsers.d/multimedia
1051033509 993 /etc/apparmor.d/abstractions/ubuntu-browsers.d/productivity
693225014 318 /etc/apparmor.d/abstractions/gnupg
209184026 470 /etc/apparmor.d/abstractions/openssl
966372772 906 /etc/apparmor.d/abstractions/ruby
2537539034 2234 /etc/apparmor.d/abstractions/ubuntu-media-players
3211304247 246 /etc/apparmor.d/abstractions/dconf
3104089318 8246 /etc/apparmor.d/abstractions/lxc/container-base
704885160 1383 /etc/apparmor.d/abstractions/lxc/start-container
3362090040 824 /etc/apparmor.d/abstractions/launchpad-integration
2477898974 2445 /etc/apparmor.d/abstractions/ubuntu-unity7-base
2809898521 798 /etc/apparmor.d/abstractions/consoles
83622734 182 /etc/apparmor.d/abstractions/ubuntu-gnome-terminal
106694590 192 /etc/apparmor.d/abstractions/ubuntu-unity7-messaging
3751237953 739 /etc/apparmor.d/abstractions/winbind
2075086014 654 /etc/apparmor.d/abstractions/user-tmp
381812449 6099 /etc/apparmor.d/abstractions/base
2972882252 899 /etc/apparmor.d/abstractions/p11-kit
440810633 864 /etc/apparmor.d/abstractions/user-write
4202142416 1544 /etc/apparmor.d/abstractions/authentication
714760617 889 /etc/apparmor.d/abstractions/user-manpages
1412360526 640 /etc/apparmor.d/abstractions/ibus
2675117080 1303 /etc/apparmor.d/abstractions/private-files
1277754993 572 /etc/apparmor.d/abstractions/dovecot-common
2476977654 845 /etc/apparmor.d/abstractions/ssl_certs
1410565233 705 /etc/apparmor.d/abstractions/web-data
2410741166 593 /etc/apparmor.d/abstractions/dbus
2711723244 883 /etc/apparmor.d/abstractions/xad
3103433255 686 /etc/apparmor.d/abstractions/ldapclient
2322358523 3298 /etc/apparmor.d/abstractions/ubuntu-helpers
948960056 698 /etc/apparmor.d/abstractions/ubuntu-bittorrent-clients
3989370981 852 /etc/apparmor.d/abstractions/private-files-strict
2832201626 123 /etc/apparmor.d/abstractions/video
1850779145 2975 /etc/apparmor.d/abstractions/gnome
1921595664 585 /etc/apparmor.d/abstractions/wutmp
3016251914 425 /etc/apparmor.d/abstractions/nvidia
657959766 897 /etc/apparmor.d/abstractions/ubuntu-email
3219433974 343 /etc/apparmor.d/abstractions/ubuntu-konsole
3315096633 637 /etc/apparmor.d/abstractions/dbus-accessibility-strict
1397819373 1893 /etc/apparmor.d/abstractions/fonts
4071075375 1723 /etc/apparmor.d/abstractions/freedesktop.org
4084115583 593 /etc/apparmor.d/abstractions/mir
1325493616 673 /etc/apparmor.d/abstractions/xdg-desktop
3364340816 638 /etc/apparmor.d/abstractions/dbus-session
1844800978 476 /etc/apparmor.d/abstractions/smbpass
3631783163 191 /etc/apparmor.d/abstractions/ubuntu-unity7-launcher
3806398046 524 /etc/apparmor.d/abstractions/nis
3848559286 1541 /etc/apparmor.d/abstractions/python
4132247748 748 /etc/apparmor.d/abstractions/samba
3750646571 860 /etc/apparmor.d/abstractions/perl
4170193994 695 /etc/apparmor.d/abstractions/apache2-common
3922829872 641 /etc/apparmor.d/abstractions/mysql
168855085 1512 /etc/apparmor.d/abstractions/bash
4131116984 2061 /etc/apparmor.d/abstractions/kde
3127146296 1819 /etc/apparmor.d/abstractions/X
1907300946 1615 /etc/apparmor.d/abstractions/ubuntu-browsers
3862224092 237 /etc/apparmor.d/abstractions/ubuntu-xterm
1330574209 489 /etc/apparmor.d/abstractions/likewise
3258212976 883 /etc/apparmor.d/abstractions/user-download
1990443915 1646 /etc/apparmor.d/abstractions/svn-repositories
3941800995 677 /etc/apparmor.d/abstractions/dbus-strict
2773817257 436 /etc/apparmor.d/abstractions/mdns
1622019611 837 /etc/apparmor.d/abstractions/user-mail
4163425176 3371 /etc/apparmor.d/abstractions/nameservice
3365264204 1103 /etc/apparmor.d/abstractions/kerberosclient
3476449245 601 /etc/apparmor.d/abstractions/ubuntu-console-email
1439433471 630 /etc/apparmor.d/abstractions/dbus-accessibility
2673143293 714 /etc/apparmor.d/abstractions/cups-client
1894430517 556 /etc/apparmor.d/abstractions/ssl_keys
1897637461 308 /etc/apparmor.d/abstractions/aspell
2422414363 1105 /etc/apparmor.d/abstractions/postfix-common
4082964601 908 /etc/apparmor.d/abstractions/php5
599918112 611 /etc/apparmor.d/abstractions/ubuntu-console-browsers
1791363344 1582 /etc/apparmor.d/abstractions/audio
3328365006 393 /etc/apparmor.d/abstractions/apparmor_api/change_profile
2602922167 625 /etc/apparmor.d/abstractions/apparmor_api/is_enabled
3269336284 476 /etc/apparmor.d/abstractions/apparmor_api/examine
1960946194 475 /etc/apparmor.d/abstractions/apparmor_api/introspect
3875285117 502 /etc/apparmor.d/abstractions/apparmor_api/find_mountpoint
1125420438 93 /etc/apparmor.d/abstractions/orbit2
1223165693 546 /etc/apparmor.d/usr.sbin.ippusbxd
2413826009 125 /etc/apparmor.d/usr.bin.lxc-start
296339861 281 /etc/apparmor.d/usr.lib.lxd.lxd-bridge-proxy
1300908754 79 /etc/logcheck/ignore.d.server/libsasl2-modules
2514292295 3426 /etc/logcheck/ignore.d.server/mdadm
2154442226 804 /etc/logcheck/ignore.d.server/rsyslog
1408412848 411 /etc/logcheck/violations.d/mdadm
3494745702 729 /etc/emacs/site-start.d/50autoconf.el
2863408866 1824 /etc/emacs/site-start.d/00debian-vars.el
241557001 1799 /etc/emacs/site-start.d/50dictionaries-common.el
685843474 412 /etc/emacs/site-start.el
2259890927 306 /etc/rc.local
2631738436 3033 /etc/cloud/cloud.cfg
3107040670 1431 /etc/cloud/templates/sources.list.debian.tmpl
2503871827 812 /etc/cloud/templates/resolv.conf.tmpl
290476156 866 /etc/cloud/templates/hosts.suse.tmpl
1920272683 2841 /etc/cloud/templates/sources.list.ubuntu.tmpl
1010332500 2509 /etc/cloud/templates/ntp.conf.ubuntu.tmpl
2933968568 2150 /etc/cloud/templates/ntp.conf.debian.tmpl
2211768811 3182 /etc/cloud/templates/ntp.conf.sles.tmpl
1036978246 912 /etc/cloud/templates/hosts.redhat.tmpl
2783906590 1488 /etc/cloud/templates/chef_client.rb.tmpl
3798657118 2074 /etc/cloud/templates/ntp.conf.fedora.tmpl
3099416098 887 /etc/cloud/templates/hosts.debian.tmpl
1924649209 1852 /etc/cloud/templates/ntp.conf.rhel.tmpl
2919673928 914 /etc/cloud/templates/hosts.freebsd.tmpl
2723819786 36 /etc/cloud/build.info
1716734900 141 /etc/cloud/cloud.cfg.d/README
221405063 2057 /etc/cloud/cloud.cfg.d/05_logging.cfg
3490046401 220 /etc/cloud/cloud.cfg.d/90_dpkg.cfg
3433344815 214 /etc/grub.d/40_custom
2153612492 483 /etc/grub.d/README
1320454770 1418 /etc/grub.d/30_uefi-firmware
1353756244 11082 /etc/grub.d/20_linux_xen
1841422718 12512 /etc/grub.d/10_linux
2426616601 9791 /etc/grub.d/00_header
557389724 216 /etc/grub.d/41_custom
3746375716 11692 /etc/grub.d/30_os-prober
3472660422 6258 /etc/grub.d/05_debian_theme
3027978233 3125 /etc/apt/sources.list
1092573501 769 /etc/apt/apt.conf.d/01autoremove
3236087460 42 /etc/apt/apt.conf.d/01-vendor-ubuntu
4170007483 182 /etc/apt/apt.conf.d/70debconf
2217576416 85 /etc/apt/apt.conf.d/20archive
3889004265 108 /etc/apt/apt.conf.d/15update-stamp
2569070671 3390 /etc/apt/apt.conf.d/01autoremove-kernels
1360122534 80 /etc/apt/apt.conf.d/20auto-upgrades
1296353262 1432 /etc/apt/apt.conf.d/50appstream
3259493186 80 /etc/apt/apt.conf.d/90cloud-init-pipelining
84366030 305 /etc/apt/apt.conf.d/99update-notifier
1970570349 129 /etc/apt/apt.conf.d/10periodic
2226510100 2656 /etc/apt/apt.conf.d/50unattended-upgrades
987044542 12255 /etc/apt/trusted.gpg
575923495 1475 /etc/apparmor/parser.conf
84381110 1962 /etc/apparmor/subdomain.conf
1883163582 1804 /etc/passwd
3614752114 575 /etc/profile
3098937293 719 /etc/NetworkManager/dispatcher.d/hook-network-manager
193039045 369 /etc/rc1.d/README
2066237399 1426 /etc/dhcp/debug
58514488 1025 /etc/dhcp/dhclient-exit-hooks.d/zzz_avahi-autoipd
1411826305 1117 /etc/dhcp/dhclient-exit-hooks.d/timesyncd
1134751112 1756 /etc/dhcp/dhclient-exit-hooks.d/rfc3442-classless-routes
1805304303 805 /etc/dhcp/dhclient-exit-hooks.d/hook-dhclient
1038557327 1735 /etc/dhcp/dhclient.conf
4257297556 1028 /etc/dhcp/dhclient-enter-hooks.d/avahi-autoipd
4014549069 2789 /etc/dhcp/dhclient-enter-hooks.d/resolvconf
2618666533 2836 /etc/UPower/UPower.conf
4294967295 0 /etc/gconf/gconf.xml.mandatory/%gconf-tree.xml
3964903608 1421 /etc/gconf/2/path
3117526908 3397 /etc/gconf/2/evoldap.conf
4294967295 0 /etc/gconf/gconf.xml.defaults/%gconf-tree.xml
3618154256 127 /etc/apache2/conf-available/javascript-common.conf
4178893589 103 /etc/shells
2427595646 153 /etc/udev/udev.conf
1334608848 98 /etc/udev/rules.d/70-persistent-net.rules
1470000641 111 /etc/magic.mime
2147223234 27 /etc/libao.conf
3352975183 191 /etc/cron.d/popularity-contest
3116232175 102 /etc/cron.d/.placeholder
1611123199 589 /etc/cron.d/mdadm
1944508747 244 /etc/cron.d/anacron
1099602977 677 /etc/rc4.d/README
2390564944 96 /etc/environment
1760829712 1371 /etc/rsyslog.conf
1019741468 8 /etc/timezone
1664524771 829 /etc/update-manager/release-upgrades
72728708 233 /etc/update-manager/meta-release
1190812608 2812 /etc/openmpi/openmpi-mca-params.conf
262724648 1668 /etc/openmpi/openmpi-default-hostfile
74293639 1444 /etc/openmpi/openmpi-totalview.tcl
2565099074 1011 /etc/systemd/journald.conf
2613301636 1537 /etc/systemd/system.conf
3292810119 610 /etc/systemd/resolved.conf
3005305419 534 /etc/systemd/timesyncd.conf
109765895 1127 /etc/systemd/user.conf
3825411433 986 /etc/systemd/logind.conf
1214809350 720 /etc/systemd/bootchart.conf
3824825750 2969 /etc/debconf.conf
3276399293 4038 /etc/securetty
4220775943 2995 /etc/locale.alias
1402160541 447 /etc/rcS.d/README
3170630424 378 /etc/initramfs-tools/update-initramfs.conf
1328240428 246 /etc/initramfs-tools/modules
1520544751 1647 /etc/initramfs-tools/initramfs.conf
4087506361 210 /etc/pm/sleep.d/10_grub-common
1226201851 660 /etc/pm/sleep.d/10_unattended-upgrades-hibernate
209282162 1260 /etc/pm/sleep.d/novatel_3g_suspend
3116232175 102 /etc/cron.monthly/.placeholder
553150705 313 /etc/cron.monthly/0anacron
3275025470 3730 /etc/X11/Xsession
238590812 709 /etc/X11/Xreset
85160373 5102 /etc/X11/fonts/Type1/tex-gyre.scale
3504563792 7283 /etc/X11/fonts/Type1/lmodern.scale
1931583736 513 /etc/X11/Xsession.d/95dbus_update-activation-env
843130194 58 /etc/X11/Xsession.d/60xbrlapi
3796243387 146 /etc/X11/Xsession.d/60x11-common_localhost
2048390995 1568 /etc/X11/Xsession.d/50x11-common_determine-startup
1273352804 768 /etc/X11/Xsession.d/60x11-common_xdg_path
1978685846 336 /etc/X11/Xsession.d/70gconfd_path-on-session
188642585 187 /etc/X11/Xsession.d/40x11-common_xsessionrc
2299415366 435 /etc/X11/Xsession.d/65snappy
635263532 691 /etc/X11/Xsession.d/55gnome-session_gnomerc
2329476050 166 /etc/X11/Xsession.d/99x11-common_start
1524975495 406 /etc/X11/Xsession.d/75dbus_dbus-launch
2966170483 608 /etc/X11/Xsession.d/90gpg-agent
1301460833 878 /etc/X11/Xsession.d/30x11-common_xresources
37678272 389 /etc/X11/Xsession.d/35x11-common_xhost-local
389476743 80 /etc/X11/Xsession.d/60xdg-user-dirs-update
1132165356 2030 /etc/X11/Xsession.d/20x11-common_process-args
3370057410 629 /etc/X11/Xsession.d/90x11-common_ssh-agent
2024424166 265 /etc/X11/Xsession.options
1786064735 205 /etc/X11/Xreset.d/README
4076259670 319 /etc/X11/Xresources/x11-common
2315878771 6628 /etc/X11/app-defaults/Xvidtune
4074594685 17394 /etc/X11/rgb.txt
1845585267 456 /etc/byobu/socketdir
4177965062 224 /etc/byobu/backend
2584782837 8600 /etc/network/if-pre-up.d/ifenslave
2496979511 2898 /etc/network/if-pre-up.d/vlan
986190540 3839 /etc/network/if-pre-up.d/wireless-tools
3840238031 344 /etc/network/if-pre-up.d/ethtool
1237674466 1015 /etc/network/if-down.d/avahi-autoipd
3518331053 256 /etc/network/if-down.d/resolvconf
2075790553 332 /etc/network/if-down.d/upstart
768067538 417 /etc/network/interfaces
653842579 578 /etc/network/if-up.d/ip
1987039063 980 /etc/network/if-up.d/openssh-server
2255258529 923 /etc/network/if-up.d/avahi-autoipd
245939358 817 /etc/network/if-up.d/000resolvconf
514463333 1732 /etc/network/if-up.d/ifenslave
495025767 1483 /etc/network/if-up.d/upstart
3555426337 1685 /etc/network/if-up.d/ethtool
1392129446 371 /etc/network/interfaces.d/50-cloud-init.cfg
2939056691 1819 /etc/network/if-post-down.d/ifenslave
3675328549 1011 /etc/network/if-post-down.d/vlan
1689409091 1070 /etc/network/if-post-down.d/wireless-tools
2140886405 1655 /etc/rsyslog.d/50-default.conf
1365657141 314 /etc/rsyslog.d/20-ufw.conf
3586838919 255 /etc/rsyslog.d/21-cloudinit.conf
4083417521 110 /etc/kernel-img.conf
670470605 92 /etc/host.conf
2570114472 5230 /etc/gnome/menus.blacklist
2202191711 11867 /etc/gnome/defaults.list
1122387436 155 /etc/python2.7/sitecustomize.py
515554267 12 /etc/debian_version
1780636896 653 /etc/chatscripts/pap
944833424 656 /etc/chatscripts/provider
2096865046 950 /etc/chatscripts/gprs
1099602977 677 /etc/rc2.d/README
2442514983 338 /etc/updatedb.conf
1006055510 771 /etc/insserv.conf
776182296 212 /etc/terminfo/README
2455926497 455 /etc/acpi/tosh-wireless.sh
4271054409 2424 /etc/acpi/powerbtn.sh
4035273881 271 /etc/acpi/events/asus-keyboard-backlight-down
1424593018 222 /etc/acpi/events/tosh-wireless
2137939870 277 /etc/acpi/events/thinkpad-cmos
3215616566 67 /etc/acpi/events/lenovo-undock
967103062 223 /etc/acpi/events/ibm-wireless
3880904023 72 /etc/acpi/events/asus-wireless-on
1998866337 423 /etc/acpi/events/powerbtn
545013770 73 /etc/acpi/events/asus-wireless-off
3207512997 265 /etc/acpi/events/asus-keyboard-backlight-up
3596339702 608 /etc/acpi/ibm-wireless.sh
3096124185 238 /etc/acpi/undock.sh
3676937383 180 /etc/acpi/asus-wireless.sh
216949718 391 /etc/acpi/asus-keyboard-backlight.sh
3306123340 2339 /etc/fonts/fonts.conf
3578337747 225 /etc/fonts/conf.avail/10-hinting-full.conf
3355232985 2063 /etc/fonts/conf.avail/58-dejavu-lgc-sans.conf
1148436625 263 /etc/fonts/conf.avail/70-no-bitmaps.conf
3679312597 489 /etc/fonts/conf.avail/10-sub-pixel-bgr.conf
1361554315 185 /etc/fonts/conf.avail/64-01-tlwg-kinnari.conf
4237783474 481 /etc/fonts/conf.avail/10-unhinted.conf
1541805813 263 /etc/fonts/conf.avail/70-force-bitmaps.conf
166044566 489 /etc/fonts/conf.avail/10-sub-pixel-rgb.conf
1351474623 2082 /etc/fonts/conf.avail/69-language-selector-zh-tw.conf
182971514 866 /etc/fonts/conf.avail/20-unhint-small-dejavu-lgc-serif.conf
290550896 673 /etc/fonts/conf.avail/50-user.conf
1207564015 1691 /etc/fonts/conf.avail/90-synthetic.conf
1186382373 189 /etc/fonts/conf.avail/51-local.conf
2799418587 1857 /etc/fonts/conf.avail/99-language-selector-zh.conf
29303431 470 /etc/fonts/conf.avail/64-language-selector-prefer.conf
3595327243 522 /etc/fonts/conf.avail/11-lcdfilter-light.conf
4228518957 190 /etc/fonts/conf.avail/64-21-tlwg-typo.conf
517364435 858 /etc/fonts/conf.avail/20-unhint-small-dejavu-serif.conf
3112395356 721 /etc/fonts/conf.avail/89-tlwg-loma-synthetic.conf
1607707235 191 /etc/fonts/conf.avail/64-15-laksaman.conf
1748659515 5481 /etc/fonts/conf.avail/40-nonlatin.conf
1627724398 3256 /etc/fonts/conf.avail/25-unhint-nonlatin.conf
2619833874 1699 /etc/fonts/conf.avail/69-language-selector-zh-cn.conf
3000540279 1649 /etc/fonts/conf.avail/57-dejavu-serif.conf
1757880302 187 /etc/fonts/conf.avail/64-12-tlwg-loma.conf
3647254620 1513 /etc/fonts/conf.avail/69-language-selector-zh-hk.conf
4029770629 189 /etc/fonts/conf.avail/64-14-tlwg-umpush.conf
1510526722 223 /etc/fonts/conf.avail/10-antialias.conf
2386558342 1545 /etc/fonts/conf.avail/58-dejavu-lgc-sans-mono.conf
3820192672 2010 /etc/fonts/conf.avail/10-scale-bitmap-fonts.conf
1449928037 545 /etc/fonts/conf.avail/49-sansserif.conf
1511927132 212 /etc/fonts/conf.avail/10-hinting.conf
133327713 689 /etc/fonts/conf.avail/65-0-fonts-guru-extra.conf/65-0-fonts-guru-extra.conf
2112559586 2011 /etc/fonts/conf.avail/57-dejavu-sans.conf
2452042049 415 /etc/fonts/conf.avail/89-tlwg-waree-synthetic.conf
970704748 422 /etc/fonts/conf.avail/80-delicious.conf
1675478795 748 /etc/fonts/conf.avail/89-tlwg-laksaman-synthetic.conf
692429849 12804 /etc/fonts/conf.avail/30-metric-aliases.conf
2521589019 484 /etc/fonts/conf.avail/10-autohint.conf
2004583124 190 /etc/fonts/conf.avail/64-23-tlwg-mono.conf
575769228 526 /etc/fonts/conf.avail/11-lcdfilter-default.conf
1175519598 866 /etc/fonts/conf.avail/20-unhint-small-dejavu-sans-mono.conf
2718810465 10118 /etc/fonts/conf.avail/65-fonts-persian.conf
1465514001 747 /etc/fonts/conf.avail/89-tlwg-garuda-synthetic.conf
2475349623 621 /etc/fonts/conf.avail/66-lohit-punjabi.conf
3923842596 1689 /etc/fonts/conf.avail/58-dejavu-lgc-serif.conf
2520851794 189 /etc/fonts/conf.avail/64-13-tlwg-garuda.conf
3739292839 856 /etc/fonts/conf.avail/20-unhint-small-dejavu-sans.conf
2560502431 2838 /etc/fonts/conf.avail/65-fonts-lmodern.conf
1103180101 608 /etc/fonts/conf.avail/53-monospace-lcd-filter.conf
2809512539 7959 /etc/fonts/conf.avail/65-nonlatin.conf
2859306880 4621 /etc/fonts/conf.avail/45-latin.conf
1416668297 490 /etc/fonts/conf.avail/10-sub-pixel-vrgb.conf
3592487823 1699 /etc/fonts/conf.avail/69-language-selector-zh-sg.conf
1522638949 738 /etc/fonts/conf.avail/89-tlwg-umpush-synthetic.conf
150649186 192 /etc/fonts/conf.avail/64-22-tlwg-typist.conf
3837992305 1264 /etc/fonts/conf.avail/65-fonts-takao-pgothic.conf
94324379 1798 /etc/fonts/conf.avail/60-latin.conf
963008328 77 /etc/fonts/conf.avail/70-yes-bitmaps.conf
2845252285 864 /etc/fonts/conf.avail/20-unhint-small-dejavu-lgc-sans.conf
2771810036 1598 /etc/fonts/conf.avail/69-language-selector-zh-mo.conf
2845537239 701 /etc/fonts/conf.avail/30-urw-aliases.conf
3662617894 188 /etc/fonts/conf.avail/64-11-tlwg-waree.conf
3503720239 1259 /etc/fonts/conf.avail/20-unhint-small-vera.conf
2109152883 229 /etc/fonts/conf.avail/10-hinting-slight.conf
3331991789 1509 /etc/fonts/conf.avail/57-dejavu-sans-mono.conf
1377934446 229 /etc/fonts/conf.avail/10-hinting-medium.conf
1170867222 289 /etc/fonts/conf.avail/65-khmer.conf
4284270682 672 /etc/fonts/conf.avail/69-unifont.conf
1753397834 524 /etc/fonts/conf.avail/11-lcdfilter-legacy.conf
2262359498 490 /etc/fonts/conf.avail/10-sub-pixel-vbgr.conf
2003930230 13489 /etc/fonts/conf.avail/30-cjk-aliases.conf
1250823097 1768 /etc/fonts/conf.avail/65-fonts-texgyre.conf
2028832931 744 /etc/fonts/conf.avail/89-tlwg-kinnari-synthetic.conf
2351944478 491 /etc/fonts/conf.avail/10-no-sub-pixel.conf
1407727799 184 /etc/fonts/conf.avail/64-02-tlwg-norasi.conf
3164038644 874 /etc/fonts/conf.avail/20-unhint-small-dejavu-lgc-sans-mono.conf
1249634991 978 /etc/fonts/conf.d/README
2273873181 411 /etc/hosts.allow
3123249923 91 /etc/networks
3202712038 16786 /etc/wireshark/init.lua
1093138459 414 /etc/xdg/user-dirs.conf
528088842 418 /etc/xdg/user-dirs.defaults
2062959224 279 /etc/xdg/autostart/gsettings-data-convert.desktop
1842453900 19392 /etc/xdg/menus/gnome-applications.menu
809307500 43 /etc/xdg/Trolltech.conf
4294967295 0 /etc/popularity-contest.conf
67007301 211 /etc/cron.weekly/update-notifier-common
3116232175 102 /etc/cron.weekly/.placeholder
3525719100 86 /etc/cron.weekly/fstrim
2153768212 312 /etc/cron.weekly/0anacron
3826169400 771 /etc/cron.weekly/man-db
3094465769 33 /etc/machine-id
55313232 24241 /etc/mime.types
647012952 1260 /etc/ucf.conf
1201744250 4781 /etc/hdparm.conf
1094193882 1888 /etc/selinux/semanage.conf
793907142 419 /etc/security/sepermit.conf
4236711881 2179 /etc/security/time.conf
214945353 3635 /etc/security/group.conf
1463673622 2972 /etc/security/pam_env.conf
758627458 1718 /etc/security/pwquality.conf
1598326817 2150 /etc/security/limits.conf
959155119 1440 /etc/security/namespace.conf
843937547 1019 /etc/security/namespace.init
3551836704 4620 /etc/security/access.conf
1493301362 258 /etc/pam.d/atd
3392458214 168 /etc/pam.d/ppp
2807430583 1208 /etc/pam.d/common-account
3418760711 606 /etc/pam.d/cron
3592161067 55 /etc/pam.d/vmtoolsd
3176491171 92 /etc/pam.d/passwd
1146771613 4866 /etc/pam.d/login
2581443344 1440 /etc/pam.d/common-password
3722201352 581 /etc/pam.d/chsh
3915657070 384 /etc/pam.d/chfn
3100646833 520 /etc/pam.d/other
3111488435 2133 /etc/pam.d/sshd
3285068986 1470 /etc/pam.d/common-session
1480389558 239 /etc/pam.d/sudo
4231688728 2257 /etc/pam.d/su
3806336185 92 /etc/pam.d/newusers
3191065465 92 /etc/pam.d/chpasswd
3506594085 143 /etc/pam.d/runuser
2224018924 251 /etc/pam.d/systemd-user
1028263524 138 /etc/pam.d/runuser-l
2608741863 1435 /etc/pam.d/common-session-noninteractive
1848371173 255 /etc/pam.d/polkit-1
2218901665 1221 /etc/pam.d/common-auth
2535927668 1117 /etc/pcmcia/config.opts
4280986751 9151 /etc/locale.gen
2090951677 323 /etc/bash_completion.d/desktop-file-validate
3855261024 736 /etc/bash_completion.d/insserv
1857616706 408 /etc/bash_completion.d/cryptdisks
767662064 6636 /etc/bash_completion.d/apport_completion
2498529564 439 /etc/bash_completion.d/git-prompt
71644349 11144 /etc/bash_completion.d/grub
771974342 670 /etc/mdadm/mdadm.conf
1099602977 677 /etc/rc5.d/README
1748452545 722 /etc/crontab
2591683856 8338 /etc/nanorc
2476219766 497 /etc/nsswitch.conf
2365334135 55 /etc/subgid
323503386 449 /etc/mailcap.order
2972742128 54 /etc/crypttab
1122387436 155 /etc/python3.5/sitecustomize.py
1362046111 94 /etc/python/debian_config
3949068421 10551 /etc/login.defs
1362046111 94 /etc/python3/debian_config
2440370562 34 /etc/ld.so.conf
1182189712 105 /etc/lsb-release
1470000641 111 /etc/magic
2878521965 195 /etc/modules
1941719424 45 /etc/bash_completion
1878181969 552 /etc/pam.conf
728969741 2509 /etc/avahi/avahi-autoipd.action
3521294323 611 /etc/perl/Net/libnet.cfg
286670687 1217 /etc/apport/crashdb.conf
671824273 24 /etc/apport/blacklist.d/apport
2124173689 217 /etc/apport/blacklist.d/README.blacklist
3482960942 1748 /etc/inputrc
3788339956 312 /etc/ufw/ufw.conf
4089843803 1941 /etc/ufw/sysctl.conf
1186495624 145 /etc/ufw/applications.d/openssh-server
3883551833 94 /etc/logrotate.d/ppp
1322930309 146 /etc/logrotate.d/lxd
4216840795 173 /etc/logrotate.d/apt
2034734583 157 /etc/logrotate.d/pm-utils
1052689725 126 /etc/logrotate.d/apport
4210225500 178 /etc/logrotate.d/ufw
233310201 235 /etc/logrotate.d/unattended-upgrades
524064504 515 /etc/logrotate.d/rsyslog
1759563997 232 /etc/logrotate.d/dpkg
2054527146 26 /etc/issue
2904189192 31 /etc/depmod.d/ubuntu.conf
3785289514 353 /etc/rc0.d/README
2767458423 10835 /etc/ssl/openssl.cnf
4184859840 1013 /etc/ssl/certs/ssl-cert-snakeoil.pem
2004250327 274340 /etc/ssl/certs/ca-certificates.crt
4209572240 612 /etc/calendar/default
3199142266 475 /etc/ghostscript/cidfmap.d/90gs-cjk-resource-cns1.conf
3807937254 786 /etc/ghostscript/cidfmap.d/90gs-cjk-resource-korea1.conf
2015777568 387 /etc/ghostscript/cidfmap.d/90gs-cjk-resource-japan2.conf
197447675 546 /etc/ghostscript/cidfmap.d/90gs-cjk-resource-japan1.conf
3444828193 504 /etc/ghostscript/cidfmap.d/90gs-cjk-resource-gb1.conf
1728897870 3996 /etc/ghostscript/fontmap.d/10gsfonts.conf
1346877386 967 /etc/mke2fs.conf
36226481 306 /etc/default/networking
3131245357 284 /etc/default/console-setup
1030702973 183 /etc/default/cron
2697821147 133 /etc/default/ssh
571684302 549 /etc/default/crda
2971579279 346 /etc/default/acpid
3588891563 378 /etc/default/grub.d/50-cloudimg-settings.cfg
3140542596 297 /etc/default/dbus
879017791 1139 /etc/default/lxd-bridge
945411468 222 /etc/default/bsdmainutils
2607239152 2691 /etc/default/open-iscsi
1511690044 1768 /etc/default/rsync
1753827925 652 /etc/default/cryptdisks
3524599950 150 /etc/default/keyboard
2478569693 830 /etc/default/mdadm
296105961 1118 /etc/default/useradd
3398898842 149 /etc/default/apport
2100239458 1754 /etc/default/ufw
244695171 86 /etc/default/halt
1050833647 4922 /etc/default/acpi-support
1589991695 1756 /etc/default/nss
551326625 124 /etc/default/rsyslog
665503186 92 /etc/default/devpts
2234324400 363 /etc/default/pollinate
1491848473 1250 /etc/default/grub
3041793871 636 /etc/default/rcS
2037402671 87 /etc/default/locale
429285007 126 /etc/default/irqbalance
2316590267 290 /etc/default/anacron
362888112 475 /etc/texmf/web2c/texmf.cnf
1997985887 283 /etc/texmf/web2c/mktex.cnf
1118814080 26 /etc/texmf/texmf.d/00debian.cnf
2732553425 43 /etc/fstab
3164658350 711 /etc/hosts.deny
1285659570 137 /etc/icedtea-web/javaws.policy
1579462280 511 /etc/resolvconf/interface-order
4294967295 0 /etc/resolvconf/resolv.conf.d/base
2026405886 151 /etc/resolvconf/resolv.conf.d/head
3187069787 4622 /etc/resolvconf/update.d/libc
2244352211 14867 /etc/ltrace.conf
3301356708 1132 /etc/smi.conf
1160903004 2932 /etc/protocols
1731666576 25892 /etc/wpa_supplicant/functions.sh
344569431 937 /etc/wpa_supplicant/action_wpa.sh
1286310082 4696 /etc/wpa_supplicant/ifupdown.sh
10386351 14 /etc/hostname
2970026045 45 /etc/sgml/xml-core.cat
542460429 3620 /etc/mailcap
3595017663 2084 /etc/sysctl.conf
1208634078 142 /etc/update-motd.d/98-fsck-at-reboot
1928170718 144 /etc/update-motd.d/98-reboot-required
1168779219 1220 /etc/update-motd.d/00-header
3138204005 334 /etc/update-motd.d/51-cloudguest
1434707671 299 /etc/update-motd.d/91-release-upgrade
1587915885 1157 /etc/update-motd.d/10-help-text
855853764 111 /etc/update-motd.d/97-overlayroot
2523562850 97 /etc/update-motd.d/90-updates-available
3311720105 19 /etc/issue.net
2444621017 624 /etc/mtools.conf
142100975 462 /etc/bonobo-activation/bonobo-activation-config.xml
2284174651 101 /etc/profile.d/apps-bin-path.sh
2141172536 3308 /etc/profile.d/Z99-cloud-locale-test.sh
526396690 663 /etc/profile.d/bash_completion.sh
3671212281 1941 /etc/profile.d/vte-2.91.sh
3588879809 775 /etc/profile.d/Z99-cloudinit-warnings.sh
777339695 1557 /etc/profile.d/Z97-byobu.sh
3064753149 1003 /etc/profile.d/cedilla-portuguese.sh
2788549336 3034 /etc/pollinate/entropy.ubuntu.com.pem
3038974375 112 /etc/overlayroot.local.conf
1967741302 446 /etc/dpkg/dpkg.cfg
2780358281 82 /etc/dpkg/origins/debian
122939840 114 /etc/dpkg/origins/ubuntu
215163144 1071 /etc/init.d/atd
1635883573 1154 /etc/init.d/thermald
1464493142 4771 /etc/init.d/networking
3781347455 1105 /etc/init.d/grub-common
2500784763 711 /etc/init.d/mountnfs-bootclean.sh
1209734970 1343 /etc/init.d/console-setup
1610131801 3927 /etc/init.d/sendsigs
447662759 896 /etc/init.d/cryptdisks-early
1178153715 571 /etc/init.d/lvm2-lvmetad
3579594798 3049 /etc/init.d/cron
2857730167 695 /etc/init.d/lvm2
1695666606 4077 /etc/init.d/ssh
3487673308 1366 /etc/init.d/plymouth
2311813136 2243 /etc/init.d/acpid
1107444883 2541 /etc/init.d/lxd
56556234 820 /etc/init.d/rc.local
3868912422 6223 /etc/init.d/apparmor
1919799856 2757 /etc/init.d/x11-common
3175120456 703 /etc/init.d/mountall-bootclean.sh
2503172521 752 /etc/init.d/plymouth-log
14257817 6087 /etc/init.d/udev
1269181534 2813 /etc/init.d/dbus
1591553338 9353 /etc/init.d/checkroot.sh
3077052121 1879 /etc/init.d/umountroot
2928026628 2301 /etc/init.d/mountall.sh
3227694829 1156 /etc/init.d/.depend.stop
3057840821 2503 /etc/init.d/open-iscsi
1399113782 597 /etc/init.d/single
985891068 4355 /etc/init.d/rsync
952656462 1300 /etc/init.d/killprocs
3480367889 937 /etc/init.d/cryptdisks
1792062828 2427 /etc/init.d/README
2229529433 2300 /etc/init.d/lxcfs
647918438 1461 /etc/init.d/mountdevsubfs.sh
1898335621 3809 /etc/init.d/hwclock.sh
465212724 1306 /etc/init.d/uuidd
1557416829 2087 /etc/init.d/kmod
3483271444 2146 /etc/init.d/virtualbox-guest-utils
151080895 2611 /etc/init.d/mdadm
3950549040 1172 /etc/init.d/dns-clean
1276563877 661 /etc/init.d/reboot
1937086198 1087 /etc/init.d/skeleton
3554271931 3807 /etc/init.d/checkfs.sh
4235683562 1098 /etc/init.d/checkroot-bootclean.sh
998239554 2799 /etc/init.d/apport
2974106505 2049 /etc/init.d/ufw
1253505184 1336 /etc/init.d/halt
4107193796 1391 /etc/init.d/unattended-upgrades
2161703411 1564 /etc/init.d/mountkernfs.sh
3981525827 4149 /etc/init.d/resolvconf
1683029271 2796 /etc/init.d/rsyslog
545548398 586 /etc/init.d/lvm2-lvmpolld
1817734172 1190 /etc/init.d/.depend.start
1438036368 1199 /etc/init.d/mdadm-waitidle
2793046324 1192 /etc/init.d/procps
3730093082 1423 /etc/init.d/hostname.sh
1923268045 6366 /etc/init.d/rc
566416734 2737 /etc/init.d/umountfs
446229624 2202 /etc/init.d/umountnfs.sh
29085890 1226 /etc/init.d/screen-cleanup
3172266719 612 /etc/init.d/pppd-dns
440330367 117 /etc/init.d/rcS
4210250929 1581 /etc/init.d/ondemand
2768756149 3111 /etc/init.d/urandom
2703033704 1804 /etc/init.d/keyboard-setup
319378850 1503 /etc/init.d/iscsid
2331284339 2372 /etc/init.d/irqbalance
3326505057 1326 /etc/init.d/.depend.boot
3366023692 1578 /etc/init.d/open-vm-tools
2765053664 2014 /etc/init.d/anacron
2742615736 1275 /etc/init.d/bootmisc.sh
2595742006 2456 /etc/init.d/mountnfs.sh
37258405 191 /etc/libaudit.conf
2755283197 160 /etc/newt/palette.ubuntu
4294967295 0 /etc/newt/palette.original
698160196 300 /etc/gnome-vfs-2.0/modules/default-modules.conf
845363738 63936 /etc/ld.so.cache
1312026872 214 /etc/cron.daily/update-notifier-common
799581777 3449 /etc/cron.daily/popularity-contest
3930446022 249 /etc/cron.daily/passwd
2751625746 355 /etc/cron.daily/bsdmainutils
3116232175 102 /etc/cron.daily/.placeholder
2096234601 539 /etc/cron.daily/mdadm
2248924308 376 /etc/cron.daily/apport
4028879925 435 /etc/cron.daily/mlocate
2757842660 1474 /etc/cron.daily/apt-compat
3199054232 372 /etc/cron.daily/logrotate
2426035455 1597 /etc/cron.daily/dpkg
2441083458 311 /etc/cron.daily/0anacron
1862710722 1293 /etc/cron.daily/man-db
1205277368 7788 /etc/ca-certificates.conf
596230923 332 /etc/ldap/ldap.conf
2620879198 109 /etc/ocamlfind.conf
2057747124 177 /etc/gss/mech.d/README
1646435348 10368 /etc/sensors3.conf
2361286129 1130 /etc/libnl-3/classid
548502380 1532 /etc/libnl-3/pktloc
1361795905 373 /etc/rearj.cfg
3974070130 2188 /etc/bash.bashrc
4294967295 0 /etc/dictionaries-common/ispell-default
3523245694 5170 /etc/manpath.config
155065718 352 /etc/init/udevtrigger.conf
284087222 278 /etc/init/anacron.conf
3304409974 300 /etc/init/hostname.sh.conf
2702084145 261 /etc/init/mountall-reboot.conf
2530188471 202 /etc/init/cloud-init.conf
1749868421 264 /etc/init/pollinate.conf
3626007161 365 /etc/init/rfkill-restore.conf
581924253 536 /etc/init/mounted-proc.conf
4207088470 1519 /etc/init/cryptdisks.conf
3399455710 253 /etc/init/checkroot-bootclean.sh.conf
4180520802 689 /etc/init/kmod.conf
2408220836 561 /etc/init/hwclock-save.conf
3059487596 683 /etc/init/ureadahead-other.conf
4144230153 337 /etc/init/udev.conf
1220162521 509 /etc/init/console-setup.conf
3837619146 379 /etc/init/cloud-init-local.conf
118040097 307 /etc/init/checkroot.sh.conf
1334668553 597 /etc/init/irqbalance.conf
418235761 412 /etc/init/cryptdisks-udev.conf
4165479118 357 /etc/init/rfkill-store.conf
2030992538 903 /etc/init/mounted-var.conf
251697384 141 /etc/init/usb-modeswitch-upstart.conf
3483351325 426 /etc/init/rsyslog.conf
3169877267 2024 /etc/init/cloud-init-container.conf
456546442 119 /etc/init/procps.conf
2958670861 250 /etc/init/console-font.conf
3067140987 933 /etc/init/network-interface.conf
3321074546 297 /etc/init/cron.conf
422370375 618 /etc/init/mounted-run.conf
1889442947 1232 /etc/init/mountall.conf
2944745225 313 /etc/init/mountnfs.sh.conf
3579742226 482 /etc/init/dbus.conf
1944966450 628 /etc/init/ttyS0.conf
2134299680 328 /etc/init/bootmisc.sh.conf
2497521390 2556 /etc/init/cloud-init-blocknet.conf
866075555 813 /etc/init/lxd.conf
2828013848 562 /etc/init/cloud-log-shutdown.conf
642940255 568 /etc/init/passwd.conf
2830032166 297 /etc/init/cloud-final.conf
3589313829 311 /etc/init/mountall.sh.conf
1215521585 1201 /etc/init/mountall-shell.conf
1530315696 232 /etc/init/checkfs.sh.conf
1102637760 230 /etc/init/setvtrgb.conf
2924665401 338 /etc/init/acpid.conf
2486805682 1890 /etc/init/mounted-tmp.conf
1170282922 327 /etc/init/mountdevsubfs.sh.conf
2223975197 360 /etc/init/thermald.conf
1550998388 530 /etc/init/network-interface-container.conf
4075666583 2493 /etc/init/networking.conf
580294322 363 /etc/init/procps-instance.conf
1351681008 730 /etc/init/mounted-dev.conf
3599224107 268 /etc/init/mountall-bootclean.sh.conf
2961536421 236 /etc/init/cloud-config.conf
2182553930 3709 /etc/init/apparmor.conf
330317371 473 /etc/init/ufw.conf
489398182 1626 /etc/init/apport.conf
3884963909 323 /etc/init/mountkernfs.sh.conf
4092812680 1756 /etc/init/network-interface-security.conf
2287428361 360 /etc/init/udevmonitor.conf
2873210891 349 /etc/init/mountall-net.conf
4146963289 1247 /etc/init/friendly-recovery.conf
3688137084 284 /etc/init/hostname.conf
2912568614 405 /etc/init/mounted-debugfs.conf
1259201409 889 /etc/init/ureadahead.conf.disabled
517796296 674 /etc/init/hwclock.conf
2025161919 1908 /etc/init/cloud-init-nonet.conf
3154225384 540 /etc/init/lxcfs.conf
1875423519 457 /etc/init/resolvconf.conf
1176027458 109 /etc/init/hwclock.sh.conf
3139817323 238 /etc/init/mtab.sh.conf
4075267410 249 /etc/init/mountnfs-bootclean.sh.conf
501506139 641 /etc/init/ssh.conf
744506469 662 /etc/dbus-1/system.d/com.ubuntu.SoftwareProperties.conf
126977181 1375 /etc/dbus-1/system.d/Mountall.Server.conf
3432111685 1649 /etc/dbus-1/system.d/wpa_supplicant.conf
1747134112 953 /etc/dbus-1/system.d/org.freedesktop.resolve1.conf
1502343930 932 /etc/dbus-1/system.d/org.freedesktop.thermald.conf
118691997 632 /etc/dbus-1/system.d/org.freedesktop.PolicyKit1.conf
2193558990 9720 /etc/dbus-1/system.d/org.freedesktop.systemd1.conf
4062555949 1555 /etc/dbus-1/system.d/org.freedesktop.UPower.conf
2088196266 733 /etc/dbus-1/system.d/com.ubuntu.LanguageSelector.conf
2905536653 652 /etc/dbus-1/system.d/dnsmasq.conf
1161616184 525 /etc/dbus-1/system.d/org.freedesktop.UDisks2.conf
1918377578 1075 /etc/dbus-1/system.d/org.freedesktop.RealtimeKit1.conf
2375037245 937 /etc/dbus-1/system.d/org.freedesktop.locale1.conf
2953058815 947 /etc/dbus-1/system.d/org.freedesktop.hostname1.conf
2090966798 535 /etc/dbus-1/system.d/org.opensuse.CupsPkHelper.Mechanism.conf
1608171999 917 /etc/dbus-1/system.d/org.freedesktop.Accounts.conf
973699585 1604 /etc/dbus-1/system.d/org.freedesktop.network1.conf
2195603576 947 /etc/dbus-1/system.d/org.freedesktop.timedate1.conf
4199205924 12309 /etc/dbus-1/system.d/org.freedesktop.login1.conf
3978962112 3066 /etc/kbd/config
2716912639 170 /etc/kbd/remap
3335806497 401 /etc/anacrontab
120245226 2584 /etc/gai.conf
3449104678 2325 /etc/xml/resolver/CatalogManager.properties
4007323610 840 /etc/xml/xml-core.xml
1063242997 756 /etc/xml/catalog
3489348499 673 /etc/xml/xml-core.xml.old
335633580 610 /etc/xml/catalog.old
4227313343 220 /etc/skel/.bash_logout
1623673384 3771 /etc/skel/.bashrc
867371190 655 /etc/skel/.profile
580033501 389 /etc/appstream.conf
2943549787 455 /etc/polkit-1/nullbackend.conf.d/50-nullbackend.conf
1984663009 267 /etc/polkit-1/localauthority.conf.d/50-localauthority.conf
3322453766 65 /etc/polkit-1/localauthority.conf.d/51-ubuntu-admin.conf
1982208232 112 /etc/iproute2/rt_realms
931809190 92 /etc/iproute2/rt_scopes
742759849 264 /etc/iproute2/nl_protos
2415243139 87 /etc/iproute2/rt_tables
4166310778 75 /etc/iproute2/ematch_map
3483781289 326 /etc/iproute2/rt_protos
1696876192 331 /etc/iproute2/rt_dsfield
4273220667 31 /etc/iproute2/group
2365334135 55 /etc/subuid
809647450 887 /etc/rpc
3180004684 56 /etc/lighttpd/conf-available/90-javascript-alias.conf
1998654726 703 /etc/logrotate.conf
2659122551 853 /etc/group
712214794 19605 /etc/services
