find /analyse/bin /analyse/etc -type f 2>/dev/null | xargs cksum 2>/dev/null
find /analyse/bin /analyse/etc -type f 2>/dev/null | xar gs cksum 2>/dev/null
3030411937 14800 /analyse/bin/hostname
4169774508 26728 /analyse/bin/ntfscat
2145636241 2762 /analyse/bin/unicode_start
3491156790 64432 /analyse/bin/touch
2726920881 14328 /analyse/bin/ulockmgr_server
1796160383 30800 /analyse/bin/fusermount
3854352533 89 /analyse/bin/red
796364344 1937 /analyse/bin/zcat
2087630715 7764 /analyse/bin/lesspipe
1106321861 31288 /analyse/bin/bzip2
2605024331 659848 /analyse/bin/systemctl
3994878878 5938 /analyse/bin/zgrep
1311745570 946 /analyse/bin/which
3111304989 34920 /analyse/bin/ntfscmp
537794776 31376 /analyse/bin/echo
1986268311 27608 /analyse/bin/umount
2391294731 23752 /analyse/bin/getfacl
1997200007 72632 /analyse/bin/dd
303383630 31376 /analyse/bin/wdctl
2622629995 30875 /analyse/bin/setupcon
342493826 10536 /analyse/bin/chvt
2274135030 64080 /analyse/bin/systemd-hwdb
1725473304 281840 /analyse/bin/systemd-inhibit
2270131984 76848 /analyse/bin/mkdir
1798485145 31248 /analyse/bin/nc.openbsd
2686116484 72496 /analyse/bin/stty
136558124 10312 /analyse/bin/ntfs-3g.probe
2359209006 2131 /analyse/bin/zforce
1014579443 376192 /analyse/bin/ip
2943294951 2140 /analyse/bin/bzdiff
238525241 126584 /analyse/bin/dir
1421171192 119624 /analyse/bin/netstat
1160472627 18424 /analyse/bin/ntfs-3g.usermap
1548313052 77280 /analyse/bin/lsblk
2345528660 73424 /analyse/bin/sed
1362279082 14768 /analyse/bin/mountpoint
3270180293 64368 /analyse/bin/chown
1084072967 678496 /analyse/bin/networkctl
874014615 140 /analyse/bin/zegrep
346277269 52080 /analyse/bin/cat
2898227125 97912 /analyse/bin/df
1146171843 36296 /analyse/bin/setfacl
661366860 383632 /analyse/bin/tar
2541260597 208480 /analyse/bin/nano
3845590111 4877 /analyse/bin/bzexe
1665981964 19320 /analyse/bin/run-parts
610828758 56112 /analyse/bin/chmod
121563178 47544 /analyse/bin/systemd-machine-id-setup
1934249470 10552 /analyse/bin/vmmouse_detect
558530510 449136 /analyse/bin/udevadm
1237869070 36024 /analyse/bin/fuser
2795751350 68032 /analyse/bin/systemd-tty-ask-password-agent
750122352 27280 /analyse/bin/false
1338475710 35248 /analyse/bin/systemd-notify
1761689187 192760 /analyse/bin/hciconfig
2015719093 133704 /analyse/bin/systemd-tmpfiles
1545669832 2037 /analyse/bin/zless
602241526 2301 /analyse/bin/uncompress
3859723873 498936 /analyse/bin/journalctl
1106321861 31288 /analyse/bin/bunzip2
664091198 34928 /analyse/bin/ntfsfallocate
1426522665 170728 /analyse/bin/less
2201429143 23144 /analyse/bin/tailf
1314179773 115816 /analyse/bin/ss
2244253579 44680 /analyse/bin/ping6
4221046716 64496 /analyse/bin/mknod
3231968495 18968 /analyse/bin/openvt
3061965564 40128 /analyse/bin/su
3809885580 1777 /analyse/bin/zcmp
1396742072 68464 /analyse/bin/date
693420697 151024 /analyse/bin/cp
333254415 60272 /analyse/bin/chgrp
3353391826 10536 /analyse/bin/kbd_mode
1744675028 31440 /analyse/bin/uname
2152232800 3642 /analyse/bin/bzgrep
2423255911 39632 /analyse/bin/rmdir
2857424355 1910 /analyse/bin/zmore
1372119437 56152 /analyse/bin/ln
3975067825 39952 /analyse/bin/setfont
3294078344 48128 /analyse/bin/login
2049807568 44168 /analyse/bin/ping
655704972 35504 /analyse/bin/plymouth
258751060 39344 /analyse/bin/systemd-escape
2541877396 40152 /analyse/bin/mount
63292544 14752 /analyse/bin/chacl
451388162 68824 /analyse/bin/mt-gnu
1648879292 23152 /analyse/bin/kill
304188533 97408 /analyse/bin/ps
2096822588 60272 /analyse/bin/rm
2156932671 51512 /analyse/bin/ed
3195328013 1037528 /analyse/bin/bash
137480034 126584 /analyse/bin/vdir
1485576912 141472 /analyse/bin/cpio
3861897373 5927 /analyse/bin/gzexe
2017914075 27280 /analyse/bin/true
1825524910 39768 /analyse/bin/more
2659086933 30824 /analyse/bin/ntfsmove
955992126 27432 /analyse/bin/whiptail
2402719342 31408 /analyse/bin/sleep
3640263369 140 /analyse/bin/zfgrep
990255683 30824 /analyse/bin/ntfscluster
1182052293 82328 /analyse/bin/dumpkeys
3828603637 5764 /analyse/bin/zdiff
3503507257 130488 /analyse/bin/mv
168800697 111496 /analyse/bin/loadkeys
3225323264 60680 /analyse/bin/dmesg
3796749562 39728 /analyse/bin/mktemp
3636585131 38944 /analyse/bin/ntfstruncate
4210763362 1964536 /analyse/bin/busybox
1879445497 5047 /analyse/bin/znew
491433375 31928 /analyse/bin/ntfsls
3960709593 105136 /analyse/bin/lowntfs-3g
2263520556 55416 /analyse/bin/ntfsinfo
4156057772 39632 /analyse/bin/readlink
1106321861 31288 /analyse/bin/bzcat
2465818280 31408 /analyse/bin/sync
4011796486 150600 /analyse/bin/kmod
2460576442 126584 /analyse/bin/ls
602241526 2301 /analyse/bin/gunzip
2937623667 211224 /analyse/bin/grep
3175721685 31472 /analyse/bin/pwd
2127463052 19824 /analyse/bin/lesskey
3502249158 10416 /analyse/bin/tempfile
283026901 49576 /analyse/bin/findmnt
1707206496 36504 /analyse/bin/efibootmgr
1191211959 10544 /analyse/bin/fgconsole
429482615 14616 /analyse/bin/bzip2recover
1783680581 98240 /analyse/bin/gzip
1271485425 453848 /analyse/bin/loginctl
3996097109 154072 /analyse/bin/dash
2553016040 67608 /analyse/bin/ntfs-3g.secaudit
2561412919 142032 /analyse/bin/ntfs-3g
2958388062 51656 /analyse/bin/systemd-ask-password
1491223529 47752 /analyse/bin/ntfswipe
1575386598 28 /analyse/bin/fgrep
1124252253 39024 /analyse/bin/ntfsfix
2403991455 10256 /analyse/bin/lessecho
2818068350 1297 /analyse/bin/bzmore
2969835704 28 /analyse/bin/egrep
2392187067 33 /analyse/etc/brlapi.key
1760829712 1371 /analyse/etc/rsyslog.conf
1205277368 7788 /analyse/etc/ca-certificates.conf
4014598178 1308 /analyse/etc/kerneloops.conf
4273220667 31 /analyse/etc/iproute2/group
3483781289 326 /analyse/etc/iproute2/rt_protos
1982208232 112 /analyse/etc/iproute2/rt_realms
931809190 92 /analyse/etc/iproute2/rt_scopes
1696876192 331 /analyse/etc/iproute2/rt_dsfield
742759849 264 /analyse/etc/iproute2/nl_protos
4166310778 75 /analyse/etc/iproute2/ematch_map
2415243139 87 /analyse/etc/iproute2/rt_tables
3311720105 19 /analyse/etc/issue.net
1160903004 2932 /analyse/etc/protocols
2217043512 39 /analyse/etc/gdb/gdbinit
4083417521 110 /analyse/etc/kernel-img.conf
3782713160 506 /analyse/etc/sysctl.d/10-zeropage.conf
1668244312 726 /analyse/etc/sysctl.d/10-kernel-hardening.conf
2071254174 257 /analyse/etc/sysctl.d/10-link-restrictions.conf
3845859653 1184 /analyse/etc/sysctl.d/10-magic-sysrq.conf
4285822374 77 /analyse/etc/sysctl.d/10-console-messages.conf
202528943 509 /analyse/etc/sysctl.d/10-network-security.conf
1985817568 1292 /analyse/etc/sysctl.d/10-ptrace.conf
3647465050 490 /analyse/etc/sysctl.d/10-ipv6-privacy.conf
3942353590 519 /analyse/etc/sysctl.d/README
4281663514 267 /analyse/etc/legal
1006055510 771 /analyse/etc/insserv.conf
3116232175 102 /analyse/etc/cron.monthly/.placeholder
553150705 313 /analyse/etc/cron.monthly/0anacron
1520285605 18 /analyse/etc/subuid
2386489673 2641 /analyse/etc/ca-certificates/update.d/jks-keystore
422508594 2149 /analyse/etc/vim/vimrc
1262093186 662 /analyse/etc/vim/vimrc.tiny
3276399293 4038 /analyse/etc/securetty
70764163 268 /analyse/etc/emacs/site-start.d/50asymptote.el
3552821606 581 /analyse/etc/emacs/site-start.d/50cmake-data.el
241557001 1799 /analyse/etc/emacs/site-start.d/50dictionaries-common.el
3494745702 729 /analyse/etc/emacs/site-start.d/50autoconf.el
2863408866 1824 /analyse/etc/emacs/site-start.d/00debian-vars.el
3176085135 371 /analyse/etc/emacs/site-start.d/50texlive-lang-english.el
685843474 412 /analyse/etc/emacs/site-start.el
1505915758 8317 /analyse/etc/subversion/servers
248193009 8691 /analyse/etc/subversion/config
1683418948 76 /analyse/etc/lightdm/lightdm.conf
1251675094 452 /analyse/etc/lightdm/users.conf
2943549787 455 /analyse/etc/polkit-1/nullbackend.conf.d/50-nullbackend.conf
1984663009 267 /analyse/etc/polkit-1/localauthority.conf.d/50-localauthority.conf
3322453766 65 /analyse/etc/polkit-1/localauthority.conf.d/51-ubuntu-admin.conf
1998654726 703 /analyse/etc/logrotate.conf
1485640035 116 /analyse/etc/speech-dispatcher/clients/emacs.conf
2630792495 1624 /analyse/etc/speech-dispatcher/modules/espeak.conf
3332585638 406 /analyse/etc/speech-dispatcher/modules/flite.conf
1603994646 3306 /analyse/etc/speech-dispatcher/modules/pico-generic.conf
1212007188 5022 /analyse/etc/speech-dispatcher/modules/espeak-generic.conf
3471232983 6381 /analyse/etc/speech-dispatcher/modules/espeak-mbrola-generic.conf
4204120988 7857 /analyse/etc/speech-dispatcher/modules/ibmtts.conf
3882218845 3422 /analyse/etc/speech-dispatcher/modules/dtk-generic.conf
713763686 2913 /analyse/etc/speech-dispatcher/modules/swift-generic.conf
2375639603 3087 /analyse/etc/speech-dispatcher/modules/festival.conf
2688507964 919 /analyse/etc/speech-dispatcher/modules/ivona.conf
4163691177 3135 /analyse/etc/speech-dispatcher/modules/epos-generic.conf
1934309191 2603 /analyse/etc/speech-dispatcher/modules/llia_phon-generic.conf
1255671788 982 /analyse/etc/speech-dispatcher/modules/cicero.conf
469085984 9728 /analyse/etc/speech-dispatcher/speechd.conf
2372797685 478254 /analyse/etc/avrdude.conf
2427595646 153 /analyse/etc/udev/udev.conf
344569431 937 /analyse/etc/wpa_supplicant/action_wpa.sh
1731666576 25892 /analyse/etc/wpa_supplicant/functions.sh
1286310082 4696 /analyse/etc/wpa_supplicant/ifupdown.sh
3187069787 4622 /analyse/etc/resolvconf/update.d/libc
2026405886 151 /analyse/etc/resolvconf/resolv.conf.d/head
4294967295 0 /analyse/etc/resolvconf/resolv.conf.d/base
2634278920 249 /analyse/etc/resolvconf/update-libc.d/avahi-daemon
1579462280 511 /analyse/etc/resolvconf/interface-order
2878521965 195 /analyse/etc/modules
1621220612 112 /analyse/etc/apg.conf
142100975 462 /analyse/etc/bonobo-activation/bonobo-activation-config.xml
4216182666 268 /analyse/etc/rmt
1233954081 697 /analyse/etc/modprobe.d/blacklist-framebuffer.conf
2701038325 347 /analyse/etc/modprobe.d/iwlwifi.conf
1597065808 127 /analyse/etc/modprobe.d/dkms.conf
2643604043 583 /analyse/etc/modprobe.d/blacklist-rare-network.conf
3396070614 104 /analyse/etc/modprobe.d/mlx4.conf
1961945707 1603 /analyse/etc/modprobe.d/blacklist.conf
353783996 210 /analyse/etc/modprobe.d/blacklist-firewire.conf
3877602234 390 /analyse/etc/modprobe.d/fbdev-blacklist.conf
2401269114 30 /analyse/etc/modprobe.d/vmwgfx-fbdev.conf
1123330982 2507 /analyse/etc/modprobe.d/alsa-base.conf
3855703411 156 /analyse/etc/modprobe.d/blacklist-modem.conf
3550578421 325 /analyse/etc/modprobe.d/blacklist-ath_pci.conf
4254927990 1077 /analyse/etc/modprobe.d/blacklist-watchdog.conf
712214794 19605 /analyse/etc/services
2442514983 338 /analyse/etc/updatedb.conf
1201744250 4781 /analyse/etc/hdparm.conf
192318673 604 /analyse/etc/deluser.conf
2244352211 14867 /analyse/etc/ltrace.conf
4167017053 35 /analyse/etc/console-setup/compose.ISIRI-3342.inc
1068255591 35 /analyse/etc/console-setup/compose.ISO-8859-5.inc
172551258 31 /analyse/etc/console-setup/compose.CP1256.inc
1730775135 3941 /analyse/etc/console-setup/compose.ISO-8859-1.inc
3816684955 31 /analyse/etc/console-setup/compose.KOI8-R.inc
1036369134 35 /analyse/etc/console-setup/compose.ISO-8859-6.inc
1426631249 36 /analyse/etc/console-setup/compose.ISO-8859-10.inc
449276054 3836 /analyse/etc/console-setup/compose.ISO-8859-2.inc
1422919382 36 /analyse/etc/console-setup/compose.ISO-8859-11.inc
725297347 3713 /analyse/etc/console-setup/compose.ISO-8859-15.inc
1055197171 41 /analyse/etc/console-setup/compose.GEORGIAN-ACADEMY.inc
520586209 31 /analyse/etc/console-setup/compose.VISCII.inc
1303088990 4077 /analyse/etc/console-setup/cached.kmap.gz
3375021443 32 /analyse/etc/console-setup/compose.IBM1133.inc
746505319 36 /analyse/etc/console-setup/compose.GEORGIAN-PS.inc
173837056 34 /analyse/etc/console-setup/compose.ARMSCII-8.inc
3503036553 158 /analyse/etc/console-setup/vtrgb
136387027 31 /analyse/etc/console-setup/compose.CP1255.inc
120745592 3066 /analyse/etc/console-setup/compose.ISO-8859-14.inc
1144850922 32 /analyse/etc/console-setup/compose.TIS-620.inc
40091813 4147 /analyse/etc/console-setup/Uni2-Fixed16.psf.gz
4228615701 3967 /analyse/etc/console-setup/compose.ISO-8859-13.inc
3866540558 31 /analyse/etc/console-setup/compose.KOI8-U.inc
2254973872 3916 /analyse/etc/console-setup/compose.ISO-8859-3.inc
936588228 35 /analyse/etc/console-setup/compose.ISO-8859-8.inc
1089299523 4054 /analyse/etc/console-setup/compose.ISO-8859-9.inc
1373323587 36 /analyse/etc/console-setup/compose.ISO-8859-16.inc
4076284082 2943 /analyse/etc/console-setup/compose.ISO-8859-4.inc
1379041140 1359 /analyse/etc/console-setup/remap.inc
3180952471 1449 /analyse/etc/console-setup/ISO-8859-1.acm
256093135 31 /analyse/etc/console-setup/compose.CP1251.inc
3736643634 155 /analyse/etc/console-setup/vtrgb.vga
3186662161 2188 /analyse/etc/console-setup/compose.ISO-8859-7.inc
2259520987 1018 /analyse/etc/usb_modeswitch.conf
4199721722 28 /analyse/etc/machine-info
323503386 449 /analyse/etc/mailcap.order
3116232175 102 /analyse/etc/cron.daily/.placeholder
1312026872 214 /analyse/etc/cron.daily/update-notifier-common
3199054232 372 /analyse/etc/cron.daily/logrotate
2757842660 1474 /analyse/etc/cron.daily/apt-compat
2441083458 311 /analyse/etc/cron.daily/0anacron
2751625746 355 /analyse/etc/cron.daily/bsdmainutils
1862710722 1293 /analyse/etc/cron.daily/man-db
2499592691 1046 /analyse/etc/cron.daily/upstart
799581777 3449 /analyse/etc/cron.daily/popularity-contest
2248924308 376 /analyse/etc/cron.daily/apport
4028879925 435 /analyse/etc/cron.daily/mlocate
3930446022 249 /analyse/etc/cron.daily/passwd
2426035455 1597 /analyse/etc/cron.daily/dpkg
2056337126 384 /analyse/etc/cron.daily/cracklib-runtime
2828024275 211 /analyse/etc/cups/raw.types
4129356064 240 /analyse/etc/cups/raw.convs
1529390121 142 /analyse/etc/cups/snmp.conf
2748436834 4630 /analyse/etc/cups/cupsd.conf
2026298350 15303 /analyse/etc/cups/cups-browsed.conf
2332738740 2931 /analyse/etc/cups/cups-files.conf
1941719424 45 /analyse/etc/bash_completion
2127424285 3129 /analyse/etc/hostapd/ifupdown.sh
1099602977 677 /analyse/etc/rc4.d/README
712814051 673 /analyse/etc/xml/xml-core.xml.old
3449104678 2325 /analyse/etc/xml/resolver/CatalogManager.properties
38787495 840 /analyse/etc/xml/xml-core.xml
4177888673 610 /analyse/etc/xml/catalog.old
3565260945 756 /analyse/etc/xml/catalog
120245226 2584 /analyse/etc/gai.conf
1570265709 27246 /analyse/etc/matplotlibrc
576884142 4605 /analyse/etc/thermald/thermal-conf.xml
192267027 508 /analyse/etc/thermald/thermal-cpu-cdev-order.xml
3974070130 2188 /analyse/etc/bash.bashrc
3964903608 1421 /analyse/etc/gconf/2/path
3117526908 3397 /analyse/etc/gconf/2/evoldap.conf
4294967295 0 /analyse/etc/gconf/gconf.xml.mandatory/%gconf-tree.xml
4294967295 0 /analyse/etc/gconf/gconf.xml.defaults/%gconf-tree.xml
4210225500 178 /analyse/etc/logrotate.d/ufw
233310201 235 /analyse/etc/logrotate.d/unattended-upgrades
2783085456 122 /analyse/etc/logrotate.d/upstart
3910644721 125 /analyse/etc/logrotate.d/lightdm
2328797928 513 /analyse/etc/logrotate.d/speech-dispatcher
524064504 515 /analyse/etc/logrotate.d/rsyslog
3883551833 94 /analyse/etc/logrotate.d/ppp
1052689725 126 /analyse/etc/logrotate.d/apport
135753618 181 /analyse/etc/logrotate.d/cups-daemon
1759563997 232 /analyse/etc/logrotate.d/dpkg
4216840795 173 /analyse/etc/logrotate.d/apt
2034734583 157 /analyse/etc/logrotate.d/pm-utils
2630501982 2151 /analyse/etc/ppp/options.pptp
759898232 1892 /analyse/etc/ppp/ip-up
1406463280 1093 /analyse/etc/ppp/peers/provider
1241765977 922 /analyse/etc/ppp/ipv6-up
872054824 581 /analyse/etc/ppp/ip-down.d/0000usepeerdns
4008952252 2200 /analyse/etc/ppp/ip-down.d/0dns-down
693426284 413 /analyse/etc/ppp/ip-down.d/000resolvconf
3303206708 902 /analyse/etc/ppp/ip-up.d/0000usepeerdns
191593018 4022 /analyse/etc/ppp/ip-up.d/0dns-up
745013418 553 /analyse/etc/ppp/ip-up.d/000resolvconf
3123196575 13209 /analyse/etc/ppp/options
2025531808 784 /analyse/etc/ppp/ipv6-down
568761267 1754 /analyse/etc/ppp/ip-down
1878181969 552 /analyse/etc/pam.conf
4072617225 477 /analyse/etc/zsh_command_not_found
1362046111 94 /analyse/etc/python3/debian_config
2259890927 306 /analyse/etc/rc.local
2440370562 34 /analyse/etc/ld.so.conf
1365657141 314 /analyse/etc/rsyslog.d/20-ufw.conf
2140886405 1655 /analyse/etc/rsyslog.d/50-default.conf
1346877386 967 /analyse/etc/mke2fs.conf
4056260198 68 /analyse/etc/ld.so.conf.d/x86_64-linux-gnu.conf
1634658909 108 /analyse/etc/ld.so.conf.d/i386-linux-gnu.conf
1183195723 44 /analyse/etc/ld.so.conf.d/libc.conf
1972709618 38 /analyse/etc/ld.so.conf.d/fakeroot-x86_64-linux-gnu.conf
3684244352 106 /analyse/etc/java-8-openjdk/security/nss.cfg
1695947989 34688 /analyse/etc/java-8-openjdk/security/java.security
4030747306 4398 /analyse/etc/java-8-openjdk/security/java.policy
4218139514 1273 /analyse/etc/java-8-openjdk/security/blacklisted.certs
735984660 1662 /analyse/etc/java-8-openjdk/jvm-amd64.cfg
4280795745 3793 /analyse/etc/java-8-openjdk/psfont.properties.ja
108529445 3376 /analyse/etc/java-8-openjdk/management/snmp.acl
327366728 14630 /analyse/etc/java-8-openjdk/management/management.properties
3232668737 3998 /analyse/etc/java-8-openjdk/management/jmxremote.access
1295356990 2856 /analyse/etc/java-8-openjdk/management/jmxremote.password
211663867 2375 /analyse/etc/java-8-openjdk/calendars.properties
1367125285 1274 /analyse/etc/java-8-openjdk/images/cursors/cursors.properties
195956133 113 /analyse/etc/java-8-openjdk/swing.properties
3185033202 11390 /analyse/etc/java-8-openjdk/psfontj2d.properties
1552922238 5916 /analyse/etc/java-8-openjdk/content-types.properties
778256975 4464 /analyse/etc/java-8-openjdk/net.properties
2214485456 3901 /analyse/etc/java-8-openjdk/flavormap.properties
1749796726 1860 /analyse/etc/java-8-openjdk/sound.properties
275548380 2455 /analyse/etc/java-8-openjdk/logging.properties
1786064735 205 /analyse/etc/X11/Xreset.d/README
1431602875 1541 /analyse/etc/X11/Xsession.d/70im-config_launch
1931583736 513 /analyse/etc/X11/Xsession.d/95dbus_update-activation-env
1978685846 336 /analyse/etc/X11/Xsession.d/70gconfd_path-on-session
1036619302 417 /analyse/etc/X11/Xsession.d/65compiz_profile-on-session
2048390995 1568 /analyse/etc/X11/Xsession.d/50x11-common_determine-startup
635263532 691 /analyse/etc/X11/Xsession.d/55gnome-session_gnomerc
1301460833 878 /analyse/etc/X11/Xsession.d/30x11-common_xresources
3370057410 629 /analyse/etc/X11/Xsession.d/90x11-common_ssh-agent
1764293467 371 /analyse/etc/X11/Xsession.d/90atk-adaptor
1132165356 2030 /analyse/etc/X11/Xsession.d/20x11-common_process-args
2329476050 166 /analyse/etc/X11/Xsession.d/99x11-common_start
2299415366 435 /analyse/etc/X11/Xsession.d/65snappy
37678272 389 /analyse/etc/X11/Xsession.d/35x11-common_xhost-local
843130194 58 /analyse/etc/X11/Xsession.d/60xbrlapi
188642585 187 /analyse/etc/X11/Xsession.d/40x11-common_xsessionrc
2856018355 257 /analyse/etc/X11/Xsession.d/90qt-a11y
1218761079 198 /analyse/etc/X11/Xsession.d/81overlay-scrollbar
1524975495 406 /analyse/etc/X11/Xsession.d/75dbus_dbus-launch
389476743 80 /analyse/etc/X11/Xsession.d/60xdg-user-dirs-update
1273352804 768 /analyse/etc/X11/Xsession.d/60x11-common_xdg_path
3796243387 146 /analyse/etc/X11/Xsession.d/60x11-common_localhost
3197898721 322 /analyse/etc/X11/Xsession.d/99upstart
1949780218 382 /analyse/etc/X11/Xsession.d/00upstart
4233088178 260 /analyse/etc/X11/Xsession.d/50_check_unity_support
2966170483 608 /analyse/etc/X11/Xsession.d/90gpg-agent
3275025470 3730 /analyse/etc/X11/Xsession
4076259670 319 /analyse/etc/X11/Xresources/x11-common
238590812 709 /analyse/etc/X11/Xreset
2024424166 265 /analyse/etc/X11/Xsession.options
4036436607 77 /analyse/etc/X11/xsm/system.xsm
236631944 6270 /analyse/etc/X11/fonts/misc/xfonts-base.alias
2038310637 2654 /analyse/etc/X11/fonts/Type1/xfonts-scalable.scale
85160373 5102 /analyse/etc/X11/fonts/Type1/tex-gyre.scale
3504563792 7283 /analyse/etc/X11/fonts/Type1/lmodern.scale
4106156773 27 /analyse/etc/X11/cursors/core.theme
347215228 32 /analyse/etc/X11/cursors/handhelds.theme
1828327051 33 /analyse/etc/X11/cursors/whiteglass.theme
3712818102 31 /analyse/etc/X11/cursors/redglass.theme
4074594685 17394 /analyse/etc/X11/rgb.txt
658708381 164 /analyse/etc/X11/xinit/xinitrc
3650808056 134 /analyse/etc/X11/xinit/xinputrc
3035908836 46 /analyse/etc/X11/xinit/xserverrc
267540392 18 /analyse/etc/X11/default-display-manager
1773617648 754 /analyse/etc/X11/app-defaults/Xfd
1498057849 1375 /analyse/etc/X11/app-defaults/Xditview-chrtr
4288073399 20 /analyse/etc/X11/app-defaults/XClock
4023795426 10325 /analyse/etc/X11/app-defaults/XCalc-color
3646586776 920 /analyse/etc/X11/app-defaults/Xmessage-color
986213006 3128 /analyse/etc/X11/app-defaults/Xditview
2499869667 106 /analyse/etc/X11/app-defaults/XLoad
1773568477 245 /analyse/etc/X11/app-defaults/XClock-color
296500043 6148 /analyse/etc/X11/app-defaults/Xman
2255310910 4774 /analyse/etc/X11/app-defaults/XFontSel
3719161925 6207 /analyse/etc/X11/app-defaults/XTerm-color
2078221785 1107 /analyse/etc/X11/app-defaults/XMore
3119456871 9877 /analyse/etc/X11/app-defaults/Editres
1256941331 973 /analyse/etc/X11/app-defaults/Viewres-color
2713913851 2353 /analyse/etc/X11/app-defaults/Xgc-color
2253994824 3630 /analyse/etc/X11/app-defaults/UXTerm
2729750780 2400 /analyse/etc/X11/app-defaults/KOI8RXTerm
1942903796 10200 /analyse/etc/X11/app-defaults/XTerm
4221848488 6209 /analyse/etc/X11/app-defaults/UXTerm-color
1449604079 6525 /analyse/etc/X11/app-defaults/Bitmap
3315437819 6584 /analyse/etc/X11/app-defaults/Bitmap-nocase
1430748604 431 /analyse/etc/X11/app-defaults/Bitmap-color
1126379901 730 /analyse/etc/X11/app-defaults/Xmag
3220831858 65 /analyse/etc/X11/app-defaults/Xgc
624996950 6217 /analyse/etc/X11/app-defaults/KOI8RXTerm-color
2315878771 6628 /analyse/etc/X11/app-defaults/Xvidtune
1640866156 615 /analyse/etc/X11/app-defaults/XConsole
3940305471 2751 /analyse/etc/X11/app-defaults/Editres-color
43247253 3871 /analyse/etc/X11/app-defaults/XSm
1413411460 121 /analyse/etc/X11/app-defaults/XLogo
2724361258 5536 /analyse/etc/X11/app-defaults/Xedit-color
2672841096 3184 /analyse/etc/X11/app-defaults/Viewres
2048276359 19327 /analyse/etc/X11/app-defaults/XCalc
2969824380 4086 /analyse/etc/X11/app-defaults/XClipboard
2169035465 248 /analyse/etc/X11/app-defaults/Xmessage
3288953618 3198 /analyse/etc/X11/app-defaults/Vncviewer
1916901894 115 /analyse/etc/X11/app-defaults/Clock-color
1254942422 15689 /analyse/etc/X11/app-defaults/Xedit
404358924 215 /analyse/etc/X11/app-defaults/XLogo-color
3471211030 100 /analyse/etc/alternatives/README
3259353955 469 /analyse/etc/compizconfig/config
1407974736 228 /analyse/etc/compizconfig/unity.ini
1875177777 839 /analyse/etc/compizconfig/unity-lowgfx.ini
2984996737 33 /analyse/etc/machine-id
389533731 529 /analyse/etc/nsswitch.conf
1122387436 155 /analyse/etc/python3.5/sitecustomize.py
1011164322 311 /analyse/etc/doc-base/documents/README
3653475305 732 /analyse/etc/groff/mdoc.local
3714871705 738 /analyse/etc/groff/man.local
1285659570 137 /analyse/etc/icedtea-web/javaws.policy
2444621017 624 /analyse/etc/mtools.conf
1099602977 677 /analyse/etc/rc2.d/README
792517864 85 /analyse/etc/apport/crashdb.conf.d/unity-crashdb.conf
530884749 79 /analyse/etc/apport/crashdb.conf.d/hud-crashdb.conf
3817552309 103 /analyse/etc/apport/crashdb.conf.d/indicator-sound-crashdb.conf
184498067 107 /analyse/etc/apport/crashdb.conf.d/indicator-appmenu-crashdb.conf
1405212593 125 /analyse/etc/apport/crashdb.conf.d/signon-crashdb.conf
286670687 1217 /analyse/etc/apport/crashdb.conf
1710184588 71 /analyse/etc/apport/blacklist.d/thunderbird
671824273 24 /analyse/etc/apport/blacklist.d/apport
2124173689 217 /analyse/etc/apport/blacklist.d/README.blacklist
632884186 59 /analyse/etc/apport/blacklist.d/firefox
3461757802 111 /analyse/etc/apport/native-origins.d/thunderbird
2270144445 103 /analyse/etc/apport/native-origins.d/firefox
3595017663 2084 /analyse/etc/sysctl.conf
3521294323 611 /analyse/etc/perl/Net/libnet.cfg
2403018180 8944 /analyse/etc/cupshelpers/preferreddrivers.xml
3301356708 1132 /analyse/etc/smi.conf
3961729206 367 /analyse/etc/bindresvport.blacklist
4209572240 612 /analyse/etc/calendar/default
1461454034 226 /analyse/etc/hosts
1917442318 12 /analyse/etc/hostname
2618666533 2836 /analyse/etc/UPower/UPower.conf
967103062 223 /analyse/etc/acpi/events/ibm-wireless
545013770 73 /analyse/etc/acpi/events/asus-wireless-off
3207512997 265 /analyse/etc/acpi/events/asus-keyboard-backlight-up
1998866337 423 /analyse/etc/acpi/events/powerbtn
2137939870 277 /analyse/etc/acpi/events/thinkpad-cmos
4035273881 271 /analyse/etc/acpi/events/asus-keyboard-backlight-down
1424593018 222 /analyse/etc/acpi/events/tosh-wireless
3880904023 72 /analyse/etc/acpi/events/asus-wireless-on
3215616566 67 /analyse/etc/acpi/events/lenovo-undock
3596339702 608 /analyse/etc/acpi/ibm-wireless.sh
2455926497 455 /analyse/etc/acpi/tosh-wireless.sh
3676937383 180 /analyse/etc/acpi/asus-wireless.sh
216949718 391 /analyse/etc/acpi/asus-keyboard-backlight.sh
4271054409 2424 /analyse/etc/acpi/powerbtn.sh
3096124185 238 /analyse/etc/acpi/undock.sh
197447675 546 /analyse/etc/ghostscript/cidfmap.d/90gs-cjk-resource-japan1.conf
3199142266 475 /analyse/etc/ghostscript/cidfmap.d/90gs-cjk-resource-cns1.conf
3444828193 504 /analyse/etc/ghostscript/cidfmap.d/90gs-cjk-resource-gb1.conf
3807937254 786 /analyse/etc/ghostscript/cidfmap.d/90gs-cjk-resource-korea1.conf
2015777568 387 /analyse/etc/ghostscript/cidfmap.d/90gs-cjk-resource-japan2.conf
1728897870 3996 /analyse/etc/ghostscript/fontmap.d/10gsfonts.conf
3116232175 102 /analyse/etc/cron.hourly/.placeholder
1434707671 299 /analyse/etc/update-motd.d/91-release-upgrade
1928170718 144 /analyse/etc/update-motd.d/98-reboot-required
1587915885 1157 /analyse/etc/update-motd.d/10-help-text
1168779219 1220 /analyse/etc/update-motd.d/00-header
1208634078 142 /analyse/etc/update-motd.d/98-fsck-at-reboot
2523562850 97 /analyse/etc/update-motd.d/90-updates-available
528088842 418 /analyse/etc/xdg/user-dirs.defaults
1604910798 3891 /analyse/etc/xdg/menus/unity-lens-applications.menu
1842453900 19392 /analyse/etc/xdg/menus/gnome-applications.menu
1673944080 2827 /analyse/etc/xdg/menus/unitycc.menu
1093138459 414 /analyse/etc/xdg/user-dirs.conf
809307500 43 /analyse/etc/xdg/Trolltech.conf
3845539250 289 /analyse/etc/xdg/autostart/onboard-autostart.desktop
1646039002 302 /analyse/etc/xdg/autostart/indicator-bluetooth.desktop
3509871995 375 /analyse/etc/xdg/autostart/print-applet.desktop
3908620948 286 /analyse/etc/xdg/autostart/indicator-power.desktop
2533541880 295 /analyse/etc/xdg/autostart/indicator-sound.desktop
977708078 301 /analyse/etc/xdg/autostart/orca-autostart.desktop
3395238769 363 /analyse/etc/xdg/autostart/unity-fallback-mount-helper.desktop
2062959224 279 /analyse/etc/xdg/autostart/gsettings-data-convert.desktop
1418661870 374 /analyse/etc/xdg/autostart/deja-dup-monitor.desktop
1492354161 424 /analyse/etc/xdg/autostart/vino-server.desktop
1258692898 485 /analyse/etc/xdg/autostart/gnome-keyring-pkcs11.desktop
1586859598 464 /analyse/etc/xdg/autostart/gnome-user-share-obexpush.desktop
3797211629 264 /analyse/etc/xdg/autostart/indicator-application.desktop
3971484097 283 /analyse/etc/xdg/autostart/indicator-messages.desktop
250890173 345 /analyse/etc/xdg/autostart/a11y-profile-manager-indicator-autostart.desktop
2955557586 252 /analyse/etc/xdg/autostart/indicator-session.desktop
3424391335 310 /analyse/etc/xdg/autostart/indicator-datetime.desktop
2469160159 298 /analyse/etc/xdg/autostart/indicator-keyboard.desktop
2687954530 448 /analyse/etc/xdg/autostart/gnome-screensaver.desktop
1798108654 210 /analyse/etc/xdg/autostart/nautilus-autostart.desktop
3854798427 444 /analyse/etc/xdg/autostart/gnome-user-share-webdav.desktop
1295994527 4474 /analyse/etc/xdg/autostart/pulseaudio.desktop
730881379 478 /analyse/etc/xdg/autostart/gnome-keyring-secrets.desktop
4149254592 350 /analyse/etc/xdg/autostart/nm-applet.desktop
59875721 445 /analyse/etc/xdg/autostart/gnome-keyring-ssh.desktop
2171897403 9344 /analyse/etc/xdg/autostart/update-notifier.desktop
4257876120 202 /analyse/etc/xdg/autostart/indicator-printers.desktop
1357232497 358 /analyse/etc/xdg/autostart/polkit-gnome-authentication-agent-1.desktop
1476996181 302 /analyse/etc/xdg/autostart/unity-settings-daemon.desktop
1194709794 168 /analyse/etc/xdg/autostart/gnome-software-service.desktop
807096657 202 /analyse/etc/xdg/autostart/at-spi-dbus-bus.desktop
4258181658 312 /analyse/etc/xdg/autostart/user-dirs-update-gtk.desktop
797114388 244 /analyse/etc/xdg/autostart/zeitgeist-datahub.desktop
1182189712 105 /analyse/etc/lsb-release
2139078538 1756 /analyse/etc/ssh/ssh_config
1662331377 300261 /analyse/etc/ssh/moduli
3991334825 6615 /analyse/etc/apparmor.d/usr.bin.firefox
993422711 732 /analyse/etc/apparmor.d/lightdm-guest-session
2663372295 1391 /analyse/etc/apparmor.d/cache/.features
2658620119 5119 /analyse/etc/apparmor.d/usr.sbin.cupsd
974216108 730 /analyse/etc/apparmor.d/tunables/xdg-user-dirs.d/site.local
661320660 430 /analyse/etc/apparmor.d/tunables/securityfs
2980530069 440 /analyse/etc/apparmor.d/tunables/proc
2476008292 804 /analyse/etc/apparmor.d/tunables/dovecot
2167998225 631 /analyse/etc/apparmor.d/tunables/multiarch
3175016174 792 /analyse/etc/apparmor.d/tunables/kernelvars
3952234653 376 /analyse/etc/apparmor.d/tunables/apparmorfs
4016290865 337 /analyse/etc/apparmor.d/tunables/home.d/ubuntu
2982095706 868 /analyse/etc/apparmor.d/tunables/xdg-user-dirs
489637289 624 /analyse/etc/apparmor.d/tunables/alias
3785475083 694 /analyse/etc/apparmor.d/tunables/global
4112823213 3612 /analyse/etc/apparmor.d/usr.bin.ubuntu-core-launcher
2673143293 714 /analyse/etc/apparmor.d/abstractions/cups-client
3806398046 524 /analyse/etc/apparmor.d/abstractions/nis
2675117080 1303 /analyse/etc/apparmor.d/abstractions/private-files
1791363344 1582 /analyse/etc/apparmor.d/abstractions/audio
3631783163 191 /analyse/etc/apparmor.d/abstractions/ubuntu-unity7-launcher
83622734 182 /analyse/etc/apparmor.d/abstractions/ubuntu-gnome-terminal
3365264204 1103 /analyse/etc/apparmor.d/abstractions/kerberosclient
2832201626 123 /analyse/etc/apparmor.d/abstractions/video
3848559286 1541 /analyse/etc/apparmor.d/abstractions/python
693225014 318 /analyse/etc/apparmor.d/abstractions/gnupg
2477898974 2445 /analyse/etc/apparmor.d/abstractions/ubuntu-unity7-base
1897637461 308 /analyse/etc/apparmor.d/abstractions/aspell
3258212976 883 /analyse/etc/apparmor.d/abstractions/user-download
1921595664 585 /analyse/etc/apparmor.d/abstractions/wutmp
2410741166 593 /analyse/etc/apparmor.d/abstractions/dbus
1844800978 476 /analyse/etc/apparmor.d/abstractions/smbpass
3315096633 637 /analyse/etc/apparmor.d/abstractions/dbus-accessibility-strict
728967862 339 /analyse/etc/apparmor.d/abstractions/ubuntu-feed-readers
209184026 470 /analyse/etc/apparmor.d/abstractions/openssl
1990443915 1646 /analyse/etc/apparmor.d/abstractions/svn-repositories
3362090040 824 /analyse/etc/apparmor.d/abstractions/launchpad-integration
1412360526 640 /analyse/etc/apparmor.d/abstractions/ibus
3219433974 343 /analyse/etc/apparmor.d/abstractions/ubuntu-konsole
1325493616 673 /analyse/etc/apparmor.d/abstractions/xdg-desktop
168855085 1512 /analyse/etc/apparmor.d/abstractions/bash
1894430517 556 /analyse/etc/apparmor.d/abstractions/ssl_keys
3922829872 641 /analyse/etc/apparmor.d/abstractions/mysql
3211304247 246 /analyse/etc/apparmor.d/abstractions/dconf
2972882252 899 /analyse/etc/apparmor.d/abstractions/p11-kit
1330574209 489 /analyse/etc/apparmor.d/abstractions/likewise
3289883826 2007 /analyse/etc/apparmor.d/abstractions/enchant
4131116984 2061 /analyse/etc/apparmor.d/abstractions/kde
1125420438 93 /analyse/etc/apparmor.d/abstractions/orbit2
1051033509 993 /analyse/etc/apparmor.d/abstractions/ubuntu-browsers.d/productivity
2154636505 3588 /analyse/etc/apparmor.d/abstractions/ubuntu-browsers.d/java
3858895605 168 /analyse/etc/apparmor.d/abstractions/ubuntu-browsers.d/ubuntu-integration-xul
3606769044 1430 /analyse/etc/apparmor.d/abstractions/ubuntu-browsers.d/ubuntu-integration
3815699854 1705 /analyse/etc/apparmor.d/abstractions/ubuntu-browsers.d/multimedia
3066642664 324 /analyse/etc/apparmor.d/abstractions/ubuntu-browsers.d/mailto
2164156406 248 /analyse/etc/apparmor.d/abstractions/ubuntu-browsers.d/kde
2095036204 654 /analyse/etc/apparmor.d/abstractions/ubuntu-browsers.d/text-editors
300036443 334 /analyse/etc/apparmor.d/abstractions/ubuntu-browsers.d/plugins-common
3714903367 795 /analyse/etc/apparmor.d/abstractions/ubuntu-browsers.d/user-files
1930839599 638 /analyse/etc/apparmor.d/abstractions/ubuntu-browsers.d/firefox
135418911 837 /analyse/etc/apparmor.d/abstractions/dbus-session-strict
2476977654 845 /analyse/etc/apparmor.d/abstractions/ssl_certs
4202142416 1544 /analyse/etc/apparmor.d/abstractions/authentication
2227870598 3587 /analyse/etc/apparmor.d/abstractions/lightdm
714760617 889 /analyse/etc/apparmor.d/abstractions/user-manpages
2711723244 883 /analyse/etc/apparmor.d/abstractions/xad
1277754993 572 /analyse/etc/apparmor.d/abstractions/dovecot-common
2818489594 3762 /analyse/etc/apparmor.d/abstractions/evince
4170193994 695 /analyse/etc/apparmor.d/abstractions/apache2-common
3269336284 476 /analyse/etc/apparmor.d/abstractions/apparmor_api/examine
3328365006 393 /analyse/etc/apparmor.d/abstractions/apparmor_api/change_profile
3875285117 502 /analyse/etc/apparmor.d/abstractions/apparmor_api/find_mountpoint
2602922167 625 /analyse/etc/apparmor.d/abstractions/apparmor_api/is_enabled
1960946194 475 /analyse/etc/apparmor.d/abstractions/apparmor_api/introspect
3644437393 3322 /analyse/etc/apparmor.d/abstractions/lightdm_chromium-browser
2537539034 2234 /analyse/etc/apparmor.d/abstractions/ubuntu-media-players
4082964601 908 /analyse/etc/apparmor.d/abstractions/php5
440810633 864 /analyse/etc/apparmor.d/abstractions/user-write
1622019611 837 /analyse/etc/apparmor.d/abstractions/user-mail
2422414363 1105 /analyse/etc/apparmor.d/abstractions/postfix-common
3751237953 739 /analyse/etc/apparmor.d/abstractions/winbind
2773817257 436 /analyse/etc/apparmor.d/abstractions/mdns
4071075375 1723 /analyse/etc/apparmor.d/abstractions/freedesktop.org
3941800995 677 /analyse/etc/apparmor.d/abstractions/dbus-strict
3476449245 601 /analyse/etc/apparmor.d/abstractions/ubuntu-console-email
3750646571 860 /analyse/etc/apparmor.d/abstractions/perl
948960056 698 /analyse/etc/apparmor.d/abstractions/ubuntu-bittorrent-clients
106694590 192 /analyse/etc/apparmor.d/abstractions/ubuntu-unity7-messaging
3103433255 686 /analyse/etc/apparmor.d/abstractions/ldapclient
4084115583 593 /analyse/etc/apparmor.d/abstractions/mir
2075086014 654 /analyse/etc/apparmor.d/abstractions/user-tmp
1907300946 1615 /analyse/etc/apparmor.d/abstractions/ubuntu-browsers
381812449 6099 /analyse/etc/apparmor.d/abstractions/base
1397819373 1893 /analyse/etc/apparmor.d/abstractions/fonts
599918112 611 /analyse/etc/apparmor.d/abstractions/ubuntu-console-browsers
966372772 906 /analyse/etc/apparmor.d/abstractions/ruby
3862224092 237 /analyse/etc/apparmor.d/abstractions/ubuntu-xterm
1850779145 2975 /analyse/etc/apparmor.d/abstractions/gnome
2322358523 3298 /analyse/etc/apparmor.d/abstractions/ubuntu-helpers
3364340816 638 /analyse/etc/apparmor.d/abstractions/dbus-session
4163425176 3371 /analyse/etc/apparmor.d/abstractions/nameservice
2809898521 798 /analyse/etc/apparmor.d/abstractions/consoles
3989370981 852 /analyse/etc/apparmor.d/abstractions/private-files-strict
3127146296 1819 /analyse/etc/apparmor.d/abstractions/X
3016251914 425 /analyse/etc/apparmor.d/abstractions/nvidia
657959766 897 /analyse/etc/apparmor.d/abstractions/ubuntu-email
4132247748 748 /analyse/etc/apparmor.d/abstractions/samba
1439433471 630 /analyse/etc/apparmor.d/abstractions/dbus-accessibility
1410565233 705 /analyse/etc/apparmor.d/abstractions/web-data
1645399653 1527 /analyse/etc/apparmor.d/usr.sbin.rsyslogd
3286973660 1455 /analyse/etc/apparmor.d/usr.sbin.tcpdump
956670159 14846 /analyse/etc/apparmor.d/usr.lib.snapd.snap-confine.real
1315155752 3310 /analyse/etc/apparmor.d/sbin.dhclient
1802390121 5995 /analyse/etc/apparmor.d/usr.bin.evince
1223165693 546 /analyse/etc/apparmor.d/usr.sbin.ippusbxd
2078431906 122 /analyse/etc/apparmor.d/local/usr.bin.firefox
1215270123 121 /analyse/etc/apparmor.d/local/usr.sbin.cupsd
4171639979 135 /analyse/etc/apparmor.d/local/usr.bin.ubuntu-core-launcher
3947212878 124 /analyse/etc/apparmor.d/local/usr.sbin.rsyslogd
1492275797 123 /analyse/etc/apparmor.d/local/usr.sbin.tcpdump
157007594 138 /analyse/etc/apparmor.d/local/usr.lib.snapd.snap-confine.real
3307509186 120 /analyse/etc/apparmor.d/local/sbin.dhclient
3865422412 121 /analyse/etc/apparmor.d/local/usr.bin.evince
1922748556 124 /analyse/etc/apparmor.d/local/usr.sbin.ippusbxd
1848984882 1111 /analyse/etc/apparmor.d/local/README
3513301581 128 /analyse/etc/apparmor.d/local/usr.sbin.cups-browsed
4137379019 469 /analyse/etc/apparmor.d/usr.sbin.cups-browsed
2084298315 727 /analyse/etc/pam.d/lightdm-greeter
3285068986 1470 /analyse/etc/pam.d/common-session
3506594085 143 /analyse/etc/pam.d/runuser
2224018924 251 /analyse/etc/pam.d/systemd-user
1453285936 56 /analyse/etc/pam.d/gnome-screensaver
1480389558 239 /analyse/etc/pam.d/sudo
3806336185 92 /analyse/etc/pam.d/newusers
4231688728 2257 /analyse/etc/pam.d/su
2807430583 1208 /analyse/etc/pam.d/common-account
1146771613 4866 /analyse/etc/pam.d/login
3191065465 92 /analyse/etc/pam.d/chpasswd
2218901665 1221 /analyse/etc/pam.d/common-auth
3418760711 606 /analyse/etc/pam.d/cron
2608741863 1435 /analyse/etc/pam.d/common-session-noninteractive
779150525 884 /analyse/etc/pam.d/lightdm
1848371173 255 /analyse/etc/pam.d/polkit-1
1016448679 551 /analyse/etc/pam.d/lightdm-autologin
3100646833 520 /analyse/etc/pam.d/other
2848123295 69 /analyse/etc/pam.d/cups
3392458214 168 /analyse/etc/pam.d/ppp
3722201352 581 /analyse/etc/pam.d/chsh
1028263524 138 /analyse/etc/pam.d/runuser-l
3176491171 92 /analyse/etc/pam.d/passwd
3915657070 384 /analyse/etc/pam.d/chfn
59878232 1480 /analyse/etc/pam.d/common-password
1453285936 56 /analyse/etc/pam.d/unity
627145561 73 /analyse/etc/shells
1079357280 2237 /analyse/etc/passwd
789307962 270 /analyse/etc/upstart-xsessions
2904189192 31 /analyse/etc/depmod.d/ubuntu.conf
1520285605 18 /analyse/etc/subgid
1675478795 748 /analyse/etc/fonts/conf.avail/89-tlwg-laksaman-synthetic.conf
1607707235 191 /analyse/etc/fonts/conf.avail/64-15-laksaman.conf
133327713 689 /analyse/etc/fonts/conf.avail/65-0-fonts-guru-extra.conf/65-0-fonts-guru-extra.conf
290550896 673 /analyse/etc/fonts/conf.avail/50-user.conf
1170867222 289 /analyse/etc/fonts/conf.avail/65-khmer.conf
2452042049 415 /analyse/etc/fonts/conf.avail/89-tlwg-waree-synthetic.conf
3331991789 1509 /analyse/etc/fonts/conf.avail/57-dejavu-sans-mono.conf
3592487823 1699 /analyse/etc/fonts/conf.avail/69-language-selector-zh-sg.conf
2262359498 490 /analyse/etc/fonts/conf.avail/10-sub-pixel-vbgr.conf
3355232985 2063 /analyse/etc/fonts/conf.avail/58-dejavu-lgc-sans.conf
3578337747 225 /analyse/etc/fonts/conf.avail/10-hinting-full.conf
182971514 866 /analyse/etc/fonts/conf.avail/20-unhint-small-dejavu-lgc-serif.conf
3595327243 522 /analyse/etc/fonts/conf.avail/11-lcdfilter-light.conf
1361554315 185 /analyse/etc/fonts/conf.avail/64-01-tlwg-kinnari.conf
1510526722 223 /analyse/etc/fonts/conf.avail/10-antialias.conf
2845252285 864 /analyse/etc/fonts/conf.avail/20-unhint-small-dejavu-lgc-sans.conf
1416668297 490 /analyse/etc/fonts/conf.avail/10-sub-pixel-vrgb.conf
3923842596 1689 /analyse/etc/fonts/conf.avail/58-dejavu-lgc-serif.conf
1407727799 184 /analyse/etc/fonts/conf.avail/64-02-tlwg-norasi.conf
2109152883 229 /analyse/etc/fonts/conf.avail/10-hinting-slight.conf
2619833874 1699 /analyse/etc/fonts/conf.avail/69-language-selector-zh-cn.conf
970704748 422 /analyse/etc/fonts/conf.avail/80-delicious.conf
2475349623 621 /analyse/etc/fonts/conf.avail/66-lohit-punjabi.conf
2028832931 744 /analyse/etc/fonts/conf.avail/89-tlwg-kinnari-synthetic.conf
3662617894 188 /analyse/etc/fonts/conf.avail/64-11-tlwg-waree.conf
2771810036 1598 /analyse/etc/fonts/conf.avail/69-language-selector-zh-mo.conf
1148436625 263 /analyse/etc/fonts/conf.avail/70-no-bitmaps.conf
3112395356 721 /analyse/etc/fonts/conf.avail/89-tlwg-loma-synthetic.conf
2718810465 10118 /analyse/etc/fonts/conf.avail/65-fonts-persian.conf
3164038644 874 /analyse/etc/fonts/conf.avail/20-unhint-small-dejavu-lgc-sans-mono.conf
1186382373 189 /analyse/etc/fonts/conf.avail/51-local.conf
1757880302 187 /analyse/etc/fonts/conf.avail/64-12-tlwg-loma.conf
150649186 192 /analyse/etc/fonts/conf.avail/64-22-tlwg-typist.conf
2521589019 484 /analyse/etc/fonts/conf.avail/10-autohint.conf
29303431 470 /analyse/etc/fonts/conf.avail/64-language-selector-prefer.conf
3837992305 1264 /analyse/etc/fonts/conf.avail/65-fonts-takao-pgothic.conf
1351474623 2082 /analyse/etc/fonts/conf.avail/69-language-selector-zh-tw.conf
3503720239 1259 /analyse/etc/fonts/conf.avail/20-unhint-small-vera.conf
4029770629 189 /analyse/etc/fonts/conf.avail/64-14-tlwg-umpush.conf
166044566 489 /analyse/etc/fonts/conf.avail/10-sub-pixel-rgb.conf
3647254620 1513 /analyse/etc/fonts/conf.avail/69-language-selector-zh-hk.conf
1175519598 866 /analyse/etc/fonts/conf.avail/20-unhint-small-dejavu-sans-mono.conf
1465514001 747 /analyse/etc/fonts/conf.avail/89-tlwg-garuda-synthetic.conf
2845537239 701 /analyse/etc/fonts/conf.avail/30-urw-aliases.conf
517364435 858 /analyse/etc/fonts/conf.avail/20-unhint-small-dejavu-serif.conf
3000540279 1649 /analyse/etc/fonts/conf.avail/57-dejavu-serif.conf
963008328 77 /analyse/etc/fonts/conf.avail/70-yes-bitmaps.conf
3739292839 856 /analyse/etc/fonts/conf.avail/20-unhint-small-dejavu-sans.conf
4237783474 481 /analyse/etc/fonts/conf.avail/10-unhinted.conf
692429849 12804 /analyse/etc/fonts/conf.avail/30-metric-aliases.conf
3679312597 489 /analyse/etc/fonts/conf.avail/10-sub-pixel-bgr.conf
1511927132 212 /analyse/etc/fonts/conf.avail/10-hinting.conf
2386558342 1545 /analyse/etc/fonts/conf.avail/58-dejavu-lgc-sans-mono.conf
1377934446 229 /analyse/etc/fonts/conf.avail/10-hinting-medium.conf
2859306880 4621 /analyse/etc/fonts/conf.avail/45-latin.conf
1207564015 1691 /analyse/etc/fonts/conf.avail/90-synthetic.conf
1748659515 5481 /analyse/etc/fonts/conf.avail/40-nonlatin.conf
575769228 526 /analyse/etc/fonts/conf.avail/11-lcdfilter-default.conf
1522638949 738 /analyse/etc/fonts/conf.avail/89-tlwg-umpush-synthetic.conf
1103180101 608 /analyse/etc/fonts/conf.avail/53-monospace-lcd-filter.conf
2351944478 491 /analyse/etc/fonts/conf.avail/10-no-sub-pixel.conf
2809512539 7959 /analyse/etc/fonts/conf.avail/65-nonlatin.conf
2004583124 190 /analyse/etc/fonts/conf.avail/64-23-tlwg-mono.conf
2799418587 1857 /analyse/etc/fonts/conf.avail/99-language-selector-zh.conf
4228518957 190 /analyse/etc/fonts/conf.avail/64-21-tlwg-typo.conf
1753397834 524 /analyse/etc/fonts/conf.avail/11-lcdfilter-legacy.conf
1449928037 545 /analyse/etc/fonts/conf.avail/49-sansserif.conf
94324379 1798 /analyse/etc/fonts/conf.avail/60-latin.conf
1250823097 1768 /analyse/etc/fonts/conf.avail/65-fonts-texgyre.conf
4284270682 672 /analyse/etc/fonts/conf.avail/69-unifont.conf
2520851794 189 /analyse/etc/fonts/conf.avail/64-13-tlwg-garuda.conf
1627724398 3256 /analyse/etc/fonts/conf.avail/25-unhint-nonlatin.conf
3820192672 2010 /analyse/etc/fonts/conf.avail/10-scale-bitmap-fonts.conf
1541805813 263 /analyse/etc/fonts/conf.avail/70-force-bitmaps.conf
2003930230 13489 /analyse/etc/fonts/conf.avail/30-cjk-aliases.conf
2112559586 2011 /analyse/etc/fonts/conf.avail/57-dejavu-sans.conf
2560502431 2838 /analyse/etc/fonts/conf.avail/65-fonts-lmodern.conf
390021079 428 /analyse/etc/fonts/conf.d/65-khmer.conf
52341793 366 /analyse/etc/fonts/conf.d/99pdftoopvp.conf
1249634991 978 /analyse/etc/fonts/conf.d/README
3306123340 2339 /analyse/etc/fonts/fonts.conf
2783514837 260 /analyse/etc/dpkg/shlibs.default
2981204144 253 /analyse/etc/dpkg/shlibs.override
1967741302 446 /analyse/etc/dpkg/dpkg.cfg
122939840 114 /analyse/etc/dpkg/origins/ubuntu
2780358281 82 /analyse/etc/dpkg/origins/debian
2323772644 204 /analyse/etc/dpkg/dpkg.cfg.d/pkg-config-hook-config
3643551106 50 /analyse/etc/apt/sources.list.d/sublime-text.list
86232534 130 /analyse/etc/apt/sources.list.d/aims-ubuntu-sagemath-xenial.list
2392708330 3010 /analyse/etc/apt/sources.list
2766851316 3009 /analyse/etc/apt/sources.list.save
987044542 12255 /analyse/etc/apt/trusted.gpg
3494358054 357 /analyse/etc/apt/trusted.gpg.d/aims_ubuntu_sagemath.gpg
4294967295 0 /analyse/etc/apt/trusted.gpg.d/aims_ubuntu_sagemath.gpg~
3236087460 42 /analyse/etc/apt/apt.conf.d/01-vendor-ubuntu
1970570349 129 /analyse/etc/apt/apt.conf.d/10periodic
2217576416 85 /analyse/etc/apt/apt.conf.d/20archive
2226510100 2656 /analyse/etc/apt/apt.conf.d/50unattended-upgrades
3736552850 8978 /analyse/etc/apt/apt.conf.d/01autoremove-kernels
1923313163 40 /analyse/etc/apt/apt.conf.d/00trustcdrom
1360122534 80 /analyse/etc/apt/apt.conf.d/20auto-upgrades
1092573501 769 /analyse/etc/apt/apt.conf.d/01autoremove
1954107255 49 /analyse/etc/apt/apt.conf.d/00aptitude
1296353262 1432 /analyse/etc/apt/apt.conf.d/50appstream
3889004265 108 /analyse/etc/apt/apt.conf.d/15update-stamp
2198296223 243 /analyse/etc/apt/apt.conf.d/20dbus
84366030 305 /analyse/etc/apt/apt.conf.d/99update-notifier
4170007483 182 /analyse/etc/apt/apt.conf.d/70debconf
3123249923 91 /analyse/etc/networks
2915442885 1366 /analyse/etc/at-spi2/accessibility.conf
620377148 9149 /analyse/etc/locale.gen
1455772870 84 /analyse/etc/default/kerneloops
571684302 549 /analyse/etc/default/crda
1927833206 1238 /analyse/etc/default/grub
2100239458 1754 /analyse/etc/default/ufw
3140542596 297 /analyse/etc/default/dbus
665503186 92 /analyse/etc/default/devpts
3524599950 150 /analyse/etc/default/keyboard
1905253816 608 /analyse/etc/default/brltty
468572858 209 /analyse/etc/default/saned
945411468 222 /analyse/etc/default/bsdmainutils
372727978 669 /analyse/etc/default/virtualbox
1589991695 1756 /analyse/etc/default/nss
36226481 306 /analyse/etc/default/networking
1030702973 183 /analyse/etc/default/cron
3175972773 132 /analyse/etc/default/speech-dispatcher
1399584102 620 /analyse/etc/default/rcS
3043742006 285 /analyse/etc/default/console-setup
551326625 124 /analyse/etc/default/rsyslog
2733169456 770 /analyse/etc/default/hostapd
2791626991 638 /analyse/etc/default/alsa
4273112734 285 /analyse/etc/default/locale
3668979735 219 /analyse/etc/default/avahi-daemon
2971579279 346 /analyse/etc/default/acpid
406452562 1127 /analyse/etc/default/im-config
1050833647 4922 /analyse/etc/default/acpi-support
3398898842 149 /analyse/etc/default/apport
296105961 1118 /analyse/etc/default/useradd
244695171 86 /analyse/etc/default/halt
2316590267 290 /analyse/etc/default/anacron
1511690044 1768 /analyse/etc/default/rsync
429285007 126 /analyse/etc/default/irqbalance
2202191711 11867 /analyse/etc/gnome/defaults.list
2570114472 5230 /analyse/etc/gnome/menus.blacklist
1748452545 722 /analyse/etc/crontab
2390564944 96 /analyse/etc/environment
68828992 151 /analyse/etc/signon-ui/webkit-options.d/www.facebook.com.conf
3585800617 331 /analyse/etc/signon-ui/webkit-options.d/accounts.google.com.conf
195347854 73 /analyse/etc/signon-ui/webkit-options.d/login.yahoo.com.conf
1948623802 355 /analyse/etc/firefox/pref/apturl.js
3248120440 163 /analyse/etc/firefox/syspref.js
2147223234 27 /analyse/etc/libao.conf
1094193882 1888 /analyse/etc/selinux/semanage.conf
1038557327 1735 /analyse/etc/dhcp/dhclient.conf
58514488 1025 /analyse/etc/dhcp/dhclient-exit-hooks.d/zzz_avahi-autoipd
1134751112 1756 /analyse/etc/dhcp/dhclient-exit-hooks.d/rfc3442-classless-routes
1411826305 1117 /analyse/etc/dhcp/dhclient-exit-hooks.d/timesyncd
2066237399 1426 /analyse/etc/dhcp/debug
4014549069 2789 /analyse/etc/dhcp/dhclient-enter-hooks.d/resolvconf
4257297556 1028 /analyse/etc/dhcp/dhclient-enter-hooks.d/avahi-autoipd
3614752114 575 /analyse/etc/profile
1780636896 653 /analyse/etc/chatscripts/pap
944833424 656 /analyse/etc/chatscripts/provider
2096865046 950 /analyse/etc/chatscripts/gprs
3116232175 102 /analyse/etc/cron.weekly/.placeholder
3525719100 86 /analyse/etc/cron.weekly/fstrim
67007301 211 /analyse/etc/cron.weekly/update-notifier-common
2153768212 312 /analyse/etc/cron.weekly/0anacron
3826169400 771 /analyse/etc/cron.weekly/man-db
515554267 12 /analyse/etc/debian_version
120078568 594 /analyse/etc/fstab
3824825750 2969 /analyse/etc/debconf.conf
61550153 228 /analyse/etc/apm/scripts.d/alsa
3416827080 2265 /analyse/etc/apm/event.d/20hdparm
3359749574 753 /analyse/etc/apm/event.d/anacron
959155119 1440 /analyse/etc/security/namespace.conf
843937547 1019 /analyse/etc/security/namespace.init
3551836704 4620 /analyse/etc/security/access.conf
793907142 419 /analyse/etc/security/sepermit.conf
214945353 3635 /analyse/etc/security/group.conf
4236711881 2179 /analyse/etc/security/time.conf
1463673622 2972 /analyse/etc/security/pam_env.conf
758627458 1718 /analyse/etc/security/pwquality.conf
1598326817 2150 /analyse/etc/security/limits.conf
71644349 11144 /analyse/etc/bash_completion.d/grub
2498529564 439 /analyse/etc/bash_completion.d/git-prompt
2147580370 2384 /analyse/etc/bash_completion.d/dkms
3855261024 736 /analyse/etc/bash_completion.d/insserv
767662064 6636 /analyse/etc/bash_completion.d/apport_completion
325653416 2276 /analyse/etc/bash_completion.d/ocamlfind
2090951677 323 /analyse/etc/bash_completion.d/desktop-file-validate
1445379418 6596 /analyse/etc/bash_completion.d/libreoffice.sh
596230923 332 /analyse/etc/ldap/ldap.conf
510436068 3 /analyse/etc/papersize
2054527146 26 /analyse/etc/issue
4087506361 210 /analyse/etc/pm/sleep.d/10_grub-common
1226201851 660 /analyse/etc/pm/sleep.d/10_unattended-upgrades-hibernate
209282162 1260 /analyse/etc/pm/sleep.d/novatel_3g_suspend
2825824862 3028 /analyse/etc/adduser.conf
1664524771 829 /analyse/etc/update-manager/release-upgrades
72728708 233 /analyse/etc/update-manager/meta-release
1225487843 1017 /analyse/etc/group
647012952 1260 /analyse/etc/ucf.conf
526396690 663 /analyse/etc/profile.d/bash_completion.sh
3064753149 1003 /analyse/etc/profile.d/cedilla-portuguese.sh
1370169823 40 /analyse/etc/profile.d/appmenu-qt5.sh
2284174651 101 /analyse/etc/profile.d/apps-bin-path.sh
3671212281 1941 /analyse/etc/profile.d/vte-2.91.sh
1118814080 26 /analyse/etc/texmf/texmf.d/00debian.cnf
362888112 475 /analyse/etc/texmf/web2c/texmf.cnf
1997985887 283 /analyse/etc/texmf/web2c/mktex.cnf
3504446164 1590 /analyse/etc/texmf/texdoctk/texdocrc.defaults
825419556 501 /analyse/etc/chromium-browser/customizations/00-example
1960624566 163 /analyse/etc/chromium-browser/default
46921210 959 /analyse/etc/pki/fwupd-metadata/GPG-KEY-Linux-Vendor-Firmware-Service
46921210 959 /analyse/etc/pki/fwupd/GPG-KEY-Linux-Vendor-Firmware-Service
722420296 1702 /analyse/etc/pki/fwupd/GPG-KEY-Hughski-Limited
2871837952 119 /analyse/etc/modules-load.d/cups-filters.conf
3829399301 4942 /analyse/etc/wgetrc
74293639 1444 /analyse/etc/openmpi/openmpi-totalview.tcl
1190812608 2812 /analyse/etc/openmpi/openmpi-mca-params.conf
262724648 1668 /analyse/etc/openmpi/openmpi-default-hostfile
787421034 1803 /analyse/etc/signond.conf
3949068421 10551 /analyse/etc/login.defs
40465669 207 /analyse/etc/libreoffice/sofficerc
3407015955 4042 /analyse/etc/libreoffice/psprint.conf
1158388099 803 /analyse/etc/libreoffice/soffice.sh
1663917016 5709 /analyse/etc/pulse/default.pa
4100235824 2046 /analyse/etc/pulse/system.pa
750965581 2282 /analyse/etc/pulse/daemon.conf
2754424187 1201 /analyse/etc/pulse/client.conf
3978962112 3066 /analyse/etc/kbd/config
2716912639 170 /analyse/etc/kbd/remap
1361795905 373 /analyse/etc/rearj.cfg
2299619051 9727 /analyse/etc/ImageMagick-6/type-ghostscript.xml
2068390545 2090 /analyse/etc/ImageMagick-6/quantization-table.xml
1441619594 1383 /analyse/etc/ImageMagick-6/colors.xml
25983497 8554 /analyse/etc/ImageMagick-6/type-dejavu.xml
1050488936 2912 /analyse/etc/ImageMagick-6/policy.xml
1394983397 842 /analyse/etc/ImageMagick-6/coder.xml
399682332 671 /analyse/etc/ImageMagick-6/type.xml
2116714128 134171 /analyse/etc/ImageMagick-6/mime.xml
520179363 13965 /analyse/etc/ImageMagick-6/delegates.xml
3578467451 956 /analyse/etc/ImageMagick-6/log.xml
102217074 888 /analyse/etc/ImageMagick-6/magic.xml
1692394500 13655 /analyse/etc/ImageMagick-6/type-windows.xml
1926856066 11302 /analyse/etc/ImageMagick-6/thresholds.xml
1145725802 49 /analyse/etc/initramfs-tools/conf.d/resume
1520544751 1647 /analyse/etc/initramfs-tools/initramfs.conf
1328240428 246 /analyse/etc/initramfs-tools/modules
3170630424 378 /analyse/etc/initramfs-tools/update-initramfs.conf
1362046111 94 /analyse/etc/python/debian_config
183419459 3988 /analyse/etc/drirc
460847640 7649 /analyse/etc/pnm2ppa.conf
1099602977 677 /analyse/etc/rc5.d/README
22236068 120 /analyse/etc/bluetooth/network.conf
3459102415 397 /analyse/etc/bluetooth/input.conf
294243610 258 /analyse/etc/bluetooth/proximity.conf
629561954 3874 /analyse/etc/bluetooth/main.conf
3116232175 102 /analyse/etc/cron.d/.placeholder
3321516567 191 /analyse/etc/cron.d/popularity-contest
1944508747 244 /analyse/etc/cron.d/anacron
854583538 348 /analyse/etc/init/tty1.conf
330317371 473 /analyse/etc/init/ufw.conf
4160606123 267 /analyse/etc/init/flush-early-job-log.conf
1847304213 309 /analyse/etc/init/alsa-utils.conf
4075666583 2493 /analyse/etc/init/networking.conf
3789426796 553 /analyse/etc/init/upstart-udev-bridge.conf
3793686403 541 /analyse/etc/init/avahi-daemon.conf
462453971 683 /analyse/etc/init/rcS.conf
3688137084 284 /analyse/etc/init/hostname.conf
4075267410 249 /analyse/etc/init/mountnfs-bootclean.sh.conf
1875423519 457 /analyse/etc/init/resolvconf.conf
2459225523 1444 /analyse/etc/init/lightdm.conf
1244667457 412 /analyse/etc/init/upstart-file-bridge.conf
456546442 119 /analyse/etc/init/procps.conf
2182553930 3709 /analyse/etc/init/apparmor.conf
1176027458 109 /analyse/etc/init/hwclock.sh.conf
1664047928 1521 /analyse/etc/init/wait-for-state.conf
703281825 997 /analyse/etc/init/bluetooth.conf
2501754430 333 /analyse/etc/init/tty2.conf
4146963289 1247 /analyse/etc/init/friendly-recovery.conf
1102637760 230 /analyse/etc/init/setvtrgb.conf
2486805682 1890 /analyse/etc/init/mounted-tmp.conf
3006263867 232 /analyse/etc/init/tty5.conf
3579742226 482 /analyse/etc/init/dbus.conf
3589313829 311 /analyse/etc/init/mountall.sh.conf
4180520802 689 /analyse/etc/init/kmod.conf
1259201409 889 /analyse/etc/init/ureadahead.conf
4092812680 1756 /analyse/etc/init/network-interface-security.conf
2702084145 261 /analyse/etc/init/mountall-reboot.conf
3059487596 683 /analyse/etc/init/ureadahead-other.conf
580294322 363 /analyse/etc/init/procps-instance.conf
830139215 661 /analyse/etc/init/rc.conf
2958670861 250 /analyse/etc/init/console-font.conf
1889442947 1232 /analyse/etc/init/mountall.conf
1722474157 1377 /analyse/etc/init/failsafe.conf
2030992538 903 /analyse/etc/init/mounted-var.conf
249526479 1122 /analyse/etc/init/container-detect.conf
3139817323 238 /analyse/etc/init/mtab.sh.conf
284087222 278 /analyse/etc/init/anacron.conf
1385369439 1815 /analyse/etc/init/cups.conf
2944745225 313 /analyse/etc/init/mountnfs.sh.conf
4169115641 453 /analyse/etc/init/whoopsie.conf
2287428361 360 /analyse/etc/init/udevmonitor.conf
1351681008 730 /analyse/etc/init/mounted-dev.conf
4165479118 357 /analyse/etc/init/rfkill-store.conf
155065718 352 /analyse/etc/init/udevtrigger.conf
417073369 186 /analyse/etc/init/gpu-manager.conf
1170282922 327 /analyse/etc/init/mountdevsubfs.sh.conf
3626007161 365 /analyse/etc/init/rfkill-restore.conf
1220162521 509 /analyse/etc/init/console-setup.conf
3304409974 300 /analyse/etc/init/hostname.sh.conf
553516643 356 /analyse/etc/init/control-alt-delete.conf
1334668553 597 /analyse/etc/init/irqbalance.conf
1826161582 277 /analyse/etc/init/shutdown.conf
118040097 307 /analyse/etc/init/checkroot.sh.conf
591827435 329 /analyse/etc/init/upstart-socket-bridge.conf
3884963909 323 /analyse/etc/init/mountkernfs.sh.conf
783922380 266 /analyse/etc/init/console.conf
422370375 618 /analyse/etc/init/mounted-run.conf
3099881927 232 /analyse/etc/init/tty6.conf
2223975197 360 /analyse/etc/init/thermald.conf
2322262177 333 /analyse/etc/init/tty4.conf
1550998388 530 /analyse/etc/init/network-interface-container.conf
3963108070 1543 /analyse/etc/init/rc-sysinit.conf
3321074546 297 /analyse/etc/init/cron.conf
3399455710 253 /analyse/etc/init/checkroot-bootclean.sh.conf
2873210891 349 /analyse/etc/init/mountall-net.conf
489398182 1626 /analyse/etc/init/apport.conf
3067140987 933 /analyse/etc/init/network-interface.conf
3998524082 333 /analyse/etc/init/tty3.conf
3023687562 525 /analyse/etc/init/cups-browsed.conf
859158659 207 /analyse/etc/init/avahi-cups-reload.conf
581924253 536 /analyse/etc/init/mounted-proc.conf
1530315696 232 /analyse/etc/init/checkfs.sh.conf
1369124822 568 /analyse/etc/init/network-manager.conf
2408220836 561 /analyse/etc/init/hwclock-save.conf
517796296 674 /analyse/etc/init/hwclock.conf
4144230153 337 /analyse/etc/init/udev.conf
3599224107 268 /analyse/etc/init/mountall-bootclean.sh.conf
1679931492 374 /analyse/etc/init/failsafe-x.conf
251697384 141 /analyse/etc/init/usb-modeswitch-upstart.conf
642940255 568 /analyse/etc/init/passwd.conf
2924665401 338 /analyse/etc/init/acpid.conf
3483351325 426 /analyse/etc/init/rsyslog.conf
2134299680 328 /analyse/etc/init/bootmisc.sh.conf
2912568614 405 /analyse/etc/init/mounted-debugfs.conf
1215521585 1201 /analyse/etc/init/mountall-shell.conf
4276053755 1992 /analyse/etc/grub.d/20_memtest86+
3746375716 11692 /analyse/etc/grub.d/30_os-prober
1353756244 11082 /analyse/etc/grub.d/20_linux_xen
1841422718 12512 /analyse/etc/grub.d/10_linux
3433344815 214 /analyse/etc/grub.d/40_custom
3472660422 6258 /analyse/etc/grub.d/05_debian_theme
2426616601 9791 /analyse/etc/grub.d/00_header
1320454770 1418 /analyse/etc/grub.d/30_uefi-firmware
557389724 216 /analyse/etc/grub.d/41_custom
2153612492 483 /analyse/etc/grub.d/README
37258405 191 /analyse/etc/libaudit.conf
381798371 23444 /analyse/etc/brltty.conf
3248120440 163 /analyse/etc/thunderbird/syspref.js
333640904 699 /analyse/etc/dkms/template-dkms-mkdeb/Makefile
198451545 150 /analyse/etc/dkms/template-dkms-mkdeb/debian/README.Debian
850521308 881 /analyse/etc/dkms/template-dkms-mkdeb/debian/rules
2602451612 8 /analyse/etc/dkms/template-dkms-mkdeb/debian/dirs
3997240700 360 /analyse/etc/dkms/template-dkms-mkdeb/debian/prerm
4283631305 2 /analyse/etc/dkms/template-dkms-mkdeb/debian/compat
3638016480 189 /analyse/etc/dkms/template-dkms-mkdeb/debian/changelog
3893178043 1233 /analyse/etc/dkms/template-dkms-mkdeb/debian/postinst
331656513 70 /analyse/etc/dkms/template-dkms-mkdeb/debian/copyright
755096772 353 /analyse/etc/dkms/template-dkms-mkdeb/debian/control
3754519664 518 /analyse/etc/dkms/framework.conf
2620879198 109 /analyse/etc/ocamlfind.conf
1524091648 31 /analyse/etc/NetworkManager/conf.d/default-wifi-powersave-on.conf
558618749 88 /analyse/etc/NetworkManager/NetworkManager.conf
1961791866 2146 /analyse/etc/NetworkManager/dispatcher.d/01ifupdown
3054896328 406 /analyse/etc/NetworkManager/VPN/nm-pptp-service.name
1470000641 111 /analyse/etc/magic
1259573818 1096 /analyse/etc/dbus-1/system.d/org.freedesktop.PackageKit-aptd.conf
3036969454 1084 /analyse/etc/dbus-1/system.d/pulseaudio-system.conf
2193558990 9720 /analyse/etc/dbus-1/system.d/org.freedesktop.systemd1.conf
143027646 1630 /analyse/etc/dbus-1/system.d/bluetooth.conf
1125708509 1569 /analyse/etc/dbus-1/system.d/org.freedesktop.ColorManager.conf
702415969 2369 /analyse/etc/dbus-1/system.d/Upstart.conf
2375037245 937 /analyse/etc/dbus-1/system.d/org.freedesktop.locale1.conf
1608171999 917 /analyse/etc/dbus-1/system.d/org.freedesktop.Accounts.conf
1502343930 932 /analyse/etc/dbus-1/system.d/org.freedesktop.thermald.conf
2715276613 10058 /analyse/etc/dbus-1/system.d/org.freedesktop.NetworkManager.conf
4062555949 1555 /analyse/etc/dbus-1/system.d/org.freedesktop.UPower.conf
3084966671 929 /analyse/etc/dbus-1/system.d/com.ubuntu.WhoopsiePreferences.conf
2195603576 947 /analyse/etc/dbus-1/system.d/org.freedesktop.timedate1.conf
3432111685 1649 /analyse/etc/dbus-1/system.d/wpa_supplicant.conf
2905536653 652 /analyse/etc/dbus-1/system.d/dnsmasq.conf
1747134112 953 /analyse/etc/dbus-1/system.d/org.freedesktop.resolve1.conf
4145839359 1007 /analyse/etc/dbus-1/system.d/com.redhat.NewPrinterNotification.conf
973699585 1604 /analyse/etc/dbus-1/system.d/org.freedesktop.network1.conf
1802057794 8280 /analyse/etc/dbus-1/system.d/org.freedesktop.ModemManager1.conf
118691997 632 /analyse/etc/dbus-1/system.d/org.freedesktop.PolicyKit1.conf
75737536 1016 /analyse/etc/dbus-1/system.d/com.redhat.PrinterDriversInstaller.conf
744506469 662 /analyse/etc/dbus-1/system.d/com.ubuntu.SoftwareProperties.conf
1607829586 1180 /analyse/etc/dbus-1/system.d/org.freedesktop.DisplayManager.conf
4199205924 12309 /analyse/etc/dbus-1/system.d/org.freedesktop.login1.conf
2088196266 733 /analyse/etc/dbus-1/system.d/com.ubuntu.LanguageSelector.conf
4107196558 1016 /analyse/etc/dbus-1/system.d/kerneloops.dbus
4270512636 726 /analyse/etc/dbus-1/system.d/com.ubuntu.SystemService.conf
1161616184 525 /analyse/etc/dbus-1/system.d/org.freedesktop.UDisks2.conf
381199316 766 /analyse/etc/dbus-1/system.d/com.ubuntu.USBCreator.conf
3762994248 465 /analyse/etc/dbus-1/system.d/nm-dispatcher.conf
552370357 894 /analyse/etc/dbus-1/system.d/nm-pptp-service.conf
4153439684 434 /analyse/etc/dbus-1/system.d/org.debian.apt.conf
2953058815 947 /analyse/etc/dbus-1/system.d/org.freedesktop.hostname1.conf
2090966798 535 /analyse/etc/dbus-1/system.d/org.opensuse.CupsPkHelper.Mechanism.conf
707549317 1144 /analyse/etc/dbus-1/system.d/avahi-dbus.conf
126977181 1375 /analyse/etc/dbus-1/system.d/Mountall.Server.conf
1918377578 1075 /analyse/etc/dbus-1/system.d/org.freedesktop.RealtimeKit1.conf
1954321130 752 /analyse/etc/dbus-1/system.d/com.hp.hplip.conf
1309609814 1043 /analyse/etc/dbus-1/system.d/org.freedesktop.fwupd.conf
1980964956 23765 /analyse/etc/gimp/2.0/gimprc
3117089878 430 /analyse/etc/gimp/2.0/gtkrc
671044219 1508 /analyse/etc/gimp/2.0/sessionrc
3914673063 1140 /analyse/etc/gimp/2.0/unitrc
2331960585 2927 /analyse/etc/gimp/2.0/controllerrc
3034180292 4791 /analyse/etc/gimp/2.0/templaterc
1644318052 117 /analyse/etc/gimp/2.0/menurc
55313232 24241 /analyse/etc/mime.types
1099602977 677 /analyse/etc/rc3.d/README
1963049028 169 /analyse/etc/gnome-app-install/packages-whitelist
1470000641 111 /analyse/etc/magic.mime
3725162450 1800 /analyse/etc/cracklib/cracklib.conf
4294967295 0 /analyse/etc/dictionaries-common/ispell-default
2000414314 351 /analyse/etc/rc6.d/README
3180004684 56 /analyse/etc/lighttpd/conf-available/90-javascript-alias.conf
215255742 5919 /analyse/etc/libpaper.d/texlive-base
3788339956 312 /analyse/etc/ufw/ufw.conf
1815773693 152 /analyse/etc/ufw/applications.d/cups
4089843803 1941 /analyse/etc/ufw/sysctl.conf
3785289514 353 /analyse/etc/rc0.d/README
2591683856 8338 /analyse/etc/nanorc
1873114172 1747 /analyse/etc/avahi/avahi-daemon.conf
728969741 2509 /analyse/etc/avahi/avahi-autoipd.action
1869421198 1121 /analyse/etc/avahi/hosts
3523245694 5170 /analyse/etc/manpath.config
2770194454 158 /analyse/etc/iftab
3958908880 890 /analyse/etc/gtk-2.0/im-multipress.conf
1795210044 1151 /analyse/etc/lintianrc
2075790553 332 /analyse/etc/network/if-down.d/upstart
3518331053 256 /analyse/etc/network/if-down.d/resolvconf
1237674466 1015 /analyse/etc/network/if-down.d/avahi-autoipd
1689409091 1070 /analyse/etc/network/if-post-down.d/wireless-tools
51240441 82 /analyse/etc/network/interfaces
3555426337 1685 /analyse/etc/network/if-up.d/ethtool
495025767 1483 /analyse/etc/network/if-up.d/upstart
2255258529 923 /analyse/etc/network/if-up.d/avahi-autoipd
3182706064 484 /analyse/etc/network/if-up.d/avahi-daemon
245939358 817 /analyse/etc/network/if-up.d/000resolvconf
3840238031 344 /analyse/etc/network/if-pre-up.d/ethtool
986190540 3839 /analyse/etc/network/if-pre-up.d/wireless-tools
1511337579 18752 /analyse/etc/sound/events/gtk-events-2.soundlist
1656631786 28631 /analyse/etc/sound/events/gnome-2.soundlist
84381110 1962 /analyse/etc/apparmor/subdomain.conf
575923495 1475 /analyse/etc/apparmor/parser.conf
77257026 13 /analyse/etc/timezone
670470605 92 /analyse/etc/host.conf
388844814 428 /analyse/etc/create_ap.conf
2951384617 952 /analyse/etc/hp/hplip.conf
3482960942 1748 /analyse/etc/inputrc
1122387436 155 /analyse/etc/python2.7/sitecustomize.py
1300908754 79 /analyse/etc/logcheck/ignore.d.server/libsasl2-modules
2154442226 804 /analyse/etc/logcheck/ignore.d.server/rsyslog
483469010 182 /analyse/etc/logcheck/ignore.d.paranoid/cracklib-runtime
1263745261 879 /analyse/etc/brltty/Text/mr.ttb
2226554664 11507 /analyse/etc/brltty/Text/pl.ttb
1041406839 878 /analyse/etc/brltty/Text/kru.ttb
2661388144 2718 /analyse/etc/brltty/Text/en-na-ascii.tti
1437541960 3728 /analyse/etc/brltty/Text/ltr-latin.tti
3526273228 1503 /analyse/etc/brltty/Text/num-nemeth.tti
3301524907 5273 /analyse/etc/brltty/Text/gujarati.tti
1813547427 874 /analyse/etc/brltty/Text/kha.ttb
1990244559 5099 /analyse/etc/brltty/Text/num-alias.tti
2085559720 10409 /analyse/etc/brltty/Text/nl_BE.ttb
2108951825 11293 /analyse/etc/brltty/Text/no-oup.ttb
3059243829 877 /analyse/etc/brltty/Text/hi.ttb
3191524073 1487 /analyse/etc/brltty/Text/num-dot8.tti
1223622803 4914 /analyse/etc/brltty/Text/gurmukhi.tti
3468997533 11258 /analyse/etc/brltty/Text/fr_FR.ttb
712871594 832 /analyse/etc/brltty/Text/sv.ttb
1684786894 876 /analyse/etc/brltty/Text/bra.ttb
1391236209 4462 /analyse/etc/brltty/Text/hu.ttb
2082225376 874 /analyse/etc/brltty/Text/mun.ttb
3229037217 880 /analyse/etc/brltty/Text/ml.ttb
295708146 2182 /analyse/etc/brltty/Text/mt.ttb
386081546 11011 /analyse/etc/brltty/Text/fr_CA.ttb
520878089 2986 /analyse/etc/brltty/Text/ru.ttb
390926707 1464 /analyse/etc/brltty/Text/num-dot6.tti
402081691 11149 /analyse/etc/brltty/Text/it.ttb
684909188 874 /analyse/etc/brltty/Text/te.ttb
1675256854 2114 /analyse/etc/brltty/Text/ga.ttb
223674187 4845 /analyse/etc/brltty/Text/ltr-tibetan.tti
2028437291 872 /analyse/etc/brltty/Text/or.ttb
2452914193 1998 /analyse/etc/brltty/Text/et.ttb
557377656 11339 /analyse/etc/brltty/Text/no-generic.ttb
598170636 878 /analyse/etc/brltty/Text/sd.ttb
2156531564 877 /analyse/etc/brltty/Text/pa.ttb
3811209773 1241 /analyse/etc/brltty/Text/sw.ttb
4169636243 1532 /analyse/etc/brltty/Text/num-nemd8.tti
2751933413 872 /analyse/etc/brltty/Text/ta.ttb
3094524889 12623 /analyse/etc/brltty/Text/es.ttb
3197791115 896 /analyse/etc/brltty/Text/gon.ttb
1885770186 833 /analyse/etc/brltty/Text/no.ttb
1513598403 11129 /analyse/etc/brltty/Text/en_US.ttb
2450249379 5462 /analyse/etc/brltty/Text/sk.ttb
2132465344 11112 /analyse/etc/brltty/Text/pt.ttb
4035213752 1346 /analyse/etc/brltty/Text/bg.ttb
386971548 2842 /analyse/etc/brltty/Text/brf.ttb
2944493545 11198 /analyse/etc/brltty/Text/fr-cbifs.ttb
3417564977 5102 /analyse/etc/brltty/Text/telugu.tti
1281761901 2340 /analyse/etc/brltty/Text/eo.ttb
2593710062 880 /analyse/etc/brltty/Text/sa.ttb
3447864851 1426 /analyse/etc/brltty/Text/punc-basic.tti
859664074 9384 /analyse/etc/brltty/Text/is.ttb
2083411711 917 /analyse/etc/brltty/Text/sat.ttb
3371081561 877 /analyse/etc/brltty/Text/mni.ttb
1359785436 2342 /analyse/etc/brltty/Text/punc-alternate.tti
1820699960 879 /analyse/etc/brltty/Text/kok.ttb
3451080571 12463 /analyse/etc/brltty/Text/fr-2007.ttb
2075263283 9815 /analyse/etc/brltty/Text/sl.ttb
1966171916 876 /analyse/etc/brltty/Text/bn.ttb
706217200 20723 /analyse/etc/brltty/Text/en-nabcc.ttb
1767901673 1650 /analyse/etc/brltty/Text/de-chess.tti
2901737630 1138 /analyse/etc/brltty/Text/common.tti
535900422 1467 /analyse/etc/brltty/Text/num-french.tti
2886505047 5331 /analyse/etc/brltty/Text/ltr-cyrillic.tti
2257829813 5573 /analyse/etc/brltty/Text/cy.ttb
3421518851 12603 /analyse/etc/brltty/Text/da-1252.ttb
438661344 1651 /analyse/etc/brltty/Text/en-chess.tti
595019916 878 /analyse/etc/brltty/Text/gu.ttb
2460522004 5121 /analyse/etc/brltty/Text/he.ttb
409588938 1719 /analyse/etc/brltty/Text/lt.ttb
1985011705 1389 /analyse/etc/brltty/Text/spaces.tti
4099312275 11714 /analyse/etc/brltty/Text/de.ttb
2621074013 15100 /analyse/etc/brltty/Text/el.ttb
2229965919 953 /analyse/etc/brltty/Text/bo.ttb
2076184307 11125 /analyse/etc/brltty/Text/sv-1989.ttb
937729632 9520 /analyse/etc/brltty/Text/cs.ttb
2191200767 1239 /analyse/etc/brltty/Text/mi.ttb
3859655398 2854 /analyse/etc/brltty/Text/tr.ttb
1294301228 9141 /analyse/etc/brltty/Text/sv-1996.ttb
2693338151 828 /analyse/etc/brltty/Text/nl.ttb
12593352 878 /analyse/etc/brltty/Text/ne.ttb
1590251309 1004 /analyse/etc/brltty/Text/ascii-basic.tti
3654907405 5898 /analyse/etc/brltty/Text/devanagari.tti
170359449 904 /analyse/etc/brltty/Text/nwc.ttb
1171352470 5316 /analyse/etc/brltty/Text/malayalam.tti
1229166021 2192 /analyse/etc/brltty/Text/ro.ttb
496484711 11337 /analyse/etc/brltty/Text/da-lt.ttb
2000304914 898 /analyse/etc/brltty/Text/new.ttb
1950337045 4851 /analyse/etc/brltty/Text/bengali.tti
2498620522 13630 /analyse/etc/brltty/Text/lv.ttb
2864896738 878 /analyse/etc/brltty/Text/bh.ttb
4100342235 9301 /analyse/etc/brltty/Text/ar.ttb
1029773881 6699 /analyse/etc/brltty/Text/en_CA.ttb
4196375951 833 /analyse/etc/brltty/Text/en.ttb
3884443599 58730 /analyse/etc/brltty/Text/ltr-alias.tti
820060322 11191 /analyse/etc/brltty/Text/fi.ttb
3850816873 3787 /analyse/etc/brltty/Text/ltr-dot8.tti
4121155427 4350 /analyse/etc/brltty/Text/tamil.tti
3054651255 1070 /analyse/etc/brltty/Text/punc-tibetan.tti
2276262282 11328 /analyse/etc/brltty/Text/da.ttb
2189860178 3414 /analyse/etc/brltty/Text/gd.ttb
1429196750 5172 /analyse/etc/brltty/Text/kannada.tti
3343481161 11456 /analyse/etc/brltty/Text/en_GB.ttb
3560066132 876 /analyse/etc/brltty/Text/pi.ttb
2362979845 9879 /analyse/etc/brltty/Text/nl_NL.ttb
2704981984 11538 /analyse/etc/brltty/Text/boxes.tti
1379559861 876 /analyse/etc/brltty/Text/dra.ttb
3362902511 876 /analyse/etc/brltty/Text/kn.ttb
2776771890 1163 /analyse/etc/brltty/Text/blocks.tti
3632552278 11614 /analyse/etc/brltty/Text/hr.ttb
280564210 878 /analyse/etc/brltty/Text/awa.ttb
1525850713 4820 /analyse/etc/brltty/Text/oriya.tti
2661767271 879 /analyse/etc/brltty/Text/mwr.ttb
1048900162 831 /analyse/etc/brltty/Text/fr.ttb
2752089206 13857 /analyse/etc/brltty/Text/vi.ttb
3641354253 1242 /analyse/etc/brltty/Text/mg.ttb
3445732117 6122 /analyse/etc/brltty/Text/hy.ttb
3297001865 12974 /analyse/etc/brltty/Text/fr-vs.ttb
3068671257 2201 /analyse/etc/brltty/Text/ctl-latin.tti
2370433668 877 /analyse/etc/brltty/Text/as.ttb
2069757454 970 /analyse/etc/brltty/Input/ce/novem.ktb
1513120149 3607 /analyse/etc/brltty/Input/ce/all.ktb
1620570131 1181 /analyse/etc/brltty/Input/np/all.ktb
3395864576 1912 /analyse/etc/brltty/Input/pm/status20.kti
1516529561 967 /analyse/etc/brltty/Input/pm/status2.kti
2772250954 850 /analyse/etc/brltty/Input/pm/el80c.ktb
229108486 875 /analyse/etc/brltty/Input/pm/el_2d_66.ktb
2724650982 3624 /analyse/etc/brltty/Input/pm/front13.kti
2100063214 850 /analyse/etc/brltty/Input/pm/el40c.ktb
3414256969 2026 /analyse/etc/brltty/Input/pm/status22.kti
2775254093 850 /analyse/etc/brltty/Input/pm/el60c.ktb
1654775398 4709 /analyse/etc/brltty/Input/pm/switches.kti
259436445 864 /analyse/etc/brltty/Input/pm/2d_s.ktb
1293251930 850 /analyse/etc/brltty/Input/pm/el40s.ktb
1231618660 870 /analyse/etc/brltty/Input/pm/trio.ktb
2579914135 875 /analyse/etc/brltty/Input/pm/el_2d_80.ktb
2064720883 850 /analyse/etc/brltty/Input/pm/el70s.ktb
374249671 873 /analyse/etc/brltty/Input/pm/el_40_p.ktb
3209267825 859 /analyse/etc/brltty/Input/pm/elb_tr_32.ktb
3521978077 861 /analyse/etc/brltty/Input/pm/ib_80.ktb
2216429883 863 /analyse/etc/brltty/Input/pm/2d_l.ktb
3677379948 1510 /analyse/etc/brltty/Input/pm/status13.kti
3015489455 850 /analyse/etc/brltty/Input/pm/el66s.ktb
2550628799 856 /analyse/etc/brltty/Input/pm/status0.kti
2500079614 850 /analyse/etc/brltty/Input/pm/el80s.ktb
4167640464 1837 /analyse/etc/brltty/Input/pm/bar.kti
2085132038 871 /analyse/etc/brltty/Input/pm/el_80.ktb
2833087986 875 /analyse/etc/brltty/Input/pm/el_2d_40.ktb
710944215 873 /analyse/etc/brltty/Input/pm/elba_20.ktb
3767490852 1018 /analyse/etc/brltty/Input/pm/status4.kti
3770078449 854 /analyse/etc/brltty/Input/pm/el2d_80s.ktb
2547470943 859 /analyse/etc/brltty/Input/pm/c_486.ktb
2918702373 1743 /analyse/etc/brltty/Input/pm/front9.kti
1286547529 859 /analyse/etc/brltty/Input/pm/elb_tr_20.ktb
3387325740 873 /analyse/etc/brltty/Input/pm/elba_32.ktb
1953432251 2720 /analyse/etc/brltty/Input/pm/keys.kti
1495194621 852 /analyse/etc/brltty/Input/pm/el80_ii.ktb
291710626 860 /analyse/etc/brltty/Input/pm/c.ktb
2675455720 1230 /analyse/etc/brltty/Input/pm/keyboard.kti
1057403609 952 /analyse/etc/brltty/Input/pm/routing.kti
3464889632 856 /analyse/etc/brltty/Input/al/sat_small.ktb
14462710 837 /analyse/etc/brltty/Input/al/voyager.ktb
3972458638 2807 /analyse/etc/brltty/Input/al/bc-smartpad.kti
3846615707 935 /analyse/etc/brltty/Input/al/abt_extra.kti
2095774877 895 /analyse/etc/brltty/Input/al/sat_large.ktb
1399842208 3522 /analyse/etc/brltty/Input/al/sat_basic.kti
1317166425 2509 /analyse/etc/brltty/Input/al/abt_basic.kti
102042945 906 /analyse/etc/brltty/Input/al/abt_large.ktb
2181425113 1113 /analyse/etc/brltty/Input/al/bc-etouch.kti
1416335478 1170 /analyse/etc/brltty/Input/al/bc680.ktb
341196550 1056 /analyse/etc/brltty/Input/al/bc640.ktb
3274691263 1058 /analyse/etc/brltty/Input/al/sat_extra.kti
2851616846 867 /analyse/etc/brltty/Input/al/abt_small.ktb
148763721 1143 /analyse/etc/brltty/Input/al/bc-thumb.kti
1507936422 3289 /analyse/etc/brltty/Input/al/bc.kti
1524086569 836 /analyse/etc/brltty/Input/al/el.ktb
3159758029 2653 /analyse/etc/brltty/Input/mm/smart.ktb
1120950012 2577 /analyse/etc/brltty/Input/mm/pocket.ktb
2924970411 2323 /analyse/etc/brltty/Input/mm/common.kti
3776192416 825 /analyse/etc/brltty/Input/vo/bp.ktb
1473515448 2670 /analyse/etc/brltty/Input/vo/all.kti
3220861122 812 /analyse/etc/brltty/Input/vo/all.ktb
2499573106 921 /analyse/etc/brltty/Input/toggle.kti
15359259 2095 /analyse/etc/brltty/Input/at/all.ktb
2670692847 745 /analyse/etc/brltty/Input/vd/all.txt
3454915735 706 /analyse/etc/brltty/Input/tt/all.txt
1110257654 2579 /analyse/etc/brltty/Input/hd/pfl.ktb
1026159925 2432 /analyse/etc/brltty/Input/hd/mbl.ktb
1003749566 3274 /analyse/etc/brltty/Input/bg/all.ktb
2548690165 2088 /analyse/etc/brltty/Input/hw/all.ktb
791008197 1605 /analyse/etc/brltty/Input/mb/all.txt
3045181187 2071 /analyse/etc/brltty/Input/mn/all.txt
873954404 302 /analyse/etc/brltty/Input/bd/all.txt
374394482 863 /analyse/etc/brltty/Input/ec/all.txt
2905595115 938 /analyse/etc/brltty/Input/ec/spanish.txt
2293967494 898 /analyse/etc/brltty/Input/ts/pb80.ktb
3230043441 823 /analyse/etc/brltty/Input/ts/nav40.ktb
1850396264 895 /analyse/etc/brltty/Input/ts/nav80.ktb
1721355620 1426 /analyse/etc/brltty/Input/ts/nav_small.kti
3362974370 898 /analyse/etc/brltty/Input/ts/pb40.ktb
2532522713 1368 /analyse/etc/brltty/Input/ts/pb_small.kti
1115794080 1450 /analyse/etc/brltty/Input/ts/nav_large.kti
2677244578 1061 /analyse/etc/brltty/Input/ts/pb_large.kti
3349253867 823 /analyse/etc/brltty/Input/ts/nav20.ktb
2475251040 4308 /analyse/etc/brltty/Input/ts/nav.kti
3092283642 3025 /analyse/etc/brltty/Input/ts/pb.kti
3011572822 898 /analyse/etc/brltty/Input/ts/pb65.ktb
2658397849 1664 /analyse/etc/brltty/Input/ts/routing.kti
1580024590 6934 /analyse/etc/brltty/Input/bp/all.kti
876505886 2387 /analyse/etc/brltty/Input/pg/all.ktb
746805366 1001 /analyse/etc/brltty/Input/menu.kti
2419398813 2013 /analyse/etc/brltty/Input/eu/joysticks.kti
2528034478 1253 /analyse/etc/brltty/Input/eu/all.txt
1510217028 886 /analyse/etc/brltty/Input/eu/esys_medium.ktb
423340121 900 /analyse/etc/brltty/Input/eu/esys_large.ktb
889442705 1336 /analyse/etc/brltty/Input/eu/sw12.kti
1243654101 872 /analyse/etc/brltty/Input/eu/sw56.kti
2625537286 869 /analyse/etc/brltty/Input/eu/esys_small.ktb
2071122841 2295 /analyse/etc/brltty/Input/eu/braille.kti
3165541653 1960 /analyse/etc/brltty/Input/eu/iris.ktb
655017924 861 /analyse/etc/brltty/Input/eu/sw34.kti
3746982886 849 /analyse/etc/brltty/Input/eu/esytime.ktb
4042057609 1102 /analyse/etc/brltty/Input/eu/common.kti
2241161656 1979 /analyse/etc/brltty/Input/eu/clio.ktb
782568899 935 /analyse/etc/brltty/Input/bn/input.kti
2275201344 6347 /analyse/etc/brltty/Input/bn/all.ktb
792311156 1485 /analyse/etc/brltty/Input/tn/all.txt
2499928500 3557 /analyse/etc/brltty/Input/bl/40_m20_m40.txt
3392447721 2728 /analyse/etc/brltty/Input/bl/18.txt
3004167491 834 /analyse/etc/brltty/Input/ht/me64.ktb
1013040294 1150 /analyse/etc/brltty/Input/ht/input.kti
2941969482 1458 /analyse/etc/brltty/Input/ht/bs.kti
1545421845 1746 /analyse/etc/brltty/Input/ht/bkwm.ktb
2869945926 1645 /analyse/etc/brltty/Input/ht/dots.kti
3551864601 848 /analyse/etc/brltty/Input/ht/bs80.ktb
1750265407 1304 /analyse/etc/brltty/Input/ht/mdlr.ktb
1693270486 829 /analyse/etc/brltty/Input/ht/bs40.ktb
1866817184 860 /analyse/etc/brltty/Input/ht/as40.ktb
523952585 1277 /analyse/etc/brltty/Input/ht/me.kti
3099098606 863 /analyse/etc/brltty/Input/ht/ab40.ktb
3667913401 1212 /analyse/etc/brltty/Input/ht/easy.ktb
1660444611 823 /analyse/etc/brltty/Input/ht/brln.ktb
3333431779 3018 /analyse/etc/brltty/Input/ht/keypad.kti
3150755996 1158 /analyse/etc/brltty/Input/ht/wave.ktb
1551258452 866 /analyse/etc/brltty/Input/ht/bb.ktb
1591893888 2460 /analyse/etc/brltty/Input/ht/rockers.kti
4064631078 853 /analyse/etc/brltty/Input/ht/me88.ktb
2640392504 832 /analyse/etc/brltty/Input/ht/cb40.ktb
2481699016 851 /analyse/etc/brltty/Input/ht/mc88.ktb
532371167 853 /analyse/etc/brltty/Input/fs/focus_basic.ktb
1821203253 1671 /analyse/etc/brltty/Input/fs/pacmate.ktb
2352025225 1882 /analyse/etc/brltty/Input/fs/focus_basic.kti
1867418400 1128 /analyse/etc/brltty/Input/fs/bumpers.kti
3523131195 861 /analyse/etc/brltty/Input/fs/focus_small.ktb
1655127434 975 /analyse/etc/brltty/Input/fs/rockers.kti
762086423 882 /analyse/etc/brltty/Input/fs/focus_large.ktb
812195524 2216 /analyse/etc/brltty/Input/fs/common.kti
933542704 58 /analyse/etc/brltty/Input/ba/all.txt
755954014 865 /analyse/etc/brltty/Input/lt/all.txt
432077888 1568 /analyse/etc/brltty/Input/mt/bd1_3.kti
1787178512 829 /analyse/etc/brltty/Input/mt/bd1_6.ktb
663730107 865 /analyse/etc/brltty/Input/mt/bd1_3s.ktb
1733459416 800 /analyse/etc/brltty/Input/mt/bd2.ktb
1026964610 806 /analyse/etc/brltty/Input/mt/status.kti
1064135984 1604 /analyse/etc/brltty/Input/mt/bd1_6.kti
1607802482 829 /analyse/etc/brltty/Input/mt/bd1_3.ktb
204841740 865 /analyse/etc/brltty/Input/mt/bd1_6s.ktb
2272779621 3016 /analyse/etc/brltty/Input/chords.kti
3380907459 885 /analyse/etc/brltty/Input/hm/qwerty.ktb
3324940851 1161 /analyse/etc/brltty/Input/hm/pan.kti
1994111675 1164 /analyse/etc/brltty/Input/hm/edge.ktb
637099579 1135 /analyse/etc/brltty/Input/hm/contexts.kti
4266616386 908 /analyse/etc/brltty/Input/hm/sync.ktb
986033807 1203 /analyse/etc/brltty/Input/hm/f18.kti
1122758267 1074 /analyse/etc/brltty/Input/hm/braille.kti
3940450509 1153 /analyse/etc/brltty/Input/hm/left.kti
2372263211 899 /analyse/etc/brltty/Input/hm/pan.ktb
338335061 2375 /analyse/etc/brltty/Input/hm/letters.kti
4083244125 1952 /analyse/etc/brltty/Input/hm/fnkey.kti
1569501592 1170 /analyse/etc/brltty/Input/hm/right.kti
2368651802 2124 /analyse/etc/brltty/Input/hm/scroll.kti
1816541257 1133 /analyse/etc/brltty/Input/hm/f14.kti
3597883678 4336 /analyse/etc/brltty/Input/hm/qwerty.kti
4093382988 803 /analyse/etc/brltty/Input/hm/common.kti
4224973006 903 /analyse/etc/brltty/Input/hm/scroll.ktb
3944372370 63 /analyse/etc/brltty/Input/lb/all.txt
2758902391 374 /analyse/etc/brltty/Input/vs/all.txt
535302802 855 /analyse/etc/brltty/Input/md/kbd.ktb
3908776758 1264 /analyse/etc/brltty/Input/md/fkeys.kti
2208201050 824 /analyse/etc/brltty/Input/md/status.kti
2474063622 855 /analyse/etc/brltty/Input/md/fk.ktb
3059770265 1191 /analyse/etc/brltty/Input/md/common.kti
483769602 891 /analyse/etc/brltty/Input/md/fk_s.ktb
1320436496 907 /analyse/etc/brltty/Input/md/default.ktb
2719628369 953 /analyse/etc/brltty/Input/md/keyboard.kti
1864117980 1422 /analyse/etc/brltty/Input/ir/all.kti
4007230548 1607 /analyse/etc/brltty/Input/ir/pc.ktb
3096034323 3225 /analyse/etc/brltty/Input/ir/brl.ktb
3229208311 66 /analyse/etc/brltty/Input/vr/all.txt
544658904 2889 /analyse/etc/brltty/Input/sk/bdp.ktb
2219072729 4434 /analyse/etc/brltty/Input/sk/ntk.ktb
3318500693 2435 /analyse/etc/brltty/Input/cb/all.ktb
202035413 846 /analyse/etc/brltty/Input/bm/dm80p.ktb
3346002624 1039 /analyse/etc/brltty/Input/bm/display6.kti
1660792894 1337 /analyse/etc/brltty/Input/bm/vk.ktb
1186429633 887 /analyse/etc/brltty/Input/bm/connect.ktb
725039511 1247 /analyse/etc/brltty/Input/bm/rb.ktb
184917621 1499 /analyse/etc/brltty/Input/bm/routing6.kti
1382423979 1184 /analyse/etc/brltty/Input/bm/front6.kti
2954240777 2625 /analyse/etc/brltty/Input/bm/d6.kti
3866923129 865 /analyse/etc/brltty/Input/bm/pv.ktb
739689795 1187 /analyse/etc/brltty/Input/bm/inka.ktb
3374006917 1363 /analyse/etc/brltty/Input/bm/routing7.kti
265478814 1168 /analyse/etc/brltty/Input/bm/b9b11b10.kti
89543254 864 /analyse/etc/brltty/Input/bm/ultra.ktb
2248754214 1847 /analyse/etc/brltty/Input/bm/front10.kti
3492414342 1281 /analyse/etc/brltty/Input/bm/status.kti
2065838404 1282 /analyse/etc/brltty/Input/bm/wheels.kti
1609112492 998 /analyse/etc/brltty/Input/bm/vertical.kti
159992908 1302 /analyse/etc/brltty/Input/bm/command.kti
2319046128 922 /analyse/etc/brltty/Input/bm/b9b10.kti
3702828943 863 /analyse/etc/brltty/Input/bm/sv.ktb
3199991475 862 /analyse/etc/brltty/Input/bm/conny.ktb
2335871452 1437 /analyse/etc/brltty/Input/bm/horizontal.kti
565668611 884 /analyse/etc/brltty/Input/bm/v80.ktb
3596818702 844 /analyse/etc/brltty/Input/bm/v40.ktb
1768960848 861 /analyse/etc/brltty/Input/bm/pronto.ktb
3710888317 883 /analyse/etc/brltty/Input/bm/pro.ktb
2864485572 2209 /analyse/etc/brltty/Input/bm/display7.kti
3737033560 863 /analyse/etc/brltty/Input/bm/default.ktb
778268488 3204 /analyse/etc/brltty/Input/bm/keyboard.kti
1652420188 2117 /analyse/etc/brltty/Keyboard/desktop.kti
3651269355 1686 /analyse/etc/brltty/Keyboard/braille.ktb
1003563609 1499 /analyse/etc/brltty/Keyboard/sun_type6.ktb
678041918 3268 /analyse/etc/brltty/Keyboard/keypad.ktb
1926819201 1441 /analyse/etc/brltty/Keyboard/braille.kti
1369795053 836 /analyse/etc/brltty/Keyboard/desktop.ktb
2887341689 1423 /analyse/etc/brltty/Keyboard/kp_say.kti
984993514 1628 /analyse/etc/brltty/Keyboard/kp_speak.kti
1537181048 3685 /analyse/etc/brltty/Keyboard/laptop.ktb
2794911535 49280 /analyse/etc/brltty/Contraction/fr-abrege.ctb
1760730437 8444 /analyse/etc/brltty/Contraction/ja.ctb
3665483013 54889 /analyse/etc/brltty/Contraction/de-kurzschrift.ctb
1868541051 6230 /analyse/etc/brltty/Contraction/latex-access.ctb
2149524837 10261 /analyse/etc/brltty/Contraction/pt.ctb
2420993574 42042 /analyse/etc/brltty/Contraction/en-us-g2.ctb
674069574 1263 /analyse/etc/brltty/Contraction/ny.ctb
2967581051 1827 /analyse/etc/brltty/Contraction/af.ctb
3127190673 1170 /analyse/etc/brltty/Contraction/ko-g1.ctb
1031667333 7257 /analyse/etc/brltty/Contraction/en-ueb-g2.ctb
1522751364 1049 /analyse/etc/brltty/Contraction/ko-g2.ctb
3238557078 7613 /analyse/etc/brltty/Contraction/es.ctb
2908511399 1270 /analyse/etc/brltty/Contraction/mun.ctb
2121368449 273309 /analyse/etc/brltty/Contraction/ko.ctb
2095568346 1234 /analyse/etc/brltty/Contraction/nl.ctb
888092278 4506 /analyse/etc/brltty/Contraction/th.ctb
3102460573 716092 /analyse/etc/brltty/Contraction/zh-tw.ctb
1097784939 3686 /analyse/etc/brltty/Contraction/si.ctb
4194610828 3444 /analyse/etc/brltty/Contraction/de-vollschrift.ctb
1229925374 16583 /analyse/etc/brltty/Contraction/ipa.ctb
2155997507 6520 /analyse/etc/brltty/Contraction/countries.cti
3705231664 1354 /analyse/etc/brltty/Contraction/ha.ctb
2664258697 1245 /analyse/etc/brltty/Contraction/mg.ctb
568119743 1227 /analyse/etc/brltty/Contraction/zu.ctb
3938740417 6198 /analyse/etc/brltty/Contraction/de-basis.ctb
2028288001 1448 /analyse/etc/brltty/Contraction/sw.ctb
2872244926 2933 /analyse/etc/brltty/Contraction/letters-latin.cti
3105684889 400497 /analyse/etc/brltty/Contraction/zh-tw-ucb.ctb
3098771859 3837 /analyse/etc/brltty/Contraction/fr-integral.ctb
1878697560 1445 /analyse/etc/brltty/Contraction/id.ctb
1043862792 12712 /analyse/etc/brltty/Contraction/am.ctb
301091209 2185 /analyse/etc/brltty/Contraction/nabcc.cti
187415866 1009 /analyse/etc/brltty/Attributes/left_right.atb
1240573538 1017 /analyse/etc/brltty/Attributes/invleft_right.atb
2252643409 1010 /analyse/etc/brltty/Attributes/upper_lower.atb
2793000623 125953 /analyse/etc/ld.so.cache
580033501 389 /analyse/etc/appstream.conf
1402160541 447 /analyse/etc/rcS.d/README
1646435348 10368 /analyse/etc/sensors3.conf
1537889633 997 /analyse/etc/ssl/certs/ssl-cert-snakeoil.pem
1353024519 207546 /analyse/etc/ssl/certs/java/cacerts
2004250327 274340 /analyse/etc/ssl/certs/ca-certificates.crt
2767458423 10835 /analyse/etc/ssl/openssl.cnf
4220775943 2995 /analyse/etc/locale.alias
2535927668 1117 /analyse/etc/pcmcia/config.opts
193039045 369 /analyse/etc/rc1.d/README
2088061180 350 /analyse/etc/popularity-contest.conf
3069939131 202 /analyse/etc/dnsmasq.d/network-manager
698160196 300 /analyse/etc/gnome-vfs-2.0/modules/default-modules.conf
2273873181 411 /analyse/etc/hosts.allow
2755283197 160 /analyse/etc/newt/palette.ubuntu
4294967295 0 /analyse/etc/newt/palette.original
4247611854 280 /analyse/etc/fuse.conf
2361286129 1130 /analyse/etc/libnl-3/classid
548502380 1532 /analyse/etc/libnl-3/pktloc
403669978 8980 /analyse/etc/skel/examples.desktop
4227313343 220 /analyse/etc/skel/.bash_logout
867371190 655 /analyse/etc/skel/.profile
1623673384 3771 /analyse/etc/skel/.bashrc
4294967295 0 /analyse/etc/.java/.systemPrefs/.systemRootModFile
4294967295 0 /analyse/etc/.java/.systemPrefs/.system.lock
14436008 53730 /analyse/etc/mailcap
3335806497 401 /analyse/etc/anacrontab
776182296 212 /analyse/etc/terminfo/README
3618154256 127 /analyse/etc/apache2/conf-available/javascript-common.conf
3005305419 534 /analyse/etc/systemd/timesyncd.conf
109765895 1127 /analyse/etc/systemd/user.conf
3292810119 610 /analyse/etc/systemd/resolved.conf
2613301636 1537 /analyse/etc/systemd/system.conf
3825411433 986 /analyse/etc/systemd/logind.conf
1214809350 720 /analyse/etc/systemd/bootchart.conf
2565099074 1011 /analyse/etc/systemd/journald.conf
2057747124 177 /analyse/etc/gss/mech.d/README
3584035108 3102 /analyse/etc/init.d/kerneloops
2742615736 1275 /analyse/etc/init.d/bootmisc.sh
1919799856 2757 /analyse/etc/init.d/x11-common
1276563877 661 /analyse/etc/init.d/reboot
3744524363 1194 /analyse/etc/init.d/.depend.stop
4002527598 5336 /analyse/etc/init.d/alsa-utils
1591553338 9353 /analyse/etc/init.d/checkroot.sh
2500784763 711 /analyse/etc/init.d/mountnfs-bootclean.sh
647918438 1461 /analyse/etc/init.d/mountdevsubfs.sh
1438156902 2968 /analyse/etc/init.d/bluetooth
3492583545 1961 /analyse/etc/init.d/cups-browsed
3554271931 3807 /analyse/etc/init.d/checkfs.sh
2974106505 2049 /analyse/etc/init.d/ufw
1269181534 2813 /analyse/etc/init.d/dbus
836837781 1461 /analyse/etc/init.d/.depend.start
3487673308 1366 /analyse/etc/init.d/plymouth
952656462 1300 /analyse/etc/init.d/killprocs
3868912422 6223 /analyse/etc/init.d/apparmor
3950549040 1172 /analyse/etc/init.d/dns-clean
1226559144 2125 /analyse/etc/init.d/brltty
2976223589 2522 /analyse/etc/init.d/saned
446229624 2202 /analyse/etc/init.d/umountnfs.sh
4107193796 1391 /analyse/etc/init.d/unattended-upgrades
2793046324 1192 /analyse/etc/init.d/procps
1771828587 6452 /analyse/etc/init.d/virtualbox
2768756149 3111 /analyse/etc/init.d/urandom
1464493142 4771 /analyse/etc/init.d/networking
3579594798 3049 /analyse/etc/init.d/cron
229088262 994 /analyse/etc/init.d/.depend.boot
1399113782 597 /analyse/etc/init.d/single
2928026628 2301 /analyse/etc/init.d/mountall.sh
2402331421 3431 /analyse/etc/init.d/lightdm
2095513154 2117 /analyse/etc/init.d/speech-dispatcher
14257817 6087 /analyse/etc/init.d/udev
440330367 117 /analyse/etc/init.d/rcS
1898335621 3809 /analyse/etc/init.d/hwclock.sh
3981525827 4149 /analyse/etc/init.d/resolvconf
465212724 1306 /analyse/etc/init.d/uuidd
2161703411 1564 /analyse/etc/init.d/mountkernfs.sh
2503172521 752 /analyse/etc/init.d/plymouth-log
1209734970 1343 /analyse/etc/init.d/console-setup
1683029271 2796 /analyse/etc/init.d/rsyslog
3175120456 703 /analyse/etc/init.d/mountall-bootclean.sh
1557416829 2087 /analyse/etc/init.d/kmod
2703033704 1804 /analyse/etc/init.d/keyboard-setup.dpkg-bak
566416734 2737 /analyse/etc/init.d/umountfs
4235683562 1098 /analyse/etc/init.d/checkroot-bootclean.sh
3172266719 612 /analyse/etc/init.d/pppd-dns
823527858 2816 /analyse/etc/init.d/cups
4199433702 1517 /analyse/etc/init.d/hostapd
1635883573 1154 /analyse/etc/init.d/thermald
2595742006 2456 /analyse/etc/init.d/mountnfs.sh
56556234 820 /analyse/etc/init.d/rc.local
4210250929 1581 /analyse/etc/init.d/ondemand
1923268045 6366 /analyse/etc/init.d/rc
3077052121 1879 /analyse/etc/init.d/umountroot
3048628796 2401 /analyse/etc/init.d/avahi-daemon
2311813136 2243 /analyse/etc/init.d/acpid
3781347455 1105 /analyse/etc/init.d/grub-common
998239554 2799 /analyse/etc/init.d/apport
822868237 1757 /analyse/etc/init.d/network-manager
3760928640 485 /analyse/etc/init.d/whoopsie
3730093082 1423 /analyse/etc/init.d/hostname.sh
1253505184 1336 /analyse/etc/init.d/halt
1937086198 1087 /analyse/etc/init.d/skeleton
1610131801 3927 /analyse/etc/init.d/sendsigs
2765053664 2014 /analyse/etc/init.d/anacron
985891068 4355 /analyse/etc/init.d/rsync
2331284339 2372 /analyse/etc/init.d/irqbalance
1792062828 2427 /analyse/etc/init.d/README
909008550 331 /analyse/etc/fwupd.conf
58464449 754 /analyse/etc/sane.d/coolscan3.conf
3639539183 1684 /analyse/etc/sane.d/umax_pp.conf
692184319 13 /analyse/etc/sane.d/nec.conf
2155698035 22 /analyse/etc/sane.d/hpsj5s.conf
320596984 396 /analyse/etc/sane.d/hp3900.conf
4136528058 4140 /analyse/etc/sane.d/artec_eplus48u.conf
1102587860 14 /analyse/etc/sane.d/agfafocus.conf
4139711442 704 /analyse/etc/sane.d/dc25.conf
611742235 279 /analyse/etc/sane.d/microtek2.conf
3496201501 268 /analyse/etc/sane.d/microtek.conf
1984117633 221 /analyse/etc/sane.d/epsonds.conf
1771063710 809 /analyse/etc/sane.d/mustek_usb.conf
4092981002 492 /analyse/etc/sane.d/pixma.conf
652016659 793 /analyse/etc/sane.d/epson.conf
3786941290 2224 /analyse/etc/sane.d/st400.conf
75506145 376 /analyse/etc/sane.d/epson2.conf
3889761639 187 /analyse/etc/sane.d/ma1509.conf
2882187961 573 /analyse/etc/sane.d/net.conf
2052211605 12 /analyse/etc/sane.d/dmc.conf
2198661859 391 /analyse/etc/sane.d/qcam.conf
3449539120 497 /analyse/etc/sane.d/hp.conf
3576812484 26 /analyse/etc/sane.d/canon.conf
1814864900 183 /analyse/etc/sane.d/rts8891.conf
692184319 13 /analyse/etc/sane.d/s9036.conf
1100038325 25 /analyse/etc/sane.d/abaton.conf
1468356960 29 /analyse/etc/sane.d/bh.conf
2318998981 24 /analyse/etc/sane.d/hs2p.conf
2385862880 509 /analyse/etc/sane.d/cardscan.conf
532859312 984 /analyse/etc/sane.d/dc210.conf
931930902 2125 /analyse/etc/sane.d/mustek.conf
4194566139 1807 /analyse/etc/sane.d/test.conf
123076757 24 /analyse/etc/sane.d/apple.conf
562826729 238 /analyse/etc/sane.d/hp5400.conf
2395338914 2239 /analyse/etc/sane.d/snapscan.conf
3461860325 386 /analyse/etc/sane.d/umax1220u.conf
3801279489 3094 /analyse/etc/sane.d/umax.conf
2573668625 367 /analyse/etc/sane.d/kodak.conf
1232761843 28 /analyse/etc/sane.d/tamarack.conf
3030469276 7795 /analyse/etc/sane.d/gt68xx.conf
3565056257 26 /analyse/etc/sane.d/artec.conf
796073447 217 /analyse/etc/sane.d/teco3.conf
4278056096 113 /analyse/etc/sane.d/leo.conf
2355551896 178 /analyse/etc/sane.d/stv680.conf
3107369415 38 /analyse/etc/sane.d/ibm.conf
3337485071 1149 /analyse/etc/sane.d/gphoto2.conf
3915079863 115 /analyse/etc/sane.d/sm3840.conf
1640772168 548 /analyse/etc/sane.d/avision.conf
3310922481 636 /analyse/etc/sane.d/teco2.conf
312707687 1495 /analyse/etc/sane.d/u12.conf
162787661 2008 /analyse/etc/sane.d/genesys.conf
3182824283 29 /analyse/etc/sane.d/ricoh.conf
3742533300 943 /analyse/etc/sane.d/plustek_pp.conf
1933467202 38 /analyse/etc/sane.d/dll.d/hplip
2068294166 2248 /analyse/etc/sane.d/fujitsu.conf
1541185532 75 /analyse/etc/sane.d/pie.conf
1398092244 492 /analyse/etc/sane.d/dell1600n_net.conf
4090497672 1464 /analyse/etc/sane.d/sharp.conf
4169308543 3824 /analyse/etc/sane.d/mustek_pp.conf
632174530 754 /analyse/etc/sane.d/coolscan2.conf
2222392652 1098 /analyse/etc/sane.d/dll.conf
3536793011 4142 /analyse/etc/sane.d/plustek.conf
554695555 666 /analyse/etc/sane.d/matsushita.conf
2776207423 119 /analyse/etc/sane.d/lexmark.conf
3551075315 76 /analyse/etc/sane.d/hp4200.conf
248658197 48 /analyse/etc/sane.d/sceptre.conf
3288503950 34 /analyse/etc/sane.d/coolscan.conf
3526611810 2569 /analyse/etc/sane.d/epjitsu.conf
1021348407 365 /analyse/etc/sane.d/p5.conf
1312405133 1160 /analyse/etc/sane.d/canon_pp.conf
143624313 10 /analyse/etc/sane.d/sp15c.conf
1905535380 3885 /analyse/etc/sane.d/canon_dr.conf
532859312 984 /analyse/etc/sane.d/dc240.conf
612064796 193 /analyse/etc/sane.d/canon630u.conf
1379845964 1052 /analyse/etc/sane.d/saned.conf
1674336914 355 /analyse/etc/sane.d/teco1.conf
858983436 2599 /analyse/etc/sane.d/kodakaio.conf
519880869 1254 /analyse/etc/sane.d/magicolor.conf
1805064253 3424 /analyse/etc/sane.d/xerox_mfp.conf
3827764205 144 /analyse/etc/gtk-3.0/settings.ini
3958908880 890 /analyse/etc/gtk-3.0/im-multipress.conf
2774569074 8 /analyse/etc/mysql/conf.d/mysql.cnf
3253758700 55 /analyse/etc/mysql/conf.d/mysqldump.cnf
827378347 839 /analyse/etc/mysql/my.cnf.fallback
364804881 1120 /analyse/etc/kernel/header_postinst.d/dkms
2253544784 630 /analyse/etc/kernel/prerm.d/dkms
3587680183 821 /analyse/etc/kernel/postrm.d/initramfs-tools
3461845403 646 /analyse/etc/kernel/postrm.d/zz-update-grub
3298852743 858 /analyse/etc/kernel/postinst.d/initramfs-tools
3461845403 646 /analyse/etc/kernel/postinst.d/zz-update-grub
364804881 1120 /analyse/etc/kernel/postinst.d/dkms
31350837 73 /analyse/etc/kernel/postinst.d/unattended-upgrades
3304714640 196 /analyse/etc/kernel/postinst.d/pm-utils
1584202517 2713 /analyse/etc/kernel/postinst.d/apt-auto-removal
3202712038 16786 /analyse/etc/wireshark/init.lua
2970026045 45 /analyse/etc/sgml/xml-core.cat
488930499 48 /analyse/etc/sgml/metacity-common.cat
3164658350 711 /analyse/etc/hosts.deny
809647450 887 /analyse/etc/rpc
4294967295 0 /analyse/etc/sensors.d/.placeholder
3867185987 1978 /analyse/etc/dconf/db/ibus.d/00-upstream-settings
1994706068 3163 /analyse/etc/dconf/db/ibus
1526820032 28 /analyse/etc/dconf/profile/ibus
]0;ubuntu@ubuntu-xenial: ~[01;32mubuntu@ubuntu-xenial[00m:[01;34m~[00m$ find /bin /etc -type f | xargs cksum > /vagrant/cksums_vagrant_virtual_machine.log
find /bin /etc -type f | xargs cksum > /vagrant/cksums_v agrant_virtual_machine.log
find: '/etc/sudoers.d': Permission denied
find: '/etc/ssl/private': Permission denied
find: '/etc/polkit-1/localauthority': Permission denied
cksum: /etc/subuid-: Permission denied
cksum: /etc/ppp/pap-secrets: Permission denied
cksum: /etc/ppp/chap-secrets: Permission denied
cksum: /etc/subgid-: Permission denied
cksum: /etc/passwd-: Permission denied
cksum: /etc/ssh/ssh_host_dsa_key: Permission denied
cksum: /etc/ssh/ssh_host_rsa_key: Permission denied
cksum: /etc/ssh/ssh_host_ed25519_key: Permission denied
cksum: /etc/ssh/ssh_host_ecdsa_key: Permission denied
cksum: /etc/apparmor.d/cache/usr.sbin.tcpdump: Permission denied
cksum: /etc/apparmor.d/cache/usr.lib.snapd.snap-confine.real: Permission denied
cksum: /etc/apparmor.d/cache/sbin.dhclient: Permission denied
cksum: /etc/apparmor.d/cache/lxc-containers: Permission denied
cksum: /etc/apparmor.d/cache/usr.sbin.ippusbxd: Permission denied
cksum: /etc/apparmor.d/cache/usr.bin.lxc-start: Permission denied
cksum: /etc/apparmor.d/cache/usr.lib.lxd.lxd-bridge-proxy: Permission denied
cksum: /etc/sudoers: Permission denied
cksum: /etc/gshadow-: Permission denied
cksum: /etc/.pwd.lock: Permission denied
cksum: /etc/security/opasswd: Permission denied
cksum: /etc/shadow: Permission denied
cksum: /etc/ufw/after.init: Permission denied
cksum: /etc/ufw/before.rules: Permission denied
cksum: /etc/ufw/user6.rules: Permission denied
cksum: /etc/ufw/after.rules: Permission denied
cksum: /etc/ufw/before6.rules: Permission denied
cksum: /etc/ufw/after6.rules: Permission denied
cksum: /etc/ufw/user.rules: Permission denied
cksum: /etc/ufw/before.init: Permission denied
cksum: /etc/shadow-: Permission denied
cksum: /etc/group-: Permission denied
cksum: /etc/iscsi/initiatorname.iscsi: Permission denied
cksum: /etc/iscsi/iscsid.conf: Permission denied
cksum: /etc/at.deny: Permission denied
cksum: /etc/gshadow: Permission denied
]0;ubuntu@ubuntu-xenial: ~[01;32mubuntu@ubuntu-xenial[00m:[01;34m~[00m$ 