[    0.000000] Initializing cgroup subsys cpuset
[    0.000000] Initializing cgroup subsys cpu
[    0.000000] Initializing cgroup subsys cpuacct
[    0.000000] Linux version 4.4.0-92-generic (buildd@lcy01-17) (gcc version 5.4.0 20160609 (Ubuntu 5.4.0-6ubuntu1~16.04.4) ) #115-Ubuntu SMP Thu Aug 10 09:04:33 UTC 2017 (Ubuntu 4.4.0-92.115-generic 4.4.76)
[    0.000000] Command line: BOOT_IMAGE=/boot/vmlinuz-4.4.0-92-generic root=UUID=fc2a548c-2071-4dd0-8df4-e11f93130c33 ro console=tty1 console=ttyS0
[    0.000000] KERNEL supported cpus:
[    0.000000]   Intel GenuineIntel
[    0.000000]   AMD AuthenticAMD
[    0.000000]   Centaur CentaurHauls
[    0.000000] x86/fpu: xstate_offset[2]:  576, xstate_sizes[2]:  256
[    0.000000] x86/fpu: Supporting XSAVE feature 0x01: 'x87 floating point registers'
[    0.000000] x86/fpu: Supporting XSAVE feature 0x02: 'SSE registers'
[    0.000000] x86/fpu: Supporting XSAVE feature 0x04: 'AVX registers'
[    0.000000] x86/fpu: Enabled xstate features 0x7, context size is 832 bytes, using 'standard' format.
[    0.000000] x86/fpu: Using 'lazy' FPU context switches.
[    0.000000] e820: BIOS-providd physical RAM map:
[    0.000000] BIOS-e820: [mem 0x0000000000000000-0x000000000009fbff] usable
[    0.000000] BIOS-e820: [mem 0x000000000009fc00-0x000000000009ffff] reserved
[    0.000000] BIOS-e820: [mem 0x00000000000f0000-0x00000000000fffff] reserved
[    0.000000] BIOS-e820: [mem 0x0000000000100000-0x000000003ffeffff] usable
[  0.00000] BIOS-e820: [mem 0x000000003fff0000-0x000000003fffffff] ACPI data
[    0.000000] BIOS-e820: [mem 0x00000000fffc0000-0x00000000ffffffff] reserved
[    0.000000] NX (Execute Disable) protection: active
[    0.000000] SMBIOS 2.5 present.
[    0.000000] Hypervisor detected: KVM
[    0.000000] e820: last_pfn = 0x3fff0 max_arch_pfn = 0x400000000
[    0.000000] MTRR: Disabled
[    0.000000] x86/PAT: MTRRs disabled, skipping PAT initialization too.
[    0.000000] x86/PAT: Configuration [0-7]: WB  WT  UC- UC  WB  WT  UC- UC  
[    0.000000] CPU MTRRs all blank - virtualized system.
[    0.000000] found SMP MP-table at [mem 0x0009fff0-0x0009fff] mapped at [ffff88000009fff0]
[    0.000000] Scanning 1 areas for low memory corruption
[    0.000000] RAMDISK: [mem 0x34c48000-0x3661bfff]
[    0.000000] ACPI: Early table checksum verification disabled
[    0.000000] ACPI: RSDP 0x00000000000E0000 000024 (v02 VBOX  )
[    0.000000] ACPI: XSDT 0x000000003FFF0030 00003C (v01 VBOX   VBOXXSDT 00000001 ASL  00000061)
[    0.000000] ACPI: FACP 0x000000003FFF00F0 0000F4 (v04 VBOX   VBOXFACP 00000001 ASL  00000061)
[    0.000000] ACPI: DSDT 0x000000003FFF0470 002118 (v01 VBOX   VBOXBIOS 00000002 INTL 20160108)
[    0.000000] ACPI: FACS 0x000000003FFF0200 000040
[    0.000000] ACPI: FACS 0x000000003FFF0200 000040
[    0.000000] ACPI: APIC 0x000000003FFF0240 00005C (v02 VBOX   VBOXAPIC 00000001 ASL  00000061)
[    0.000000] ACPI: SSDT 0x000000003FFF02A0 0001CC (v01 VBOX   VBOXCPUT 00000002 INTL 20160108)
[    0.000000] No NUMA configuration found
[    0.000000] Faking a node at [mem 0x0000000000000000-0x000000003ffeffff]
[    0.000000] NODE_DATA(0) allocated [mem 0x3ffeb000-0x3ffeffff]
[    0.000000] kvm-clock: Using msrs 4b564d01 and 4b564d00
[    0.000000] kvm-clock: cpu 0, msr 0:3ffe3001, primary cpu clock
[    0.000000] kvm-clock: using sched offset of 3811415091 cycles
[    0.000000] clocksource: kvm-clock: mask: 0xffffffffffffffff max_cycles: 0x1cd42e4dffb, max_idle_ns: 881590591483 ns
[    0.000000] Zone ranges:
[    0.000000]   DMA      [mem 0x0000000000001000-0x0000000000ffffff]
[    0.000000]   DMA32    [mem 0x0000000001000000-0x000000003ffeffff]
[    0.000000]   Normal   empty
[    0.000000]   Device   empty
[    0.000000] Movable zone start for each node
[    0.000000] Early memory node ranges
[    0.000000]   node   0: [mem 0x0000000000001000-0x000000000009efff]
[    0.000000]   node   0: [mem 0x0000000000100000-0x000000003ffeffff]
[    0.000000] Initmem setup node 0 [mem 0x0000000000001000-0x000000003ffeffff]
[    0.000000] ACPI: PM-Timer IO Port: 0x4008
[    0.000000] IOAPIC[0]: apic_id 2, version 17, address 0xfec00000, GSI 0-23
[    0.000000] ACPI: INT_SRC_OVR (bus 0 bus_irq 0 global_irq 2 dfl dfl)
[    0.000000] ACPI: INT_SRC_OVR (bus 0 bus_irq 9 global_irq 9 high level)
[    0.000000] Using ACPI (MADT) for SMP configuration information
[    0.000000] smpboot: Allowing 2 CPUs, 0 hotplug CPUs
[    0.000000] PM: Registered nosave memory: [mem 0x00000000-0x00000fff]
[    0.000000] PM: Registered nosave memory: [mem 0x0009f000-0x0009ffff]
[    0.000000] PM: Registered nosave memory: [mem 0x000a0000-0x000effff]
[    0.000000] PM: Registered nosave memory: [mem 0x000f0000-0x000fffff]
[    0.000000] e820: [mem 0x40000000-0xfffbffff] available for PCI devices
[    0.000000] Booting paravirtualized kernel on KVM
[    0.000000] clocksource: refined-jiffies: mask: 0xffffffff max_cycles: 0xffffffff, max_idle_ns: 7645519600211568 ns
[    0.000000] setup_percpu: NR_CPUS:512 nr_cpumask_bits:512 nr_cpu_ids:2 nr_node_ids:1
[    0.000000] PERCPU: Embedded 33 pages/cpu @ffff88003fc00000 s98264 r8192 d28712 u1048576
[    0.000000] PV qspinlock hash table entries: 256 (order: 0, 4096 bytes)
[    0.000000] Built 1 zonelists in Node order, mobility grouping on.  Total pages: 257913
[    0.000000] Policy zone: DMA32
[    0.000000] rnl command line: BOOT_IMAGE=/boot/vmlinuz-4.4.0-92-generic root=UUID=fc2a548c-2071-4dd0-8df4-e11f93130c33 ro console=tty1 console=ttyS0
[    0.000000] PID hash table entries: 4096 (order: 3, 32768 bytes)
[    0.000000] Memory: 986128K/1048120K available (8474K kernel code, 1294K rwdata, 3984K rodata, 1488K init, 1316K bss, 61992K reserved, 0K cma-reserved)
[    0.000000] SLUB: HWalign=64, Order=0-3, MinObjects=0, CPUs=2, Nodes=1
[    0.000000] Hierarchical RCU implementation.
[    0.000000] 	Build-time adjustment of leaf fanout to 64.
[    0.000000] 	RCU restricting CPUs from NR_CPUS=512 to nr_cpu_ids=2.
[    0.000000] RCU: Adjusting geometry for rcu_fanout_leaf=64, nr_cpu_ids=2
[    0.000000] NR_IRQS:33024 nr_irqs:440 16
[    0.000000] Console: colour VGA+ 80x25
[    0.000000] console [tty1] enabled
[    0.000000] console [ttyS0] enabled
[    0.000000] tsc: Detected 2198.630 MHz processor
[    0.487670] Calibrating delay loop (skipped) preset value.. 4397.26 BogoMIPS (lpj=8794520)
[    0.495612] pid_max: default: 32768 minimum: 301
[    0.496557] ACPI: Core revision 20150930
[    0.503697] ACPI: 2 ACPI AML tables successfully acquired and loaded
[    0.504946] Security Framework initialized
[    0.505756] Yama: becoming mindful.
[    0.506560] AppArmor: AppArmor initialized
[    0.515537] Dentry cache hash table entries: 131072 (order: 8, 1048576 bytes)
[    0.535761] Inode-cache hash table entries: 65536 (order: 7, 524288 bytes)
[    0.573885] Mount-cache hash table entries: 2048 (order: 2, 16384 bytes)
[    0.591098] Mountpoint-cache hash table entries: 2048 (order: 2, 16384 bytes)
[    0.597905] Initializing cgroup subsys io
[    0.607415] Initializing cgroup subsys memory
[    0.611453] Initializing cgroup subsys devices
[    0.612273] Initializing cgroup subsys freezer
[    0.635121] Initializing cgroup subsys net_cls
[    0.647444] Initializing cgroup subsys perf_event
[    0.652033] Initializing cgroup subsys net_prio
[    0.683853] Initializing cgroup subsys hugetlb
[    0.722938] Initializing cgroup subsys pids
[    0.723822] CPU: Physical Processor ID: 0
[    0.724591] CPU: Processor Core ID: 0
[    0.726316] mce: CPU supports 0 MCE banks
[    0.782971] Last level iTLB entries: 4KB 64, 2MB 8, 4MB 8
[    0.783909] Last level dTLB entries: 4KB 64, 2MB 0, 4MB 0, 1GB 4
[    0.786860] Freeing SMP alternatives memory: 32K (ffffffff820b9000 - ffffffff820c1000)
[    0.796397] ftrace: allocating 32131 entries in 126 pages
[    0.859037] smpboot: APIC(0) Converting physical 0 to logical package 0
[    0.865578] smpboot: Max logical packages: 1
[    0.868201] ..TIMER: vector=0x30 apic1=0 pin1=2 apic2=-1 pin2=-1
[    1.001803] smpboot: CPU0: Intel(R) Core(TM) i5-5200U CPU @ 2.20GHz (family: 0x6, model: 0x3d, stepping: 0x4)
[    1.072455] Performance Events: unsupported p6 CPU model 61 no PMU driver, software events only.
[    1.074197] KVM setup paravirtual spinlock
[    1.075716] x86: Booting SMP configuration:
[    1.076512] .... node  #0, CPUs:      #1
[    1.077367] kvm-clock: cpu 1, msr 0:3ffe3041, secondary cpu clock
[    1.079295] mce: CPU supports 0 MCE banks
[    1.088325] x86: Booted up 1 node, 2 CPUs
[    1.133609] smpboot: Total of 2 processors activated (8794.52 BogoMIPS)
[    1.175216] devtmpfs: initialized
[    1.227743] evm: security.selinux
[    1.241284] evm: security.SMACK64
[    1.241974] evm: security.SMACK64EXEC
[    1.242697] evm: security.SMACK64TRANSMUTE
[    1.243468] evm: security.SMACK64MMAP
[    1.244219] evm: security.ima
[    1.244989] evm: security.capability
[    1.246037] clocksource: jiffies: mask: 0xffffffff max_cycles: 0xffffffff, max_idle_ns: 7645041785100000 ns
[    1.247739] futex hash table entries: 512 (order: 3, 32768 bytes)
[    1.248936] pinctrl core: initialized pinctrl subsystem
[    1.250051] RTC time: 20:57:15, date: 11/12/17
[    1.266714] NET: Registered protocol family 16
[    1.285637] cpuidle: using governor ladder
[    1.309923] cpuidle: using governor menu
[    1.316168] PCCT header not found.
[    1.317261] ACPI: bus type PCI registered
[    1.324447] acpiphp: ACPI Hot Plug PCI Controller Driver version: 0.5
[    1.325730] PCI: Using configuration type 1 for base access
[    1.347041] ACPI: Added _OSI(Module Device)
[    1.353193] ACPI: Added _OSI(Processor Device)
[    1.354043] ACPI: Added _OSI(3.0 _SCP Extensions)
[    1.354892] ACPI: Added _OSI(Processor Aggregator Device)
[    1.358933] ACPI: Executed 1 blocks of module-level executable AML code
[    1.362271] ACPI: Interpreter enabled
[    1.396896] ACPI: (supports S0 S5)
[    1.410305] ACPI: Using IOAPIC for interrupt routing
[    1.429469] PCI: Using host bridge windows from ACPI; if necessary, use "pci=nocrs" and report a bug
[    1.440747] ACPI: PCI Root Bridge [PCI0] (domain 0000 [bus 00-ff])
[    1.475830] acpi PNP0A03:00: _OSC: OS supports [ASPM ClockPM Segments MSI]
[    1.476953] acpi PNP0A03:00: _OSC failed (AE_NOT_FOUND); disabling ASPM
[    1.478515] acpi PNP0A03:00: fail to add MMCONFIG information, can't access extended PCI configuration space under this bridge.
[    1.489114] PCI host bridge to bus 0000:00
[    1.497969] pci_bus 0000:00: root bus resource [io  0x0000-0x0cf7 window]
[    1.513285] pci_bus 0000:00: root bus resource [io  0x0d00-0xffff window]
[    1.539065] pci_bus 0000:00: root bus resource [mem 0x000a0000-0x000bffff window]
[    1.540476] pci_bus 0000:00: root bus resource [mem 0x40000000-0xffdfffff window]
[    1.541918] pci_bus 0000:00: root bus resource [bus 00-ff]
[    1.544248] pci 0000:00:01.1: legacy IDE quirk: reg 0x10: [io  0x01f0-0x01f7]
[    1.560181] pci 0000:00:01.1: legacy IDE quirk: reg 0x14: [io  0x03f6]
[    1.571756] pci 0000:00:01.1: legacy IDE quirk: reg 0x18: [io  0x0170-0x0177]
[    1.580397] pci 0000:00:01.1: legacy IDE quirk: reg 0x1c: [io  0x0376]
[    1.644024] ACPI: PCI Interrupt Link [LNKA] (IRQs 5 9 10 11) *0, disabled.
[    1.665577] ACPI: PCI Interrupt Link [LNKB] (IRQs 5 9 10 *11)
[    1.683149] ACPI: PCI Interrupt Link [LNKC] (IRQs 5 9 *10 11)
[    1.691325] ACPI: PCI Interrupt Link [LNKD] (IRQs 5 *9 10 11)
[    1.692917] ACPI: Enabled 2 GPEs in block 00 to 07
[    1.694642] vgaarb: setting as boot device: PCI:0000:00:02.0
[    1.696740] vgaarb: device added: PCI:0000:00:02.0,decodes=io+mem,owns=io+mem,locks=none
[    1.709334] vgaarb: loaded
[    1.712837] vgaarb: bridge control possible 0000:00:02.0
[    1.722367] SCSI subsystem initialized
[    1.723436] ACPI: bus type USB registered
[    1.724242] usbcore: registered new interface driver usbfs
[    1.725234] usbcore: registered new interface driver hub
[    1.726182] usbcore: registered new device driver usb
[    1.729320] PCI: Using ACPI for IRQ routing
[    1.755960] NetLabel: Initializing
[    1.756665] NetLabel:  domain hash size = 128
[    1.797108] NetLabel:  protocols = UNLABELED CIPSOv4
[    1.798362] NetLabel:  unlabeled traffic allowed by default
[    1.799934] amd_nb: Cannot enumerate AMD northbridges
[    1.801262] clocksource: Switched to clocksource kvm-clock
[    1.811955] AppArmor: AppArmor Filesystem Enabled
[    1.818315] pnp: PnP ACPI init
[    1.819664] pnp: PnP ACPI: found 3 devices
[  18350clksrc api_pm: mask: 0xffffff max_cycles: 0xffffff, ma_ie_: 85104 
   24972 NT:egted otolamy 

[    3.042578] TCP established hash table entries: 8192 (order: 4, 65536 bytes)
[    3.061507] TCP bind hash table entries: 8192 (order: 5, 131072 bytes)
[    3.089846] TCP: Hash tables configured (established 8192 bind 8192)
[    3.090942] UDP hash table entries: 512 (order: 2, 1638 bes)
[    3.179199] UDP-Lite hash table entries: 512 (order: 2, 16384 bytes)
[    3.180327] NET: Registered protocol family 1
[    3.181150] pci 0000:00:00.0: Limiting direct PCI/PCI transfers
[    3.182188] pci 0000:00:01.0: Activating ISA DMA hang workarounds
[    3.183845] Unpacking initramfs...
[    3.633163] Freeing initrd memory: 26448K (ffff880034c48000 - ffff88003661c000)
[    3.649749] RAPL PMU detected, API unit is 2^-32 Joules, 4 fixed counters 10737418240 ms ovfl timer
[    3.651386] hw unit of domain pp0-core 2^-0 Joules
[    3.652281] hw unit of domain package 2^-0 Joules
[    3.653158] hw unit of domain dram 2^-0 Joules
[    3.654028] hw unit of domain pp1-gpu 2^-0 Joules
[    3.654944] platform rtc_cmos: registered platform RTC device (no PNP device found)
[    3.656425] Scanning for low memory corruption every 60 seconds
[    3.657981] audit: initializing netlink subsys (disabled)
[    3.664230] audit: type=2000 audit(1510520241.286:1): initialized
[    3.665575] Initialise system trusted keyring
[    3.666678] HugeTLB registered 2 MB page size, pre-allocated 0 pages
[    3.669305] zbud: loaded
[    3.670203] VFS: Disk quotas dquot_6.6.0
[    3.671006] VFS: Dquot-cache hash table entries: 512 (order 0, 4096 bytes)
[    3.672393] squashfs: version 4.0 (2009/01/31) Phillip Lougher
[    3.673727] fuse init (API version 7.23)
[    3.694440] Key type big_key registered
[    3.727634] Allocating IMA MOK and blacklist keyrings.
[    3.780489] Key type asymmetric registered
[    3.787064] Asymmetric key parser 'x509' registered
[    3.788491] Block layer SCSI generic (bsg) driver version 0.4 loaded (major 249)
[    3.827501] io scheduler noop registered
[    3.829502] io scheduler deadline registered (default)
[    3.863663] io scheduler cfq registered
[    3.866144] pci_hotplug: PCI Hot Plug PCI Core version: 0.5
[    3.867121] pciehp: PCI Express Hot Plug Controller Driver version: 0.4
[    3.868375] ACPI: AC Adapter [AC] (on-line)
[    3.885954] input: Power Button as /devices/LNXSYSTM:00/LNXPWRBN:00/input/input0
[    3.888802] ACPI: Power Button [PWRF]
[    3.890831] input: Sleep Button as /devices/LNXSYSTM:00/LNXSLPBN:00/input/input1
[    3.892518] ACPI: Sleep Button [SLPF]
[    3.899079] GHES: HEST is not enabled!
[    3.899670] ACPI: Battery Slot [BAT0] (battery present)
[    3.903214] Serial: 8250/16550 driver, 32 ports, IRQ sharing enabled
[    3.925921] 00:02: ttyS0 at I/O 0x3f8 (irq = 4, base_baud = 115200) is a 16550A
[    3.938164] Linux agpgart interface v0.103
[    3.954188] loop: module loaded
[    3.960839] scsi host0: ata_piix
[    3.961814] scsi host1: ata_piix
[    3.962535] ata1: PATA max UDMA/33 cmd 0x1f0 ctl 0x3f6 bmdma 0xd000 irq 14
[    3.963644] ata2: PATA max UDMA/33 cmd 0x170 ctl 0x376 bmdma 0xd008 irq 15
[    3.964899] libphy: Fixed MDIO Bus: probed
[    3.965865] tun: Universal TUN/TAP device driver, 1.6
[    3.966765] tun: (C) 1999-2004 Max Krasnyansky <maxk@qualcomm.com>
[    3.967966] PPP generic driver version 2.4.2
[    3.974479] ehci_hcd: USB 2.0 'Enhanced' Host Controller (EHCI) Driver
[    3.988050] ehci-pci: EHCI PCI platform driver
[    3.988962] ehci-platform: EHCI generic platform driver
[    3.990199] ohci_hcd: USB 1.1 'Open' Host Controller (OHCI) Driver
[    4.028694] ohci-pci: OHCI PCI platform driver
[    4.038081] ohci-platform: OHCI generic platform driver
[    4.054214] uhci_hcd: USB Universal Host Controller Interface driver
[    4.055343] i8042: PNP: PS/2 Controller [PNP0303:PS2K,PNP0f03:PS2M] at 0x60,0x64 irq 1,12
[    4.057469] serio: i8042 KBD port at 0x60,0x64 irq 1
[    4.101823] serio: i8042 AUX port at 0x60,0x64 irq 12
[    4.106374] mousedev: PS/2 mouse device common for all mice
[    4.137939] input: AT Translated Set 2 keyboard as /devices/platform/i8042/serio0/input/input2
[    4.153754] rtc_cmos rtc_cmos: rtc core: registered rtc_cmos as rtc0
[    4.176674] rtc_cmos rtc_cmos: alarms up to one day, 114 bytes nvram
[    4.287365] i2c /dev entries driver
[    4.357711] device-mapper: uevent: version 1.0.3
[   3672 dvi-mppr: ioctl: 4.34.0-ioctl (2015-10-28) initialised: dm-devel@redhat.com
[    4.677576] tsc: Refined TSC clocksource calibration: 2194.149 MHz
[    4.678613] clocksource: tsc: mask: 0xffffffffffffffff max_cycles: 0x1fa09bb65a9, max_idle_ns: 440795287322 ns
[    4.680360] ledtrig-cpu: registered to indicate activity on CPUs
[    4.682004] NET: Registered protocol family 10
[    4.683070] NET: Registered protocol family 17
[    4.683908] Key type dns_resolver registered
[    4.684873] microcode: CPU0 sig=0x306d4, pf=0x40, revision=0x0
[    4.685928] microcode: CPU1 sig=0x306d4, pf=0x40, revision=0x0
[    4.687129] microcode: Microcode Update Driver: v2.01 <tigran@aivazian.fsnet.co.uk>, Peter Oruba
[    4.688857] registered taskstats version 1
[    4.705719] Loading compiled-in X.509 certificates
[    4.726972] Loaded X.509 cert 'Build time autogenerated kernel key: 01a2b0d0dba8d37a863918580fc16590a7d146c8'
[    4.731047] zswap: loaded using pool lzo/zbud
[    4.733993] Key type trusted registered
[    4.791148] Key type encrypted registered
[    4.802110] AppArmor: AppArmor sha1 policy hashing enabled
[    4.803057] ima: No TPM chip found, activating TPM-bypass!
[    4.804041] evm: HMAC attrs: 0x1
[    4.804987]   Magic number: 9:497:1003
[    4.811302] input input0: hash matches
[    4.847003] vc vcs: hash matches
[    4.847839] rtc_cmos rtc_cmos: setting system clock to 2017-11-12 20:57:18 UTC (1510520238)
[    4.854939] BIOS EDD facility v0.16 2004-Jun-25, 0 devices found
[    4.869447] EDD information not available.
[    4.871860] Freeing unused kernel memory: 1488K (ffffffff81f45000 - ffffffff820b9000)
[    4.900105] Write protecting the kernel read-only data: 14336k
[    4.907225] Freeing unused kernel memory: 1752K (ffff88000184a000 - ffff880001a00000)
[    4.935023] Freeing unused kernel memory: 112K (ffff880001de4000 - ffff880001e00000)
Loading, please wait...
starting version[    4.955215] random: systemd-udevd: uninitialized urandom read (16 bytes read, 3 bits of entropy available)
 229
[    4.956115] random: udevadm: uninitialized urandom read (16 bytes read, 3 bits of entropy available)
[    4.956155] random: udevadm: uninitialized urandom read (16 bytes read, 3 bits of entropy available)
[    4.956269] random: udevadm: uninitialized urandom read (16 bytes read, 3 bits of entropy available)
[    4.956312] random: udevadm: uninitialized urandom read (16 bytes read, 3 bits of entropy available)
[    4.956351] random: udevadm: uninitialized urandom read (16 bytes read, 3 bits of entropy available)
[    4.956394] random: udevadm: uninitialized urandom read (16 bytes read, 3 bits of entropy available)
[    4.956433] random: udevadm: uninitialized urandom read (16 bytes read, 3 bits of entropy available)
[    4.956471] random: udevadm: uninitialized urandom read (16 bytes read, 3 bits of entropy available)
[    4.956510] random: udevadm: uninitialized urandom read (16 bytes read, 3 bits of entropy available)
[    5.223280] ACPI: Video Device [GFX0] (multi-head: yes  rom: no  post: no)
[    5.234510] input: Video Bus as /devices/LNXSYSTM:00/LNXSYBUS:00/PNP0A03:00/LNXVIDEO:00/input/input4
[    5.251562] FUJITSU Extended Socket Network Device Driver - version 1.0 - Copyright (c) 2015 FUJITSU LIMITED
[    5.275847] e1000: Intel(R) PRO/1000 Network Driver - version 7.3.21-k8-NAPI
[    5.286292] e1000: Copyright (c) 1999-2006 Intel Corporation.
[    5.294939] Fusion MPT base driver 3.04.20
[    5.325947] Copyright (c) 1999-2008 LSI Corporation
[    5.332984] Fusion MPT SPI Host driver 3.04.20
[    5.358762] AVX version of gcm_enc/dec engaged.
[    5.365042] AES CTR mode by8 optimization enabled
[    5.498189] input: ImExPS/2 Generic Explorer Mouse as /devices/platform/i8042/serio1/input/input5
[    5.693579] e1000 0000:00:03.0 eth0: (PCI:33MHz:32-bit) 02:fe:ea:33:6c:e6
[    5.705763] e1000 0000:00:03.0 eth0: Intel(R) PRO/1000 Network Connection
[    5.709457] e1000 0000:00:03.0 enp0s3: renamed from eth0
[    5.718275] mptbase: ioc0: Initiating bringup
[    5.794568] ioc0: LSI53C1030 A0: Capabilities={Initiator}
[    6.350954] scsi host2: ioc0: LSI53C1030 A0, FwRev=00000000h, Ports=1, MaxQ=256, IRQ=20
[    6.693418] scsi 2:0:0:0: Direct-Access     VBOX     HARDDISK         1.0  PQ: 0 ANSI: 5
[    6.741806] scsi target2:0:0: Beginning Domain Validation
[    6.757011] scsi target2:0:0: Domain Validation skipping write tests
[    6.771874] scsi target2:0:0: Ending Domain Validation
[    6.834219] scsi target2:0:0: asynchronous
[    6.855076] scsi 2:0:1:0: Direct-Access     VBOX     HARDDISK         1.0  PQ: 0 ANSI: 5
[    7.242949] scsi target2:0:1: Beginning Domain Validation
[    7.263617] scsi target2:0:1: Domain Validation skipping write tests
[    7.264683] scsi target2:0:1: Ending Domain Validation
[    7.265643] scsi target2:0:1: asynchronous
[    7.277855] sd 2:0:0:0: Attached scsi generic sg0 type 0
[    7.334069] sd 2:0:0:0: [sda] 20971520 512-byte logical blocks: (10.7 GB/10.0 GiB)
[    7.334245] sd 2:0:1:0: Attached scsi generic sg1 type 0
[    7.334389] sd 2:0:1:0: [sdb] 20480 512-byte logical blocks: (10.5 MB/10.0 MiB)
[    7.334793] sd 2:0:1:0: [sdb] Write Protect is off
[    7.334905] sd 2:0:1:0: [sdb] Incomplete mode parameter data
[    7.334906] sd 2:0:1:0: [sdb] Assuming drive cache: write through
[    7.366470] sd 2:0:1:0: [sdb] Attached SCSI disk
[    7.468146] sd 2:0:0:0: [sda] Write Protect is off
[    7.482712] sd 2:0:0:0: [sda] Incomplete mode parameter data
[    7.483713] sd 2:0:0:0: [sda] Assuming drive cache: write through
[    7.500004]  sda: sda1
[    7.521402] sd 2:0:0:0: [sda] Attached SCSI disk
[    8.330300] floppy0: no floppy controllers found
Begin: Loading essential drivers ... [   10.000862] md: linear personality registered for level -1
[   10.006504] md: multipath personality registered for level -4
[   10.084942] md: raid0 personality registered for level 0
[   10.094693] md: raid1 personality registered for level 1
[   10.189333] raid6: sse2x1   gen()  7429 MB/s
[   10.277326] raid6: sse2x1   xor()  5127 MB/s
[   10.349327] raid6: sse2x2   gen()  9524 MB/s
[   10.425324] raid6: sse2x2   xor()  6454 MB/s
[   10.497320] raid6: sse2x4   gen() 11061 MB/s
[   10.577304] raid6: sse2x4   xor()  7706 MB/s
[   10.586093] raid6: using algorithm sse2x4 gen() 11061 MB/s
[   10.587123] raid6: .... xor() 7706 MB/s, rmw enabled
[   10.598042] raid6: using ssse3x2 recovery algorithm
[   10.609648] xor: automatically using best checksumming function:
[   10.710538]    avx       : 36233.000 MB/sec
[   10.758435] async_tx: api initialized (async)
[   10.770386] md: raid6 personality registered for level 6
[   10.800952] md: raid5 personality registered for level 5
[   10.808326] md: raid4 personality registered for level 4
[   10.815843] md: raid10 personality registered for level 10
done.
Begin: Running /scripts/init-premount ... done.
Begin: Mo[   10.876307] Btrfs loaded
unting root file system ... Begin: Running /scripts/local-top ... done.
Begin: Running /scripts/local-premount ... Scanning for Btrfs filesystems
done.
Warning: fsck not present, so skipping root file system
[   11.072853] EXT4-fs (sda1): mounted filesystem with ordered data mode. Opts: (null)
done.
Begin: Running /scripts/local-bottom ... done.
Begin: Running /scripts/init-bottom ... done.
[   11.690355] random: nonblocking pool is initialized
[   12.533123] systemd[1]: systemd 229 running in system mode. (+PAM +AUDIT +SELINUX +IMA +APPARMOR +SMACK +SYSVINIT +UTMP +LIBCRYPTSETUP +GCRYPT +GNUTLS +ACL +XZ -LZ4 +SECCOMP +BLKID +ELFUTILS +KMOD -IDN)
[   12.765830] systemd[1]: Detected virtualization oracle.
[   12.775275] systemd[1]: Detected architecture x86-64.

Welcome to [1mUbuntu 16.04.2 LTS[0m!

[   12.904925] systemd[1]: Set hostname to <ubuntu-xenial>.
[   15.138832] systemd[1]: Created slice System Slice.
[[0;32m  OK  [0m] Created slice System Slice.
[   15.151716] systemd[1]: Set up automount Arbitrary Executable File Formats File System Automount Point.
[[0;32m  OK  [0m] Set up automount Arbitrary Executab...ats File System Automount Point.
[   15.154919] systemd[1]: Listening on LVM2 metadata daemon socket.
[[0;32m  OK  [0m] Listening on LVM2 metadata daemon socket.
[   15.213468] systemd[1]: Created slice User and Session Slice.
[[0;32m  OK  [0m] Created slice User and Session Slice.
[   15.240397] systemd[1]: Started Trigger resolvconf update for networkd DNS.
[[0;32m  OK  [0m] Started Trigger resolvconf update for networkd DNS.
[   15.242785] systemd[1]: Reached target Encrypted Volumes.
[[0;32m  OK  [0m] Reached target Encrypted Volumes.
[   15.244730] systemd[1]: Reached target Slices.
[[0;32m  OK  [0m] Reached target Slices.
[   15.246581] systemd[1]: Listening on udev Kernel Socket.
[[0;32m  OK  [0m] Listening on udev Kernel Socket.
[   15.248587] systemd[1]: Listening on udev Control Socket.
[[0;32m  OK  [0m] Listening on udev Control Socket.
[   15.250639] systemd[1]: Listening on Journal Audit Socket.
[[0;32m  OK  [0m] Listening on Journal Audit Socket.
[   15.259433] systemd[1]: Listening on /dev/initctl Compatibility Named Pipe.
[[0;32m  OK  [0m] Listening on /dev/initctl Compatibility Named Pipe.
[   15.329785] systemd[1]: Reached target User and Group Name Lookups.
[[0;32m  OK  [0m] Reached target User and Group Name Lookups.
[   15.332027] systemd[1]: Listening on Syslog Socket.
[[0;32m  OK  [0m] Listening on Syslog Socket.
[   15.333866] systemd[1]: Listening on Journal Socket.
[[0;32m  OK  [0m] Listening on Journal Socket.
[   15.425726] systemd[1]: Starting Load Kernel Modules...
         Starting Load Kernel Modules...
[   15.490494] systemd[1]: Mounting POSIX Message Queue File System...
         Mounting POSIX Message Queue File System...
[   15.545498] systemd[1]: Mounting Huge Pages File System...
         Mounting Huge Pages File System...
[   15.586939] systemd[1]: Mounting Debug File System...
         Mounting Debug File System...
[   15.610561] systemd[1]: Starting Create list of required static device nodes for the current kernel...
         Starting Create list of required st... nodes for the current kernel...
[   15.669619] systemd[1]: Starting Remount Root and Kernel File Systems...
         Starting Remount Root and Kernel File Systems...
[   15.774483] systemd[1]: Starting Set console keymap...
         Starting Set console keymap...
[   15.801027] systemd[1]: Listening on Journal Socket (/dev/log).
[[0;32m  OK  [0m] Listening on Journal Socket (/dev/log).
[   15.920033] EXT4-fs (sda1): re-mounted. Opts: (null)
[   15.933652] systemd[1]: Starting Journal Service...
         Starting Journal Service...
[   16.033327] systemd[1]: Listening on Device-mapper event daemon FIFOs.
[[0;32m  OK  [0m] Listening on Device-mapper event daemon FIFOs.
[   16.036354] systemd[1]: Starting Monitoring of LVM2 mirrors, snapshots etc. using dmeventd or progress polling...
         Starting Monitoring of LVM2 mirrors... dmeventd or progress polling...
[   16.045582] systemd[1]: Started Forward Password Requests to Wall Directory Watch.
[[0;32m  OK  [0m] Started Forward Password Requests to Wall Directory Watch.
[   16.049813] systemd[1]: Reached target Swap.
[[0;32m  OK  [0m] Reached target Swap.
[   16.052228] systemd[1]: Starting Uncomplicated firewall...
[   16.117931] lp: driver loaded but no devices found
         Starting Uncomplicated firewall...
[   16.133486] systemd[1]: Created slice system-serial\x2dgetty.slice.
[[0;32m  OK  [0m] Created slice system-serial\x2dgetty.slice.
[   16.135789] systemd[1]: Listening on LVM2 poll daemon socket.
[[0;32m  OK  [0m] Listening on LVM2 poll daemon socket.
[   16.161505] systemd[1]: Started Braille Device Support.
[[0;32m  OK  [0m] Started Braille Device Support.
[   16.214279] systemd[1]: Mounted Debug File System.
[[0;32m  OK  [[   16.283964] ppdev: user-space parallel port driver
0m] Mounted Debug File System.
[   16.297509] systemd[1]: Mounted Huge Pages File System.
[[0;32m  OK  [0m] Mounted Huge Pages File System.
[   16.329339] systemd[1]: Mounted POSIX Message Queue File System.
[[0;32m  OK  [0m] Mounted POSIX Message Queue File System.
[   16.332194] systemd[1]: Started Create list of required static device nodes for the current kernel.
[[0;32m  OK  [0m] Started Create list of required sta...ce nodes for the current kernel.
[   16.361386] systemd[1]: Started Remount Root and Kernel File Systems.
[[0;32m  OK  [0m] Started Remount Root and Kernel File Systems.
[   16.371640] systemd[1]: Started Uncomplicated firewall.
[[0;32m  OK  [0m] Started Uncomplicated firewall.
[   16.453541] systemd[1]: Starting udev Coldplug all Devices...
         Starting udev Coldplug all Devices...
[   16.581678] systemd[1]: Starting Load/Save Random Seed...
         Starting Load/Save Random Seed...
[   16.598680] systemd[1]: Starting Initial cloud-init job (pre-networking)...
         Starting Initial cloud-init job (pre-networking)...
[   16.623930] systemd[1]: Starting Create Static Device Nodes in /dev...
         Starting Create Static Device Nodes in /dev...
[   16.706256] systemd[1]: Started udev Coldplug all Devices.
[[0;32m  OK  [0m] Started udev Coldplug all Devices.
[   16.775141] systemd[1]: Started Journal Service.
[[0;32m  OK  [0m] Started Journal Service.
         Starting Flush Journal to Persistent Storage...
[[0;32m  OK  [0m] Started Load/Save Random Seed.
[   16.491]oangiSCSI transport class v2.0-870.
[[0;32m  OK  [0m] Started LVM2 metadata daemon.
[   17.260011] systemd-journald[400]: Received request to flush runtime journal from PID 1
[[0;32m  OK  [0m] Started Flush Journal to Persistent Storage.
[   17.416350] iscsi: registered transport (tcp)
[[0;32m  OK  [0m] Started Set console keymap.
[[0;32m  OK  [0m] Started Monit[   17.854901] iscsi: registered transport (iser)
oring of LVM2 mirrors,...ng dmeventd or progress polling.
[[0;32m  OK  [0m] Started Load Kernel Modules.
         Starting Apply Kernel Variables...
         Mounting FUSE Control File System...
[[0;32m  OK  [0m] Mounted FUSE Control File System.
[[0;32m  OK  [0m] Started Create Static Device Nodes in /dev.
[[0;32m  OK  [0m] Started Apply Kernel Variables.
         Starting udev Kernel Device Manager...
[[0;32m  OK  [0m] Started udev Kernel Device Manager.
[[0;32m  OK  [0m] Started Dispatch Password Requests to Console Directory Watch.
[[0;32m  OK  [0m] Reached target Local File Systems (Pre).
[[0;32m  OK  [0m] Reached target Local File Systems.
         Starting LSB: AppArmor initialization...
         Starting Set console font and keymap...
         Starting Tell Plymouth To Write Out Runtime Data...
         Starting Create Volatile Files and Directories...
         Starting Clean up any mess left by 0dns-up...
[[0;32m  OK  [0m] Started Clean up any mess left by 0dns-up.
         Starting Nameserver information manager...
[[0;32m  OK  [0m] Started Tell Plymouth To Write Out Runtime Data.
[[0;32m  OK  [0m] Started Nameserver information manager.
[   20.463680] piix4_smbus 0000:00:07.0: SMBus base address uniniiaiz -upad BIOS or use force_addr=0xaddr
[[0;32m  OK  [0m] Found device /dev/ttyS0.
[[0;32m  OK  [0m] Started Create Volatile Files and Directories.
[[0;32m  OK  [0m] Reached target System Time Synchronized.
         Starting Update UTMP about System Boot/Shutdown...
[[0;32m  OK  [0m] Started Update UTMP about System Boot/Shutdown.
[   21.301342] intel_rapl: no valid rapl domains found in package 0
[[0;32m  OK  [0m] Started Set console font and keymap.
[[0;32m  OK  [0m] Found device 82540EM Gigabit Ethern...r (PRO/1000 MT Desktop Adapter).
[[0;32m  OK  [0m] Created slice system-getty.slice.
[[0;32m  OK  [0m] Listening on Load/Save RF Kill Switch Status /dev/rfkill Watch.
[[0;32m  OK  [0m] Started LSB: AppArmor initialization.
[   25.902026] cloud-init[425]: Cloud-init v. 0.7.9 running 'init-local' at Sun, 12 Nov 2017 20:57:39 +0000. Up 24.93 seconds.
[[0;32m  OK  [0m] Started Initial cloud-init job (pre-networking).
[[0;32m  OK  [0m] Reached target Network (Pre).
         Starting Raise network interfaces...
[[0;32m  OK  [0m] Started ifup for enp0s3.
[[0;32m  OK  [0m] Started Raise network interfaces.
         Starting Initial cloud-init job (metadata service crawler)...
[   28.414909] cloud-init[1079]: Cloud-init v. 0.7.9 running 'init' at Sun, 12 Nov 2017 20:57:42 +0000. Up 27.77 seconds.
[   28.440489] cloud-init[1079]: ci-info: +++++++++++++++++++++++++++++++++++++Net device info++++++++++++++++++++++++++++++++++++++
[   28.475715] cloud-init[1079]: ci-info: +--------+------+----------------------------+---------------+-------+-------------------+
[   28.475961] cloud-init[1079]: ci-info: | Device |  Up  |          Address           |      Mask     | Scope |     Hw-Address    |
[[0;32m  OK  [0m] Started Initial cloud-init job (metadata service crawler).
[   28.476148] cloud-init[1079]: ci-info: +--------+------+----------------------------+---------------+-------+-------------------+
[   28.486787] cloud-init[1079]: ci-info: | enp0s3 | True |         10.0.2.15          | 255.255.255.0 |   .   | 02:fe:ea:33:6c:e6 |
[   28.486995] cloud-init[1079]: ci-info: | enp0s3 | True | fe80::fe:eaff:fe33:6ce6/64 |       .       |  link | 02:fe:ea:33:6c:e6 |
[[0;32m  OK  [0m] Reached target Cloud-config availability.
[[   28.487135] cloud-init[1079]: ci-info: |   lo   | True |         127.0.0.1          |   255.0.0.0   |   .   |         .         |
[   28.597972] cloud-init[1079]: ci-info: |   lo   | True |          ::1/128           |       .       |  host |         .         |
[   28.598098] cloud-init[1079]: ci-info: +--------+------+----------------------------+---------------+-------+-------------------+
[   28.598256] cloud-init[1079]: ci-info: +++++++++++++++++++++++++++Route IPv4 info++++++++++++++++++++++++++++
[   28.598433] cloud-init[1079]: ci-info: +-------+-------------+----------+---------------+-----------+-------+
[   28.598582] cloud-init[1079]: ci-info: | Route | Destination | Gateway  |    Genmask    | Interface | Flags |
[   28.598732] cloud-init[1079]: ci-info: +-------+-------------+----------+---------------+-----------+-------+
[   28.598882] cloud-init[1079]: ci-info: |   0   |   0.0.0.0   | 10.0.2.2 |    0.0.0.0    |   enp0s3  |   UG  |
[   28.599030] cloud-init[1079]: ci-info: |   1   |   10.0.2.0  | 0.0.0.0  | 255.255.255.0 |   enp0s3  |   U   |
[   28.599183] cloud-init[1079]: ci-info: |   2   | 169.254.0.0 | 0.0.0.0  |  255.255.0.0  |   enp0s3  |   U   |
[   28.599331] cloud-init[1079]: ci-info: +-------+-------------+----------+---------------+-----------+-------+
[0;32m  OK  [0m] Reached target System Initialization.
[[0;32m  OK  [0m] Listening on D-Bus System Message Bus Socket.
[[0;32m  OK  [0m] Started Timer to automatically refresh installed snaps.
[[0;32m  OK  [0m] Started CUPS Scheduler.
[[0;32m  OK  [0m] Listening on CUPS Scheduler.
[[0;32m  OK  [0m] Started ACPI Events Check.
[[0;32m  OK  [0m] Reached target Paths.
[[0;32m  OK  [0m] Started Daily apt activities.
[[0;32m  OK  [0m] Listening on ACPID Listen Socket.
         Starting LXD - unix socket.
[[0;32m  OK  [0m] Listening on UUID daemon activation socket.
[[0;32m  OK  [0m] Started Daily Cleanup of Temporary Directories.
[[0;32m  OK  [0m] Reached target Timers.
         Starting Socket activation for snappy daemon.
[[0;32m  OK  [0m] Listening on Avahi mDNS/DNS-SD Stack Activation Socket.
[[0;32m  OK  [0m] Listening on LXD - unix socket.
[[0;32m  OK  [0m] Listening on Socket activation for snappy daemon.
[[0;32m  OK  [0m] Reached target Sockets.
[[0;32m  OK  [0m] Reached target Basic System.
[[0;32m  OK  [0m] Started Run anacron jobs.
         Starting Modem Manager...
         Starting Accounts Service...
         Starting LSB: Record successful boot for GRUB...
[[0;32m  OK  [0m] Started D-Bus System Message Bus.
         Starting Login Service...
         Starting Network Manager...
         Starting Avahi mDNS/DNS-SD Stack...
         Starting LXD - container startup/shutdown...
[[0;32m  OK  [0m] Started CUPS Scheduler.
         Starting Detect the available GPUs and deal with any system changes...
         Starting Restore /etc/resolv.conf i...re the ppp link was shut down...
[[0;32m  OK  [0m] Started FUSE filesystem for LXC.
         Starting System Logging Service...
[[0;32m  OK  [0m] Started ACPI event daemon.
         Starting LSB: MD monitoring daemon...
[[0;32m  OK  [0m] Started Snappy daemon.
         Starting Auto import assertions from block devices...
[[0;32m  OK  [0m] Started Regular background program processing daemon.
[[0;32m  OK  [0m] Started Deferred execution scheduler.
[[0;32m  OK  [0m] Started Restore /etc/resolv.conf if...fore the ppp link was shut down.
[[0;32m  OK  [0m] Started Auto import assertions from block devices.
[[0;32m  OK  [0m] Started Login Service.
[[0;32m  OK  [0m] Started LSB: Record successful boot for GRUB.
[[0;32m  OK  [0m] Started Avahi mDNS/DNS-SD Stack.
[[0;32m  OK  [0m] Started Make remote CUPS printers available locally.
[[0;32m  OK  [0m] Started System Logging Service.
[[0;32m  OK  [0m] Started LSB: MD monitoring daemon.
         Starting Authenticate and Authorize Users to Run Privileged Tasks...
[[0;32m  OK  [0m] Started Authenticate and Authorize Users to Run Privileged Tasks.
[[0;32m  OK  [0m] Started Accounts Service.
[[0;32m  OK  [0m] Started Detect the available GPUs and deal with any system changes.
[[0;32m  OK  [0m] Started Network Manager.
[[0;32m  OK  [0m] Reached target Network.
[[0;32m  OK  [0m] Started Unattended Upgrades Shutdown.
         Starting Network Manager Wait Online...
         Starting Network Manager Script Dispatcher Service...
[[0;32m  OK  [0m] Started Network Manager Script Dispatcher Service.
         Starting Hostname Service...
[[0;32m  OK  [0m] Started Hostname Service.
[[0;32m  OK  [0m] Started Modem Manager.
[[0;32m  OK  [0m] Started LXD - container startup/shutdown.
[[0;32m  OK  [0m] Started Network Manager Wait Online.
[[0;32m  OK  [0m] Reached target Network is Online.
         Starting Apply the settings specified in cloud-config...
         Starting OpenBSD Secure Shell server...
         Starting /etc/rc.local Compatibility...
         Starting iSCSI initiator daemon (iscsid)...
[[0;32m  OK  [0m] Started /etc/rc.local Compatibility.
[[0;32m  OK  [0m] Started iSCSI initiator daemon (iscsid).
         Starting Login to default iSCSI targets...
[[0;32m  OK  [0m] Started OpenBSD Secure Shell server.
[[0;32m  OK  [0m] Started Login to default iSCSI targets.
[[0;32m  OK  [0m] Reached target Remote File Systems (Pre).
[[0;32m  OK  [0m] Reached target Remote File Systems.
         Starting LSB: automatic crash report generation...
         Starting LSB: VirtualBox Linux Additions...
         Starting LSB: Speech Dispatcher...
         Starting LSB: daemon to balance interrupts for SMP systems...
         Starting Permit User Sessions...
         Starting LSB: Set the CPU Frequency Scaling governor to "ondemand"...
[[0;32m  OK  [0m] Started Permit User Sessions.
         Starting Light Display Manager...
         Starting Hold until boot process finishes up...
[[0;32m  OK  [0m] Started LSB: Speech Dispatcher.
[[0;32m  OK  [0m] Started LSB: Set the CPU Frequency Scaling governor to "ondemand".
[[0;32m  OK  [0m] Started Hold until boot process finishes up.
[[0;32m  OK  [0m] Started Getty on tty1.
         Starting Set console scheme...
[[0;32m  OK  [0m] Started Serial Getty on ttyS0.
[[0;32m  OK  [0m] Reached target Login Prompts.
[[0;32m  OK  [0m] Started LSB: automatic crash report generation.
[[0;32m  OK  [0m] Started Set console scheme.
[[0;32m  OK  [0m] Started LSB: daemon to balance interrupts for SMP systems.
[   38.317251] cloud-init[1260]: Cloud-init v. 0.7.9 running 'modules:config' at Sun, 12 Nov 2017 20:57:52 +0000. Up 37.85 seconds.
[[0;32m  OK  [0m] Started Apply the settings specified in cloud-config.
[[0;32m  OK  [0m] Created slice User Slice of ubuntu.
         Starting User Manager for UID 1000...
[[0;32m  OK  [0m] Started Session 1 of user ubuntu.
[[0;32m  OK  [0m] Started LSB: VirtualBox Linux Additions.
[[0;32m  OK  [0m] Started Light Display Manager.
[[0;32m  OK  [0m] Reached target Multi-User System.
[[0;32m  OK  [0m] Reached target Graphical Interface.
         Starting Execute cloud user/final scripts...
         Starting Update UTMP about System Runlevel Changes...
[[0;32m  OK  [0m] Started User Manager for UID 1000.
[[0;32m  OK  [0m] Started Update UTMP about System Runlevel Changes.
[   40.299347] cloud-init[1406]: Cloud-init v. 0.7.9 running 'modules:final' at Sun, 12 Nov 2017 20:57:54 +0000. Up 39.42 seconds.
[   40.332463] cloud-init[1406]: Cloud-init v. 0.7.9 finished at Sun, 12 Nov 2017 20:57:55 +0000. Datasource DataSourceNoCloud [seed=/dev/sdb][dsmode=net].  Up 40.29 seconds
[[0;32m  OK  [0m] Started Execute cloud user/final scripts.
[[0;32m  OK  [0m] Reached target Cloud-init target.

Ubuntu 16.04.2 LTS ubuntu-xenial ttyS0

ubuntu-xenial login: 